2021-11-10 13:17:32,945 732  [main] INFO  com.trello.android.baseutil.BaseTest - Starting the Appium Server
2021-11-10 13:17:33,186 973  [main] INFO  com.trello.android.baseutil.BaseTest - Appium Server started
2021-11-10 13:17:33,188 975  [main] INFO  com.trello.android.baseutil.BaseTest - Appium Server URL: http://127.0.0.1:4723/wd/hub
2021-11-10 13:17:33,195 982  [main] INFO  com.trello.android.baseutil.BaseTest - Folder creation for Extent
2021-11-10 13:17:33,200 987  [main] INFO  com.trello.android.baseutil.BaseTest - ExtentDir:-C:\Users\Dell\Desktop\Ashish_Appium\TrelloMobile/reports/Automation Report- 11_10_2021_13_17_33
2021-11-10 13:17:33,508 1295 [main] INFO  com.trello.android.baseutil.BaseTest - Report Initiated
2021-11-10 13:17:33,520 1307 [main] INFO  com.trello.android.baseutil.BaseTest - Screenshot folder created
2021-11-10 13:18:01,848 29635 [main] INFO  com.trello.android.baseutil.BaseTest - Wait for visibility of login button
2021-11-10 13:18:13,240 41027 [main] INFO  com.trello.android.baseutil.BaseTest - Validate login button is clickable
2021-11-10 13:18:13,696 41483 [main] INFO  com.trello.android.baseutil.BaseTest - Clicked on : login button
2021-11-10 13:18:13,709 41496 [main] INFO  com.trello.android.baseutil.BaseTest - Wait for visibility of Email Textbox
2021-11-10 13:18:18,793 46580 [main] INFO  com.trello.android.baseutil.BaseTest - ashishpiplodiya3@gmail.com is entered into Email Textbox
2021-11-10 13:18:18,794 46581 [main] INFO  com.trello.android.baseutil.BaseTest - Wait for visibility of Sign In With Google Link
2021-11-10 13:18:20,044 47831 [main] INFO  com.trello.android.baseutil.BaseTest - Validate Sign In With Google Link is clickable
2021-11-10 13:18:20,606 48393 [main] INFO  com.trello.android.baseutil.BaseTest - Clicked on : Sign In With Google Link
2021-11-10 13:18:25,956 53743 [main] INFO  com.trello.android.baseutil.BaseTest - Wait for visibility of User Account
2021-11-10 13:18:26,061 53848 [main] INFO  com.trello.android.baseutil.BaseTest - Validate User Account is clickable
2021-11-10 13:18:26,161 53948 [main] INFO  com.trello.android.baseutil.BaseTest - Clicked on : User Account
2021-11-10 13:18:26,167 53954 [main] INFO  com.trello.android.baseutil.BaseTest - Wait for visibility of Plus Icon
2021-11-10 13:18:45,573 73360 [main] INFO  com.trello.android.baseutil.BaseTest - Validate Plus Icon is clickable
2021-11-10 13:18:46,046 73833 [main] INFO  com.trello.android.baseutil.BaseTest - Clicked on : Plus Icon
2021-11-10 13:18:46,047 73834 [main] INFO  com.trello.android.baseutil.BaseTest - Wait for visibility of Boards Icon
2021-11-10 13:18:47,192 74979 [main] INFO  com.trello.android.baseutil.BaseTest - Validate Boards Icon is clickable
2021-11-10 13:18:48,180 75967 [main] INFO  com.trello.android.baseutil.BaseTest - Clicked on : Boards Icon
2021-11-10 13:18:48,181 75968 [main] INFO  com.trello.android.baseutil.BaseTest - Wait for visibility of Board Name Textbox
2021-11-10 13:18:52,288 80075 [main] INFO  com.trello.android.baseutil.BaseTest - Trello_003 is entered into Board Name Textbox
2021-11-10 13:18:52,289 80076 [main] INFO  com.trello.android.baseutil.BaseTest - Wait for visibility of Confirm Tick Mark
2021-11-10 13:18:53,531 81318 [main] INFO  com.trello.android.baseutil.BaseTest - Validate Confirm Tick Mark is clickable
2021-11-10 13:18:54,033 81820 [main] INFO  com.trello.android.baseutil.BaseTest - Clicked on : Confirm Tick Mark
2021-11-10 13:18:54,033 81820 [main] INFO  com.trello.android.baseutil.BaseTest - Wait for visibility of Board Name Text
2021-11-10 13:18:57,090 84877 [main] INFO  com.trello.android.baseutil.BaseTest - Expected Board :Trello_003 Matched with Actual Board :Trello_003
2021-11-10 13:18:57,091 84878 [main] INFO  com.trello.android.baseutil.BaseTest - Wait for visibility of Add List Button
2021-11-10 13:18:57,404 85191 [main] INFO  com.trello.android.baseutil.BaseTest - Validate Add List Button is clickable
2021-11-10 13:18:58,368 86155 [main] INFO  com.trello.android.baseutil.BaseTest - Clicked on : Add List Button
2021-11-10 13:18:58,369 86156 [main] INFO  com.trello.android.baseutil.BaseTest - Wait for visibility of List Name TextBox
2021-11-10 13:19:01,273 89060 [main] INFO  com.trello.android.baseutil.BaseTest - To Do is entered into List Name TextBox
2021-11-10 13:19:01,274 89061 [main] INFO  com.trello.android.baseutil.BaseTest - Wait for visibility of Confirm Tick Mark
2021-11-10 13:19:02,820 90607 [main] INFO  com.trello.android.baseutil.BaseTest - Validate Confirm Tick Mark is clickable
2021-11-10 13:19:03,214 91001 [main] INFO  com.trello.android.baseutil.BaseTest - Clicked on : Confirm Tick Mark
2021-11-10 13:19:04,574 92361 [main] INFO  com.trello.android.baseutil.BaseTest - Wait for visibility of Board Name Text
2021-11-10 13:19:04,727 92514 [main] INFO  com.trello.android.baseutil.BaseTest - Expected List :To Do Matched with Actual List :To Do
2021-11-10 13:19:04,823 92610 [main] INFO  com.trello.android.baseutil.BaseTest - Wait for visibility of Add Card Button
2021-11-10 13:19:04,961 92748 [main] INFO  com.trello.android.baseutil.BaseTest - Validate Add Card Button is clickable
2021-11-10 13:19:05,059 92846 [main] INFO  com.trello.android.baseutil.BaseTest - Clicked on : Add Card Button
2021-11-10 13:19:06,620 94407 [main] INFO  com.trello.android.baseutil.BaseTest - Wait for visibility of Card Name TextBox
2021-11-10 13:19:08,201 95988 [main] INFO  com.trello.android.baseutil.BaseTest - Pages Distribution is entered into Card Name TextBox
2021-11-10 13:19:08,202 95989 [main] INFO  com.trello.android.baseutil.BaseTest - Wait for visibility of Confirm Tick Mark
2021-11-10 13:19:09,270 97057 [main] INFO  com.trello.android.baseutil.BaseTest - Validate Confirm Tick Mark is clickable
2021-11-10 13:19:09,590 97377 [main] INFO  com.trello.android.baseutil.BaseTest - Clicked on : Confirm Tick Mark
2021-11-10 13:19:12,732 100519 [main] INFO  com.trello.android.baseutil.BaseTest - Wait for visibility of Card Name Text
2021-11-10 13:19:12,943 100730 [main] INFO  com.trello.android.baseutil.BaseTest - Expected Card :Pages Distribution Matched with Actual Card :Pages Distribution
2021-11-10 13:19:13,083 100870 [main] INFO  com.trello.android.baseutil.BaseTest - Wait for visibility of Card Name
2021-11-10 13:19:13,291 101078 [main] INFO  com.trello.android.baseutil.BaseTest - Validate Card Name  is clickable
2021-11-10 13:19:13,436 101223 [main] INFO  com.trello.android.baseutil.BaseTest - Clicked on : Card Name 
2021-11-10 13:19:16,567 104354 [main] INFO  com.trello.android.baseutil.BaseTest - Wait for visibility of Add Checklist Button
2021-11-10 13:19:17,059 104846 [main] INFO  com.trello.android.baseutil.BaseTest - Validate Add Checklist Button is clickable
2021-11-10 13:19:17,166 104953 [main] INFO  com.trello.android.baseutil.BaseTest - Clicked on : Add Checklist Button
2021-11-10 13:19:17,167 104954 [main] INFO  com.trello.android.baseutil.BaseTest - Wait for visibility of Add Item Text Field
2021-11-10 13:19:21,547 109334 [main] INFO  com.trello.android.baseutil.BaseTest - Trello Project is entered into Add Item Text Field
2021-11-10 13:19:21,548 109335 [main] INFO  com.trello.android.baseutil.BaseTest - Wait for visibility of Accept Icon
2021-11-10 13:19:22,841 110628 [main] INFO  com.trello.android.baseutil.BaseTest - Validate Accept Icon is clickable
2021-11-10 13:19:23,553 111340 [main] INFO  com.trello.android.baseutil.BaseTest - Clicked on : Accept Icon
2021-11-10 13:19:23,554 111341 [main] INFO  com.trello.android.baseutil.BaseTest - Wait for visibility of Reject Icon
2021-11-10 13:19:25,483 113270 [main] INFO  com.trello.android.baseutil.BaseTest - Validate Reject Icon is clickable
2021-11-10 13:19:26,188 113975 [main] INFO  com.trello.android.baseutil.BaseTest - Clicked on : Reject Icon
2021-11-10 13:19:26,189 113976 [main] INFO  com.trello.android.baseutil.BaseTest - Wait for visibility of Close Icon
2021-11-10 13:19:28,928 116715 [main] INFO  com.trello.android.baseutil.BaseTest - Validate Close Icon is clickable
2021-11-10 13:19:29,696 117483 [main] INFO  com.trello.android.baseutil.BaseTest - Clicked on : Close Icon
2021-11-10 13:19:29,697 117484 [main] INFO  com.trello.android.baseutil.BaseTest - Wait for visibility of Add List Button
2021-11-10 13:19:30,628 118415 [main] INFO  com.trello.android.baseutil.BaseTest - Validate Add List Button is clickable
2021-11-10 13:19:31,266 119053 [main] INFO  com.trello.android.baseutil.BaseTest - Clicked on : Add List Button
2021-11-10 13:19:31,267 119054 [main] INFO  com.trello.android.baseutil.BaseTest - Wait for visibility of List Name TextBox
2021-11-10 13:19:34,621 122408 [main] INFO  com.trello.android.baseutil.BaseTest - Doing is entered into List Name TextBox
2021-11-10 13:19:34,622 122409 [main] INFO  com.trello.android.baseutil.BaseTest - Wait for visibility of Confirm Tick Mark
2021-11-10 13:19:35,773 123560 [main] INFO  com.trello.android.baseutil.BaseTest - Validate Confirm Tick Mark is clickable
2021-11-10 13:19:36,200 123987 [main] INFO  com.trello.android.baseutil.BaseTest - Clicked on : Confirm Tick Mark
2021-11-10 13:19:37,749 125536 [main] INFO  com.trello.android.baseutil.BaseTest - Wait for visibility of Board Name Text
2021-11-10 13:19:37,978 125765 [main] INFO  com.trello.android.baseutil.BaseTest - Expected List :Doing Matched with Actual List :Doing
2021-11-10 13:19:38,562 126349 [main] INFO  com.trello.android.baseutil.BaseTest - Wait for visibility of Element To Drag
2021-11-10 13:19:38,727 126514 [main] INFO  com.trello.android.baseutil.BaseTest - Wait for visibility of Element To Drop
2021-11-10 13:19:47,559 135346 [main] INFO  com.trello.android.baseutil.BaseTest - Drag and Drop Completed
2021-11-10 13:19:48,707 136494 [main] INFO  com.trello.android.baseutil.BaseTest - Wait for visibility of List Name
2021-11-10 13:19:49,620 137407 [main] INFO  com.trello.android.baseutil.BaseTest - Drag Card : Pages Distribution And Drop To : Doing List Successfully
2021-11-10 13:19:49,621 137408 [main] INFO  com.trello.android.baseutil.BaseTest - Wait for visibility of Add List Button
2021-11-10 13:19:50,162 137949 [main] INFO  com.trello.android.baseutil.BaseTest - Validate Add List Button is clickable
2021-11-10 13:19:50,797 138584 [main] INFO  com.trello.android.baseutil.BaseTest - Clicked on : Add List Button
2021-11-10 13:19:50,798 138585 [main] INFO  com.trello.android.baseutil.BaseTest - Wait for visibility of List Name TextBox
2021-11-10 13:19:54,527 142314 [main] INFO  com.trello.android.baseutil.BaseTest - Done is entered into List Name TextBox
2021-11-10 13:19:54,528 142315 [main] INFO  com.trello.android.baseutil.BaseTest - Wait for visibility of Confirm Tick Mark
2021-11-10 13:19:55,652 143439 [main] INFO  com.trello.android.baseutil.BaseTest - Validate Confirm Tick Mark is clickable
2021-11-10 13:19:56,518 144305 [main] INFO  com.trello.android.baseutil.BaseTest - Clicked on : Confirm Tick Mark
2021-11-10 13:19:56,616 144403 [main] INFO  com.trello.android.baseutil.BaseTest - Wait for visibility of Board Name Text
2021-11-10 13:19:58,675 146462 [main] INFO  com.trello.android.baseutil.BaseTest - Expected List :Done Matched with Actual List :Done
2021-11-10 13:19:58,794 146581 [main] INFO  com.trello.android.baseutil.BaseTest - Wait for visibility of Element To Drag
2021-11-10 13:19:59,004 146791 [main] INFO  com.trello.android.baseutil.BaseTest - Wait for visibility of Element To Drop
2021-11-10 13:20:07,862 155649 [main] INFO  com.trello.android.baseutil.BaseTest - Drag and Drop Completed
2021-11-10 13:20:08,923 156710 [main] INFO  com.trello.android.baseutil.BaseTest - Wait for visibility of List Name
2021-11-10 13:20:09,890 157677 [main] INFO  com.trello.android.baseutil.BaseTest - Drag Card : Pages Distribution And Drop To : Done List Successfully
2021-11-10 13:20:09,891 157678 [main] INFO  com.trello.android.baseutil.BaseTest - Wait for visibility of List Actions Board
2021-11-10 13:20:10,211 157998 [main] INFO  com.trello.android.baseutil.BaseTest - Validate List Actions Board is clickable
2021-11-10 13:20:10,679 158466 [main] INFO  com.trello.android.baseutil.BaseTest - Clicked on : List Actions Board
2021-11-10 13:20:10,680 158467 [main] INFO  com.trello.android.baseutil.BaseTest - Wait for visibility of Boards Settings
2021-11-10 13:20:12,188 159975 [main] INFO  com.trello.android.baseutil.BaseTest - Validate Boards Settings is clickable
2021-11-10 13:20:13,049 160836 [main] INFO  com.trello.android.baseutil.BaseTest - Clicked on : Boards Settings
2021-11-10 13:20:13,049 160836 [main] INFO  com.trello.android.baseutil.BaseTest - Scroll till the Close Boards
2021-11-10 13:20:17,919 165706 [main] INFO  com.trello.android.baseutil.BaseTest - Scroll till the Close Boards completed
2021-11-10 13:20:17,920 165707 [main] INFO  com.trello.android.baseutil.BaseTest - Wait for visibility of Close Boards
2021-11-10 13:20:19,361 167148 [main] INFO  com.trello.android.baseutil.BaseTest - Validate Close Boards is clickable
2021-11-10 13:20:20,332 168119 [main] INFO  com.trello.android.baseutil.BaseTest - Clicked on : Close Boards
2021-11-10 13:20:21,529 169316 [main] INFO  com.trello.android.baseutil.BaseTest - Wait for visibility of This board is closed text
2021-11-10 13:20:21,634 169421 [main] INFO  com.trello.android.baseutil.BaseTest - Validate This board is closed text is displayed
2021-11-10 13:20:21,670 169457 [main] INFO  com.trello.android.baseutil.BaseTest - This board is closed text is displayed
2021-11-10 13:20:21,671 169458 [main] INFO  com.trello.android.baseutil.BaseTest - Wait for visibility of Back Button
2021-11-10 13:20:21,927 169714 [main] INFO  com.trello.android.baseutil.BaseTest - Validate Back Button is clickable
2021-11-10 13:20:22,315 170102 [main] INFO  com.trello.android.baseutil.BaseTest - Clicked on : Back Button
2021-11-10 13:20:22,316 170103 [main] INFO  com.trello.android.baseutil.BaseTest - Wait for visibility of Menu Icon
2021-11-10 13:20:24,379 172166 [main] INFO  com.trello.android.baseutil.BaseTest - Validate Menu Icon is clickable
2021-11-10 13:20:24,868 172655 [main] INFO  com.trello.android.baseutil.BaseTest - Clicked on : Menu Icon
2021-11-10 13:20:24,869 172656 [main] INFO  com.trello.android.baseutil.BaseTest - Wait for visibility of Home Link
2021-11-10 13:20:26,223 174010 [main] INFO  com.trello.android.baseutil.BaseTest - Validate Home Link is clickable
2021-11-10 13:20:26,873 174660 [main] INFO  com.trello.android.baseutil.BaseTest - Clicked on : Home Link
2021-11-10 13:20:26,874 174661 [main] INFO  com.trello.android.baseutil.BaseTest - Wait for visibility of Menu Icon
2021-11-10 13:20:30,231 178018 [main] INFO  com.trello.android.baseutil.BaseTest - Validate Menu Icon is clickable
2021-11-10 13:20:30,771 178558 [main] INFO  com.trello.android.baseutil.BaseTest - Clicked on : Menu Icon
2021-11-10 13:20:31,915 179702 [main] INFO  com.trello.android.baseutil.BaseTest - Wait for visibility of Workspace Name Link
2021-11-10 13:20:32,138 179925 [main] INFO  com.trello.android.baseutil.BaseTest - Validate Workspace Name Link is clickable
2021-11-10 13:20:32,222 180009 [main] INFO  com.trello.android.baseutil.BaseTest - Clicked on : Workspace Name Link
2021-11-10 13:20:32,223 180010 [main] INFO  com.trello.android.baseutil.BaseTest - Scroll till the Board under Closed Board
2021-11-10 13:20:33,887 181674 [main] INFO  com.trello.android.baseutil.BaseTest - Scroll till the Board under Closed Board completed
2021-11-10 13:20:33,992 181779 [main] INFO  com.trello.android.baseutil.BaseTest - Wait for visibility of Board under Closed Board
2021-11-10 13:20:35,157 182944 [main] INFO  com.trello.android.baseutil.BaseTest - Validate Board under Closed Board is clickable
2021-11-10 13:20:35,286 183073 [main] INFO  com.trello.android.baseutil.BaseTest - Clicked on : Board under Closed Board
2021-11-10 13:20:35,287 183074 [main] INFO  com.trello.android.baseutil.BaseTest - Wait for visibility of Reopen Boards
2021-11-10 13:20:43,278 191065 [main] INFO  com.trello.android.baseutil.BaseTest - Validate Reopen Boards is clickable
2021-11-10 13:20:43,647 191434 [main] INFO  com.trello.android.baseutil.BaseTest - Clicked on : Reopen Boards
2021-11-10 13:20:43,648 191435 [main] INFO  com.trello.android.baseutil.BaseTest - Wait for visibility of Board Name Text
2021-11-10 13:20:47,102 194889 [main] INFO  com.trello.android.baseutil.BaseTest - Expected Board :Trello_003 Matched with Actual Board :Trello_003
2021-11-10 13:20:47,103 194890 [main] INFO  com.trello.android.baseutil.BaseTest - Wait for visibility of List Actions Board
2021-11-10 13:20:47,398 195185 [main] INFO  com.trello.android.baseutil.BaseTest - Validate List Actions Board is clickable
2021-11-10 13:20:47,796 195583 [main] INFO  com.trello.android.baseutil.BaseTest - Clicked on : List Actions Board
2021-11-10 13:20:47,797 195584 [main] INFO  com.trello.android.baseutil.BaseTest - Wait for visibility of Boards Settings
2021-11-10 13:20:49,773 197560 [main] INFO  com.trello.android.baseutil.BaseTest - Validate Boards Settings is clickable
2021-11-10 13:20:50,964 198751 [main] INFO  com.trello.android.baseutil.BaseTest - Clicked on : Boards Settings
2021-11-10 13:20:50,965 198752 [main] INFO  com.trello.android.baseutil.BaseTest - Scroll till the Close Boards
2021-11-10 13:20:55,801 203588 [main] INFO  com.trello.android.baseutil.BaseTest - Scroll till the Close Boards completed
2021-11-10 13:20:55,801 203588 [main] INFO  com.trello.android.baseutil.BaseTest - Wait for visibility of Close Boards
2021-11-10 13:20:57,277 205064 [main] INFO  com.trello.android.baseutil.BaseTest - Validate Close Boards is clickable
2021-11-10 13:20:58,335 206122 [main] INFO  com.trello.android.baseutil.BaseTest - Clicked on : Close Boards
2021-11-10 13:20:59,501 207288 [main] INFO  com.trello.android.baseutil.BaseTest - Wait for visibility of This board is closed text
2021-11-10 13:20:59,613 207400 [main] INFO  com.trello.android.baseutil.BaseTest - Validate This board is closed text is displayed
2021-11-10 13:20:59,649 207436 [main] INFO  com.trello.android.baseutil.BaseTest - This board is closed text is displayed
2021-11-10 13:20:59,650 207437 [main] INFO  com.trello.android.baseutil.BaseTest - Wait for visibility of Back Button
2021-11-10 13:20:59,941 207728 [main] INFO  com.trello.android.baseutil.BaseTest - Validate Back Button is clickable
2021-11-10 13:21:00,288 208075 [main] INFO  com.trello.android.baseutil.BaseTest - Clicked on : Back Button
2021-11-10 13:21:00,288 208075 [main] INFO  com.trello.android.baseutil.BaseTest - Wait for visibility of Menu Icon
2021-11-10 13:21:03,016 210803 [main] INFO  com.trello.android.baseutil.BaseTest - Validate Menu Icon is clickable
2021-11-10 13:21:03,829 211616 [main] INFO  com.trello.android.baseutil.BaseTest - Clicked on : Menu Icon
2021-11-10 13:21:03,830 211617 [main] INFO  com.trello.android.baseutil.BaseTest - Scroll till the Settings Link
2021-11-10 13:21:04,972 212759 [main] INFO  com.trello.android.baseutil.BaseTest - Scroll till the Settings Link completed
2021-11-10 13:21:04,973 212760 [main] INFO  com.trello.android.baseutil.BaseTest - Wait for visibility of Settings Link
2021-11-10 13:21:05,695 213482 [main] INFO  com.trello.android.baseutil.BaseTest - Validate Settings Link is clickable
2021-11-10 13:21:06,618 214405 [main] INFO  com.trello.android.baseutil.BaseTest - Clicked on : Settings Link
2021-11-10 13:21:06,619 214406 [main] INFO  com.trello.android.baseutil.BaseTest - Scroll till the Settings Link
2021-11-10 13:21:13,520 221307 [main] INFO  com.trello.android.baseutil.BaseTest - Scroll till the Settings Link completed
2021-11-10 13:21:13,521 221308 [main] INFO  com.trello.android.baseutil.BaseTest - Wait for visibility of logout Link
2021-11-10 13:21:14,039 221826 [main] INFO  com.trello.android.baseutil.BaseTest - Validate logout Link is clickable
2021-11-10 13:21:14,624 222411 [main] INFO  com.trello.android.baseutil.BaseTest - Clicked on : logout Link
2021-11-10 13:21:17,641 225428 [main] INFO  com.trello.android.baseutil.BaseTest - Appium server stopped
