2021-11-09 23:56:59,254 619  [main] INFO  com.trello.android.baseutil.BaseTest - Starting the Appium Server
2021-11-09 23:56:59,428 793  [main] INFO  com.trello.android.baseutil.BaseTest - Appium Server started
2021-11-09 23:56:59,428 793  [main] INFO  com.trello.android.baseutil.BaseTest - Appium Server URL: http://127.0.0.1:4723/wd/hub
2021-11-09 23:56:59,434 799  [main] INFO  com.trello.android.baseutil.BaseTest - Folder creation for Extent
2021-11-09 23:56:59,441 806  [main] INFO  com.trello.android.baseutil.BaseTest - ExtentDir:-C:\Users\Dell\Desktop\Ashish_Appium\TrelloMobile/reports/Automation Report- 11_09_2021_23_56_59
2021-11-09 23:56:59,687 1052 [main] INFO  com.trello.android.baseutil.BaseTest - Report Initiated
2021-11-09 23:56:59,699 1064 [main] INFO  com.trello.android.baseutil.BaseTest - Screenshot folder created
2021-11-09 23:57:26,192 27557 [main] INFO  com.trello.android.baseutil.BaseTest - Wait for visibility of Plus Icon
2021-11-09 23:57:27,813 29178 [main] INFO  com.trello.android.baseutil.BaseTest - Validate Plus Icon is clickable
2021-11-09 23:57:29,035 30400 [main] INFO  com.trello.android.baseutil.BaseTest - Clicked on : Plus Icon
2021-11-09 23:57:29,053 30418 [main] INFO  com.trello.android.baseutil.BaseTest - Wait for visibility of Boards Icon
2021-11-09 23:57:30,720 32085 [main] INFO  com.trello.android.baseutil.BaseTest - Validate Boards Icon is clickable
2021-11-09 23:57:31,796 33161 [main] INFO  com.trello.android.baseutil.BaseTest - Clicked on : Boards Icon
2021-11-09 23:57:31,798 33163 [main] INFO  com.trello.android.baseutil.BaseTest - Wait for visibility of Board Name Textbox
2021-11-09 23:57:40,809 42174 [main] INFO  com.trello.android.baseutil.BaseTest - Trello_001 is entered into Board Name Textbox
2021-11-09 23:57:40,810 42175 [main] INFO  com.trello.android.baseutil.BaseTest - Wait for visibility of Confirm Tick Mark
2021-11-09 23:57:42,155 43520 [main] INFO  com.trello.android.baseutil.BaseTest - Validate Confirm Tick Mark is clickable
2021-11-09 23:57:42,893 44258 [main] INFO  com.trello.android.baseutil.BaseTest - Clicked on : Confirm Tick Mark
2021-11-09 23:57:42,894 44259 [main] INFO  com.trello.android.baseutil.BaseTest - Wait for visibility of Board Name Text
2021-11-09 23:57:54,473 55838 [main] INFO  com.trello.android.baseutil.BaseTest - Expected Board :Trello_001 Matched with Actual Board :Trello_001
2021-11-09 23:57:54,480 55845 [main] INFO  com.trello.android.baseutil.BaseTest - Wait for visibility of Add List Button
2021-11-09 23:57:56,956 58321 [main] INFO  com.trello.android.baseutil.BaseTest - Validate Add List Button is clickable
2021-11-09 23:57:57,628 58993 [main] INFO  com.trello.android.baseutil.BaseTest - Clicked on : Add List Button
2021-11-09 23:57:57,629 58994 [main] INFO  com.trello.android.baseutil.BaseTest - Wait for visibility of List Name TextBox
2021-11-09 23:58:00,372 61737 [main] INFO  com.trello.android.baseutil.BaseTest - To Do is entered into List Name TextBox
2021-11-09 23:58:00,372 61737 [main] INFO  com.trello.android.baseutil.BaseTest - Wait for visibility of Confirm Tick Mark
2021-11-09 23:58:01,734 63099 [main] INFO  com.trello.android.baseutil.BaseTest - Validate Confirm Tick Mark is clickable
2021-11-09 23:58:02,228 63593 [main] INFO  com.trello.android.baseutil.BaseTest - Clicked on : Confirm Tick Mark
2021-11-09 23:58:02,861 64226 [main] INFO  com.trello.android.baseutil.BaseTest - Wait for visibility of Board Name Text
2021-11-09 23:58:04,730 66095 [main] INFO  com.trello.android.baseutil.BaseTest - Expected List :To Do Matched with Actual List :To Do
2021-11-09 23:58:04,841 66206 [main] INFO  com.trello.android.baseutil.BaseTest - Wait for visibility of Add Card Button
2021-11-09 23:58:05,020 66385 [main] INFO  com.trello.android.baseutil.BaseTest - Validate Add Card Button is clickable
2021-11-09 23:58:05,218 66583 [main] INFO  com.trello.android.baseutil.BaseTest - Clicked on : Add Card Button
2021-11-09 23:58:06,674 68039 [main] INFO  com.trello.android.baseutil.BaseTest - Wait for visibility of Card Name TextBox
2021-11-09 23:58:07,174 68539 [main] INFO  com.trello.android.baseutil.BaseTest - TestCase Writing is entered into Card Name TextBox
2021-11-09 23:58:07,175 68540 [main] INFO  com.trello.android.baseutil.BaseTest - Wait for visibility of Confirm Tick Mark
2021-11-09 23:58:08,003 69368 [main] INFO  com.trello.android.baseutil.BaseTest - Validate Confirm Tick Mark is clickable
2021-11-09 23:58:08,440 69805 [main] INFO  com.trello.android.baseutil.BaseTest - Clicked on : Confirm Tick Mark
2021-11-09 23:58:11,547 72912 [main] INFO  com.trello.android.baseutil.BaseTest - Wait for visibility of Card Name Text
2021-11-09 23:58:11,786 73151 [main] INFO  com.trello.android.baseutil.BaseTest - Expected Card :TestCase Writing Matched with Actual Card :TestCase Writing
2021-11-09 23:58:11,898 73263 [main] INFO  com.trello.android.baseutil.BaseTest - Wait for visibility of Card Name
2021-11-09 23:58:12,050 73415 [main] INFO  com.trello.android.baseutil.BaseTest - Validate Card Name  is clickable
2021-11-09 23:58:12,270 73635 [main] INFO  com.trello.android.baseutil.BaseTest - Clicked on : Card Name 
2021-11-09 23:58:16,745 78110 [main] INFO  com.trello.android.baseutil.BaseTest - Wait for visibility of Add Checklist Button
2021-11-09 23:58:16,943 78308 [main] INFO  com.trello.android.baseutil.BaseTest - Validate Add Checklist Button is clickable
2021-11-09 23:58:17,066 78431 [main] INFO  com.trello.android.baseutil.BaseTest - Clicked on : Add Checklist Button
2021-11-09 23:58:17,067 78432 [main] INFO  com.trello.android.baseutil.BaseTest - Wait for visibility of Add Item Text Field
2021-11-09 23:58:22,090 83455 [main] INFO  com.trello.android.baseutil.BaseTest - Trello Project is entered into Add Item Text Field
2021-11-09 23:58:22,091 83456 [main] INFO  com.trello.android.baseutil.BaseTest - Wait for visibility of Accept Icon
2021-11-09 23:58:23,640 85005 [main] INFO  com.trello.android.baseutil.BaseTest - Validate Accept Icon is clickable
2021-11-09 23:58:24,176 85541 [main] INFO  com.trello.android.baseutil.BaseTest - Clicked on : Accept Icon
2021-11-09 23:58:24,177 85542 [main] INFO  com.trello.android.baseutil.BaseTest - Wait for visibility of Reject Icon
2021-11-09 23:58:26,683 88048 [main] INFO  com.trello.android.baseutil.BaseTest - Validate Reject Icon is clickable
2021-11-09 23:58:27,820 89185 [main] INFO  com.trello.android.baseutil.BaseTest - Clicked on : Reject Icon
2021-11-09 23:58:27,821 89186 [main] INFO  com.trello.android.baseutil.BaseTest - Wait for visibility of Close Icon
2021-11-09 23:58:29,931 91296 [main] INFO  com.trello.android.baseutil.BaseTest - Validate Close Icon is clickable
2021-11-09 23:58:30,553 91918 [main] INFO  com.trello.android.baseutil.BaseTest - Clicked on : Close Icon
2021-11-09 23:58:30,553 91918 [main] INFO  com.trello.android.baseutil.BaseTest - Wait for visibility of Add List Button
2021-11-09 23:58:31,645 93010 [main] INFO  com.trello.android.baseutil.BaseTest - Validate Add List Button is clickable
2021-11-09 23:58:32,180 93545 [main] INFO  com.trello.android.baseutil.BaseTest - Clicked on : Add List Button
2021-11-09 23:58:32,181 93546 [main] INFO  com.trello.android.baseutil.BaseTest - Wait for visibility of List Name TextBox
2021-11-09 23:58:34,459 95824 [main] INFO  com.trello.android.baseutil.BaseTest - Doing is entered into List Name TextBox
2021-11-09 23:58:34,460 95825 [main] INFO  com.trello.android.baseutil.BaseTest - Wait for visibility of Confirm Tick Mark
2021-11-09 23:58:35,224 96589 [main] INFO  com.trello.android.baseutil.BaseTest - Validate Confirm Tick Mark is clickable
2021-11-09 23:58:35,651 97016 [main] INFO  com.trello.android.baseutil.BaseTest - Clicked on : Confirm Tick Mark
2021-11-09 23:58:37,486 98851 [main] INFO  com.trello.android.baseutil.BaseTest - Wait for visibility of Board Name Text
2021-11-09 23:58:38,115 99480 [main] INFO  com.trello.android.baseutil.BaseTest - Expected List :Doing Matched with Actual List :Doing
2021-11-09 23:58:38,210 99575 [main] INFO  com.trello.android.baseutil.BaseTest - Wait for visibility of Element To Drag
2021-11-09 23:58:38,366 99731 [main] INFO  com.trello.android.baseutil.BaseTest - Wait for visibility of Element To Drop
2021-11-09 23:58:50,085 111450 [main] INFO  com.trello.android.baseutil.BaseTest - Drag and Drop Completed
2021-11-09 23:58:50,086 111451 [main] INFO  com.trello.android.baseutil.BaseTest - Wait for visibility of List Actions Board
2021-11-09 23:58:50,875 112240 [main] INFO  com.trello.android.baseutil.BaseTest - Validate List Actions Board is clickable
2021-11-09 23:58:51,226 112591 [main] INFO  com.trello.android.baseutil.BaseTest - Clicked on : List Actions Board
2021-11-09 23:58:51,226 112591 [main] INFO  com.trello.android.baseutil.BaseTest - Wait for visibility of Boards Settings
2021-11-09 23:58:52,761 114126 [main] INFO  com.trello.android.baseutil.BaseTest - Validate Boards Settings is clickable
2021-11-09 23:58:54,840 116205 [main] INFO  com.trello.android.baseutil.BaseTest - Clicked on : Boards Settings
2021-11-09 23:58:54,841 116206 [main] INFO  com.trello.android.baseutil.BaseTest - Scroll till the Close Boards
2021-11-09 23:59:07,221 128586 [main] INFO  com.trello.android.baseutil.BaseTest - Scroll till the Close Boards completed
2021-11-09 23:59:07,227 128592 [main] INFO  com.trello.android.baseutil.BaseTest - Wait for visibility of Close Boards
2021-11-09 23:59:07,978 129343 [main] INFO  com.trello.android.baseutil.BaseTest - Validate Close Boards is clickable
2021-11-09 23:59:08,791 130156 [main] INFO  com.trello.android.baseutil.BaseTest - Clicked on : Close Boards
2021-11-09 23:59:14,004 135369 [main] ERROR com.trello.android.baseutil.BaseTest - An element could not be located on the page using the given search parameters.
For documentation on this error, please visit: https://www.seleniumhq.org/exceptions/no_such_element.html
Build info: version: '3.141.59', revision: 'e82be7d358', time: '2018-11-14T08:17:03'
System info: host: 'DESKTOP-E80DE1T', ip: '100.71.70.125', os.name: 'Windows 10', os.arch: 'amd64', os.version: '10.0', java.version: '15.0.2'
Driver info: io.appium.java_client.android.AndroidDriver
Capabilities {appActivity: home.HomeActivity, appPackage: com.trello, databaseEnabled: false, desired: {appActivity: home.HomeActivity, appPackage: com.trello, deviceName: Android, fullReset: false, noReset: true, platformName: android}, deviceApiLevel: 28, deviceManufacturer: Google, deviceModel: AOSP on IA Emulator, deviceName: emulator-5554, deviceScreenDensity: 320, deviceScreenSize: 768x1280, deviceUDID: emulator-5554, fullReset: false, javascriptEnabled: true, locationContextEnabled: false, networkConnectionEnabled: true, noReset: true, pixelRatio: 2, platform: LINUX, platformName: Android, platformVersion: 9, statBarHeight: 48, takesScreenshot: true, viewportRect: {height: 1136, left: 0, top: 48, width: 768}, warnings: {}, webStorageEnabled: false}
Session ID: c4c39d0a-8db3-4f01-867f-46d7469dc134
*** Element info: {Using=xpath, value=//android.widget.TextView[@text='TestCase Writing']/ancestor::android.widget.FrameLayout[@resource-id='com.trello:id/content_view_wrapper']/descendant::android.widget.TextView[@text='This board is closed.']}
