2021-11-10 12:18:22,470 619  [main] INFO  com.trello.android.baseutil.BaseTest - Starting the Appium Server
2021-11-10 12:18:22,658 807  [main] INFO  com.trello.android.baseutil.BaseTest - Appium Server started
2021-11-10 12:18:22,658 807  [main] INFO  com.trello.android.baseutil.BaseTest - Appium Server URL: http://127.0.0.1:4723/wd/hub
2021-11-10 12:18:22,664 813  [main] INFO  com.trello.android.baseutil.BaseTest - Folder creation for Extent
2021-11-10 12:18:22,668 817  [main] INFO  com.trello.android.baseutil.BaseTest - ExtentDir:-C:\Users\Dell\Desktop\Ashish_Appium\TrelloMobile/reports/Automation Report- 11_10_2021_12_18_22
2021-11-10 12:18:22,935 1084 [main] INFO  com.trello.android.baseutil.BaseTest - Report Initiated
2021-11-10 12:18:22,936 1085 [main] INFO  com.trello.android.baseutil.BaseTest - Screenshot folder created
2021-11-10 12:18:55,162 33311 [main] INFO  com.trello.android.baseutil.BaseTest - Wait for visibility of login button
2021-11-10 12:18:56,063 34212 [main] INFO  com.trello.android.baseutil.BaseTest - Validate login button is clickable
2021-11-10 12:18:56,554 34703 [main] INFO  com.trello.android.baseutil.BaseTest - Clicked on : login button
2021-11-10 12:18:56,565 34714 [main] INFO  com.trello.android.baseutil.BaseTest - Wait for visibility of Email Textbox
2021-11-10 12:19:00,376 38525 [main] INFO  com.trello.android.baseutil.BaseTest - ashishpiplodiya3@gmail.com is entered into Email Textbox
2021-11-10 12:19:00,377 38526 [main] INFO  com.trello.android.baseutil.BaseTest - Wait for visibility of Sign In With Google Link
2021-11-10 12:19:01,675 39824 [main] INFO  com.trello.android.baseutil.BaseTest - Validate Sign In With Google Link is clickable
2021-11-10 12:19:02,239 40388 [main] INFO  com.trello.android.baseutil.BaseTest - Clicked on : Sign In With Google Link
2021-11-10 12:19:07,705 45854 [main] INFO  com.trello.android.baseutil.BaseTest - Wait for visibility of User Account
2021-11-10 12:19:08,313 46462 [main] INFO  com.trello.android.baseutil.BaseTest - Validate User Account is clickable
2021-11-10 12:19:08,956 47105 [main] INFO  com.trello.android.baseutil.BaseTest - Clicked on : User Account
2021-11-10 12:19:08,961 47110 [main] INFO  com.trello.android.baseutil.BaseTest - Wait for visibility of Plus Icon
2021-11-10 12:19:17,280 55429 [main] INFO  com.trello.android.baseutil.BaseTest - Validate Plus Icon is clickable
2021-11-10 12:19:18,457 56606 [main] INFO  com.trello.android.baseutil.BaseTest - Clicked on : Plus Icon
2021-11-10 12:19:18,458 56607 [main] INFO  com.trello.android.baseutil.BaseTest - Wait for visibility of Boards Icon
2021-11-10 12:19:19,606 57755 [main] INFO  com.trello.android.baseutil.BaseTest - Validate Boards Icon is clickable
2021-11-10 12:19:20,314 58463 [main] INFO  com.trello.android.baseutil.BaseTest - Clicked on : Boards Icon
2021-11-10 12:19:20,315 58464 [main] INFO  com.trello.android.baseutil.BaseTest - Wait for visibility of Board Name Textbox
2021-11-10 12:19:24,722 62871 [main] INFO  com.trello.android.baseutil.BaseTest - Trello_001 is entered into Board Name Textbox
2021-11-10 12:19:24,723 62872 [main] INFO  com.trello.android.baseutil.BaseTest - Wait for visibility of Confirm Tick Mark
2021-11-10 12:19:25,774 63923 [main] INFO  com.trello.android.baseutil.BaseTest - Validate Confirm Tick Mark is clickable
2021-11-10 12:19:26,139 64288 [main] INFO  com.trello.android.baseutil.BaseTest - Clicked on : Confirm Tick Mark
2021-11-10 12:19:26,140 64289 [main] INFO  com.trello.android.baseutil.BaseTest - Wait for visibility of Board Name Text
2021-11-10 12:19:29,626 67775 [main] INFO  com.trello.android.baseutil.BaseTest - Expected Board :Trello_001 Matched with Actual Board :Trello_001
2021-11-10 12:19:29,627 67776 [main] INFO  com.trello.android.baseutil.BaseTest - Wait for visibility of Add List Button
2021-11-10 12:19:30,013 68162 [main] INFO  com.trello.android.baseutil.BaseTest - Validate Add List Button is clickable
2021-11-10 12:19:30,452 68601 [main] INFO  com.trello.android.baseutil.BaseTest - Clicked on : Add List Button
2021-11-10 12:19:30,453 68602 [main] INFO  com.trello.android.baseutil.BaseTest - Wait for visibility of List Name TextBox
2021-11-10 12:19:33,566 71715 [main] INFO  com.trello.android.baseutil.BaseTest - To Do is entered into List Name TextBox
2021-11-10 12:19:33,567 71716 [main] INFO  com.trello.android.baseutil.BaseTest - Wait for visibility of Confirm Tick Mark
2021-11-10 12:19:34,703 72852 [main] INFO  com.trello.android.baseutil.BaseTest - Validate Confirm Tick Mark is clickable
2021-11-10 12:19:35,026 73175 [main] INFO  com.trello.android.baseutil.BaseTest - Clicked on : Confirm Tick Mark
2021-11-10 12:19:35,112 73261 [main] INFO  com.trello.android.baseutil.BaseTest - Wait for visibility of Board Name Text
2021-11-10 12:19:36,524 74673 [main] INFO  com.trello.android.baseutil.BaseTest - Expected List :To Do Matched with Actual List :To Do
2021-11-10 12:19:36,583 74732 [main] INFO  com.trello.android.baseutil.BaseTest - Wait for visibility of Add Card Button
2021-11-10 12:19:36,758 74907 [main] INFO  com.trello.android.baseutil.BaseTest - Validate Add Card Button is clickable
2021-11-10 12:19:36,874 75023 [main] INFO  com.trello.android.baseutil.BaseTest - Clicked on : Add Card Button
2021-11-10 12:19:38,533 76682 [main] INFO  com.trello.android.baseutil.BaseTest - Wait for visibility of Card Name TextBox
2021-11-10 12:19:39,882 78031 [main] INFO  com.trello.android.baseutil.BaseTest - TestCase Writing is entered into Card Name TextBox
2021-11-10 12:19:39,882 78031 [main] INFO  com.trello.android.baseutil.BaseTest - Wait for visibility of Confirm Tick Mark
2021-11-10 12:19:40,985 79134 [main] INFO  com.trello.android.baseutil.BaseTest - Validate Confirm Tick Mark is clickable
2021-11-10 12:19:41,370 79519 [main] INFO  com.trello.android.baseutil.BaseTest - Clicked on : Confirm Tick Mark
2021-11-10 12:19:44,499 82648 [main] INFO  com.trello.android.baseutil.BaseTest - Wait for visibility of Card Name Text
2021-11-10 12:19:44,706 82855 [main] INFO  com.trello.android.baseutil.BaseTest - Expected Card :TestCase Writing Matched with Actual Card :TestCase Writing
2021-11-10 12:19:44,803 82952 [main] INFO  com.trello.android.baseutil.BaseTest - Wait for visibility of Card Name
2021-11-10 12:19:44,983 83132 [main] INFO  com.trello.android.baseutil.BaseTest - Validate Card Name  is clickable
2021-11-10 12:19:45,084 83233 [main] INFO  com.trello.android.baseutil.BaseTest - Clicked on : Card Name 
2021-11-10 12:19:47,670 85819 [main] INFO  com.trello.android.baseutil.BaseTest - Wait for visibility of Add Checklist Button
2021-11-10 12:19:48,610 86759 [main] INFO  com.trello.android.baseutil.BaseTest - Validate Add Checklist Button is clickable
2021-11-10 12:19:49,154 87303 [main] INFO  com.trello.android.baseutil.BaseTest - Clicked on : Add Checklist Button
2021-11-10 12:19:49,160 87309 [main] INFO  com.trello.android.baseutil.BaseTest - Wait for visibility of Add Item Text Field
2021-11-10 12:19:54,197 92346 [main] INFO  com.trello.android.baseutil.BaseTest - Trello Project is entered into Add Item Text Field
2021-11-10 12:19:54,198 92347 [main] INFO  com.trello.android.baseutil.BaseTest - Wait for visibility of Accept Icon
2021-11-10 12:19:55,951 94100 [main] INFO  com.trello.android.baseutil.BaseTest - Validate Accept Icon is clickable
2021-11-10 12:19:56,508 94657 [main] INFO  com.trello.android.baseutil.BaseTest - Clicked on : Accept Icon
2021-11-10 12:19:56,509 94658 [main] INFO  com.trello.android.baseutil.BaseTest - Wait for visibility of Reject Icon
2021-11-10 12:19:58,834 96983 [main] INFO  com.trello.android.baseutil.BaseTest - Validate Reject Icon is clickable
2021-11-10 12:19:59,339 97488 [main] INFO  com.trello.android.baseutil.BaseTest - Clicked on : Reject Icon
2021-11-10 12:19:59,340 97489 [main] INFO  com.trello.android.baseutil.BaseTest - Wait for visibility of Close Icon
2021-11-10 12:20:01,073 99222 [main] INFO  com.trello.android.baseutil.BaseTest - Validate Close Icon is clickable
2021-11-10 12:20:02,483 100632 [main] INFO  com.trello.android.baseutil.BaseTest - Clicked on : Close Icon
2021-11-10 12:20:02,484 100633 [main] INFO  com.trello.android.baseutil.BaseTest - Wait for visibility of Add List Button
2021-11-10 12:20:03,395 101544 [main] INFO  com.trello.android.baseutil.BaseTest - Validate Add List Button is clickable
2021-11-10 12:20:03,929 102078 [main] INFO  com.trello.android.baseutil.BaseTest - Clicked on : Add List Button
2021-11-10 12:20:03,930 102079 [main] INFO  com.trello.android.baseutil.BaseTest - Wait for visibility of List Name TextBox
2021-11-10 12:20:07,141 105290 [main] INFO  com.trello.android.baseutil.BaseTest - Doing is entered into List Name TextBox
2021-11-10 12:20:07,141 105290 [main] INFO  com.trello.android.baseutil.BaseTest - Wait for visibility of Confirm Tick Mark
2021-11-10 12:20:08,757 106906 [main] INFO  com.trello.android.baseutil.BaseTest - Validate Confirm Tick Mark is clickable
2021-11-10 12:20:09,122 107271 [main] INFO  com.trello.android.baseutil.BaseTest - Clicked on : Confirm Tick Mark
2021-11-10 12:20:10,588 108737 [main] INFO  com.trello.android.baseutil.BaseTest - Wait for visibility of Board Name Text
2021-11-10 12:20:10,757 108906 [main] INFO  com.trello.android.baseutil.BaseTest - Expected List :Doing Matched with Actual List :Doing
2021-11-10 12:20:10,863 109012 [main] INFO  com.trello.android.baseutil.BaseTest - Wait for visibility of Element To Drag
2021-11-10 12:20:11,021 109170 [main] INFO  com.trello.android.baseutil.BaseTest - Wait for visibility of Element To Drop
2021-11-10 12:20:19,977 118126 [main] INFO  com.trello.android.baseutil.BaseTest - Drag and Drop Completed
2021-11-10 12:20:20,576 118725 [main] INFO  com.trello.android.baseutil.BaseTest - Wait for visibility of List Name
2021-11-10 12:20:21,547 119696 [main] INFO  com.trello.android.baseutil.BaseTest - Drag Card : TestCase Writing And Drop To : Doing List Successfully
2021-11-10 12:20:21,548 119697 [main] INFO  com.trello.android.baseutil.BaseTest - Wait for visibility of Add List Button
2021-11-10 12:20:21,953 120102 [main] INFO  com.trello.android.baseutil.BaseTest - Validate Add List Button is clickable
2021-11-10 12:20:22,464 120613 [main] INFO  com.trello.android.baseutil.BaseTest - Clicked on : Add List Button
2021-11-10 12:20:22,465 120614 [main] INFO  com.trello.android.baseutil.BaseTest - Wait for visibility of List Name TextBox
2021-11-10 12:20:25,666 123815 [main] INFO  com.trello.android.baseutil.BaseTest - Done is entered into List Name TextBox
2021-11-10 12:20:25,667 123816 [main] INFO  com.trello.android.baseutil.BaseTest - Wait for visibility of Confirm Tick Mark
2021-11-10 12:20:26,795 124944 [main] INFO  com.trello.android.baseutil.BaseTest - Validate Confirm Tick Mark is clickable
2021-11-10 12:20:27,177 125326 [main] INFO  com.trello.android.baseutil.BaseTest - Clicked on : Confirm Tick Mark
2021-11-10 12:20:27,277 125426 [main] INFO  com.trello.android.baseutil.BaseTest - Wait for visibility of Board Name Text
2021-11-10 12:20:29,111 127260 [main] INFO  com.trello.android.baseutil.BaseTest - Expected List :Done Matched with Actual List :Done
2021-11-10 12:20:29,189 127338 [main] INFO  com.trello.android.baseutil.BaseTest - Wait for visibility of Element To Drag
2021-11-10 12:20:29,342 127491 [main] INFO  com.trello.android.baseutil.BaseTest - Wait for visibility of Element To Drop
2021-11-10 12:20:38,142 136291 [main] INFO  com.trello.android.baseutil.BaseTest - Drag and Drop Completed
2021-11-10 12:20:39,143 137292 [main] INFO  com.trello.android.baseutil.BaseTest - Wait for visibility of List Name
2021-11-10 12:20:40,087 138236 [main] INFO  com.trello.android.baseutil.BaseTest - Drag Card : TestCase Writing And Drop To : Done List Successfully
2021-11-10 12:20:40,087 138236 [main] INFO  com.trello.android.baseutil.BaseTest - Wait for visibility of List Actions Board
2021-11-10 12:20:40,336 138485 [main] INFO  com.trello.android.baseutil.BaseTest - Validate List Actions Board is clickable
2021-11-10 12:20:40,703 138852 [main] INFO  com.trello.android.baseutil.BaseTest - Clicked on : List Actions Board
2021-11-10 12:20:40,704 138853 [main] INFO  com.trello.android.baseutil.BaseTest - Wait for visibility of Boards Settings
2021-11-10 12:20:42,224 140373 [main] INFO  com.trello.android.baseutil.BaseTest - Validate Boards Settings is clickable
2021-11-10 12:20:43,020 141169 [main] INFO  com.trello.android.baseutil.BaseTest - Clicked on : Boards Settings
2021-11-10 12:20:43,021 141170 [main] INFO  com.trello.android.baseutil.BaseTest - Scroll till the Close Boards
2021-11-10 12:20:47,739 145888 [main] INFO  com.trello.android.baseutil.BaseTest - Scroll till the Close Boards completed
2021-11-10 12:20:47,740 145889 [main] INFO  com.trello.android.baseutil.BaseTest - Wait for visibility of Close Boards
2021-11-10 12:20:49,275 147424 [main] INFO  com.trello.android.baseutil.BaseTest - Validate Close Boards is clickable
2021-11-10 12:20:50,163 148312 [main] INFO  com.trello.android.baseutil.BaseTest - Clicked on : Close Boards
2021-11-10 12:20:51,302 149451 [main] INFO  com.trello.android.baseutil.BaseTest - Wait for visibility of This board is closed text
2021-11-10 12:20:51,469 149618 [main] INFO  com.trello.android.baseutil.BaseTest - Validate This board is closed text is displayed
2021-11-10 12:20:51,520 149669 [main] INFO  com.trello.android.baseutil.BaseTest - This board is closed text is displayed
2021-11-10 12:20:51,521 149670 [main] INFO  com.trello.android.baseutil.BaseTest - Wait for visibility of Back Button
2021-11-10 12:20:51,833 149982 [main] INFO  com.trello.android.baseutil.BaseTest - Validate Back Button is clickable
2021-11-10 12:20:52,223 150372 [main] INFO  com.trello.android.baseutil.BaseTest - Clicked on : Back Button
2021-11-10 12:20:52,224 150373 [main] INFO  com.trello.android.baseutil.BaseTest - Wait for visibility of Menu Icon
2021-11-10 12:20:54,011 152160 [main] INFO  com.trello.android.baseutil.BaseTest - Validate Menu Icon is clickable
2021-11-10 12:20:54,869 153018 [main] INFO  com.trello.android.baseutil.BaseTest - Clicked on : Menu Icon
2021-11-10 12:20:54,870 153019 [main] INFO  com.trello.android.baseutil.BaseTest - Scroll till the Settings Link
2021-11-10 12:20:55,969 154118 [main] INFO  com.trello.android.baseutil.BaseTest - Scroll till the Settings Link completed
2021-11-10 12:20:55,970 154119 [main] INFO  com.trello.android.baseutil.BaseTest - Wait for visibility of Settings Link
2021-11-10 12:20:56,517 154666 [main] INFO  com.trello.android.baseutil.BaseTest - Validate Settings Link is clickable
2021-11-10 12:20:57,325 155474 [main] INFO  com.trello.android.baseutil.BaseTest - Clicked on : Settings Link
2021-11-10 12:20:57,326 155475 [main] INFO  com.trello.android.baseutil.BaseTest - Scroll till the Settings Link
2021-11-10 12:21:04,131 162280 [main] INFO  com.trello.android.baseutil.BaseTest - Scroll till the Settings Link completed
2021-11-10 12:21:04,132 162281 [main] INFO  com.trello.android.baseutil.BaseTest - Wait for visibility of logout Link
2021-11-10 12:21:04,604 162753 [main] INFO  com.trello.android.baseutil.BaseTest - Validate logout Link is clickable
2021-11-10 12:21:05,321 163470 [main] INFO  com.trello.android.baseutil.BaseTest - Clicked on : logout Link
2021-11-10 12:21:27,454 185603 [main] INFO  com.trello.android.baseutil.BaseTest - Wait for visibility of login button
2021-11-10 12:21:28,101 186250 [main] INFO  com.trello.android.baseutil.BaseTest - Validate login button is clickable
2021-11-10 12:21:28,660 186809 [main] INFO  com.trello.android.baseutil.BaseTest - Clicked on : login button
2021-11-10 12:21:28,661 186810 [main] INFO  com.trello.android.baseutil.BaseTest - Wait for visibility of Email Textbox
2021-11-10 12:21:32,481 190630 [main] INFO  com.trello.android.baseutil.BaseTest - ashishpiplodiya3@gmail.com is entered into Email Textbox
2021-11-10 12:21:32,482 190631 [main] INFO  com.trello.android.baseutil.BaseTest - Wait for visibility of Sign In With Google Link
2021-11-10 12:21:33,688 191837 [main] INFO  com.trello.android.baseutil.BaseTest - Validate Sign In With Google Link is clickable
2021-11-10 12:21:34,194 192343 [main] INFO  com.trello.android.baseutil.BaseTest - Clicked on : Sign In With Google Link
2021-11-10 12:21:40,231 198380 [main] INFO  com.trello.android.baseutil.BaseTest - Wait for visibility of User Account
2021-11-10 12:21:40,390 198539 [main] INFO  com.trello.android.baseutil.BaseTest - Validate User Account is clickable
2021-11-10 12:21:40,464 198613 [main] INFO  com.trello.android.baseutil.BaseTest - Clicked on : User Account
2021-11-10 12:21:40,465 198614 [main] INFO  com.trello.android.baseutil.BaseTest - Wait for visibility of Plus Icon
2021-11-10 12:21:46,313 204462 [main] INFO  com.trello.android.baseutil.BaseTest - Validate Plus Icon is clickable
2021-11-10 12:21:47,024 205173 [main] INFO  com.trello.android.baseutil.BaseTest - Clicked on : Plus Icon
2021-11-10 12:21:47,025 205174 [main] INFO  com.trello.android.baseutil.BaseTest - Wait for visibility of Boards Icon
2021-11-10 12:21:48,180 206329 [main] INFO  com.trello.android.baseutil.BaseTest - Validate Boards Icon is clickable
2021-11-10 12:21:50,893 209042 [main] INFO  com.trello.android.baseutil.BaseTest - Clicked on : Boards Icon
2021-11-10 12:21:50,894 209043 [main] INFO  com.trello.android.baseutil.BaseTest - Wait for visibility of Board Name Textbox
2021-11-10 12:21:52,645 210794 [main] INFO  com.trello.android.baseutil.BaseTest - Trello_002 is entered into Board Name Textbox
2021-11-10 12:21:52,645 210794 [main] INFO  com.trello.android.baseutil.BaseTest - Wait for visibility of Confirm Tick Mark
2021-11-10 12:21:53,725 211874 [main] INFO  com.trello.android.baseutil.BaseTest - Validate Confirm Tick Mark is clickable
2021-11-10 12:21:54,566 212715 [main] INFO  com.trello.android.baseutil.BaseTest - Clicked on : Confirm Tick Mark
2021-11-10 12:21:54,566 212715 [main] INFO  com.trello.android.baseutil.BaseTest - Wait for visibility of Board Name Text
2021-11-10 12:21:59,087 217236 [main] INFO  com.trello.android.baseutil.BaseTest - Expected Board :Trello_002 Matched with Actual Board :Trello_002
2021-11-10 12:21:59,088 217237 [main] INFO  com.trello.android.baseutil.BaseTest - Wait for visibility of Add List Button
2021-11-10 12:21:59,813 217962 [main] INFO  com.trello.android.baseutil.BaseTest - Validate Add List Button is clickable
2021-11-10 12:22:00,218 218367 [main] INFO  com.trello.android.baseutil.BaseTest - Clicked on : Add List Button
2021-11-10 12:22:00,219 218368 [main] INFO  com.trello.android.baseutil.BaseTest - Wait for visibility of List Name TextBox
2021-11-10 12:22:03,089 221238 [main] INFO  com.trello.android.baseutil.BaseTest - To Do is entered into List Name TextBox
2021-11-10 12:22:03,090 221239 [main] INFO  com.trello.android.baseutil.BaseTest - Wait for visibility of Confirm Tick Mark
2021-11-10 12:22:04,241 222390 [main] INFO  com.trello.android.baseutil.BaseTest - Validate Confirm Tick Mark is clickable
2021-11-10 12:22:04,585 222734 [main] INFO  com.trello.android.baseutil.BaseTest - Clicked on : Confirm Tick Mark
2021-11-10 12:22:04,657 222806 [main] INFO  com.trello.android.baseutil.BaseTest - Wait for visibility of Board Name Text
2021-11-10 12:22:06,113 224262 [main] INFO  com.trello.android.baseutil.BaseTest - Expected List :To Do Matched with Actual List :To Do
2021-11-10 12:22:06,189 224338 [main] INFO  com.trello.android.baseutil.BaseTest - Wait for visibility of Add Card Button
2021-11-10 12:22:06,370 224519 [main] INFO  com.trello.android.baseutil.BaseTest - Validate Add Card Button is clickable
2021-11-10 12:22:06,522 224671 [main] INFO  com.trello.android.baseutil.BaseTest - Clicked on : Add Card Button
2021-11-10 12:22:08,145 226294 [main] INFO  com.trello.android.baseutil.BaseTest - Wait for visibility of Card Name TextBox
2021-11-10 12:22:09,764 227913 [main] INFO  com.trello.android.baseutil.BaseTest - Pages Identification is entered into Card Name TextBox
2021-11-10 12:22:09,764 227913 [main] INFO  com.trello.android.baseutil.BaseTest - Wait for visibility of Confirm Tick Mark
2021-11-10 12:22:11,196 229345 [main] INFO  com.trello.android.baseutil.BaseTest - Validate Confirm Tick Mark is clickable
2021-11-10 12:22:11,577 229726 [main] INFO  com.trello.android.baseutil.BaseTest - Clicked on : Confirm Tick Mark
2021-11-10 12:22:14,690 232839 [main] INFO  com.trello.android.baseutil.BaseTest - Wait for visibility of Card Name Text
2021-11-10 12:22:14,902 233051 [main] INFO  com.trello.android.baseutil.BaseTest - Expected Card :Pages Identification Matched with Actual Card :Pages Identification
2021-11-10 12:22:14,997 233146 [main] INFO  com.trello.android.baseutil.BaseTest - Wait for visibility of Card Name
2021-11-10 12:22:15,152 233301 [main] INFO  com.trello.android.baseutil.BaseTest - Validate Card Name  is clickable
2021-11-10 12:22:15,305 233454 [main] INFO  com.trello.android.baseutil.BaseTest - Clicked on : Card Name 
2021-11-10 12:22:18,487 236636 [main] INFO  com.trello.android.baseutil.BaseTest - Wait for visibility of Add Checklist Button
2021-11-10 12:22:19,123 237272 [main] INFO  com.trello.android.baseutil.BaseTest - Validate Add Checklist Button is clickable
2021-11-10 12:22:21,179 239328 [main] INFO  com.trello.android.baseutil.BaseTest - Clicked on : Add Checklist Button
2021-11-10 12:22:21,180 239329 [main] INFO  com.trello.android.baseutil.BaseTest - Wait for visibility of Add Item Text Field
2021-11-10 12:22:23,670 241819 [main] INFO  com.trello.android.baseutil.BaseTest - Trello Project is entered into Add Item Text Field
2021-11-10 12:22:23,670 241819 [main] INFO  com.trello.android.baseutil.BaseTest - Wait for visibility of Accept Icon
2021-11-10 12:22:24,903 243052 [main] INFO  com.trello.android.baseutil.BaseTest - Validate Accept Icon is clickable
2021-11-10 12:22:25,455 243604 [main] INFO  com.trello.android.baseutil.BaseTest - Clicked on : Accept Icon
2021-11-10 12:22:25,456 243605 [main] INFO  com.trello.android.baseutil.BaseTest - Wait for visibility of Reject Icon
2021-11-10 12:22:27,475 245624 [main] INFO  com.trello.android.baseutil.BaseTest - Validate Reject Icon is clickable
2021-11-10 12:22:28,152 246301 [main] INFO  com.trello.android.baseutil.BaseTest - Clicked on : Reject Icon
2021-11-10 12:22:28,153 246302 [main] INFO  com.trello.android.baseutil.BaseTest - Wait for visibility of Close Icon
2021-11-10 12:22:31,122 249271 [main] INFO  com.trello.android.baseutil.BaseTest - Validate Close Icon is clickable
2021-11-10 12:22:31,782 249931 [main] INFO  com.trello.android.baseutil.BaseTest - Clicked on : Close Icon
2021-11-10 12:22:31,782 249931 [main] INFO  com.trello.android.baseutil.BaseTest - Wait for visibility of Add List Button
2021-11-10 12:22:32,665 250814 [main] INFO  com.trello.android.baseutil.BaseTest - Validate Add List Button is clickable
2021-11-10 12:22:33,187 251336 [main] INFO  com.trello.android.baseutil.BaseTest - Clicked on : Add List Button
2021-11-10 12:22:33,188 251337 [main] INFO  com.trello.android.baseutil.BaseTest - Wait for visibility of List Name TextBox
2021-11-10 12:22:36,476 254625 [main] INFO  com.trello.android.baseutil.BaseTest - Doing is entered into List Name TextBox
2021-11-10 12:22:36,477 254626 [main] INFO  com.trello.android.baseutil.BaseTest - Wait for visibility of Confirm Tick Mark
2021-11-10 12:22:37,572 255721 [main] INFO  com.trello.android.baseutil.BaseTest - Validate Confirm Tick Mark is clickable
2021-11-10 12:22:37,965 256114 [main] INFO  com.trello.android.baseutil.BaseTest - Clicked on : Confirm Tick Mark
2021-11-10 12:22:39,483 257632 [main] INFO  com.trello.android.baseutil.BaseTest - Wait for visibility of Board Name Text
2021-11-10 12:22:40,116 258265 [main] INFO  com.trello.android.baseutil.BaseTest - Expected List :Doing Matched with Actual List :Doing
2021-11-10 12:22:40,221 258370 [main] INFO  com.trello.android.baseutil.BaseTest - Wait for visibility of Element To Drag
2021-11-10 12:22:40,374 258523 [main] INFO  com.trello.android.baseutil.BaseTest - Wait for visibility of Element To Drop
2021-11-10 12:22:49,183 267332 [main] INFO  com.trello.android.baseutil.BaseTest - Drag and Drop Completed
2021-11-10 12:22:50,264 268413 [main] INFO  com.trello.android.baseutil.BaseTest - Wait for visibility of List Name
2021-11-10 12:22:51,116 269265 [main] INFO  com.trello.android.baseutil.BaseTest - Drag Card : Pages Identification And Drop To : Doing List Successfully
2021-11-10 12:22:51,117 269266 [main] INFO  com.trello.android.baseutil.BaseTest - Wait for visibility of Add List Button
2021-11-10 12:22:51,501 269650 [main] INFO  com.trello.android.baseutil.BaseTest - Validate Add List Button is clickable
2021-11-10 12:22:52,000 270149 [main] INFO  com.trello.android.baseutil.BaseTest - Clicked on : Add List Button
2021-11-10 12:22:52,001 270150 [main] INFO  com.trello.android.baseutil.BaseTest - Wait for visibility of List Name TextBox
2021-11-10 12:22:55,842 273991 [main] INFO  com.trello.android.baseutil.BaseTest - Done is entered into List Name TextBox
2021-11-10 12:22:55,842 273991 [main] INFO  com.trello.android.baseutil.BaseTest - Wait for visibility of Confirm Tick Mark
2021-11-10 12:22:56,933 275082 [main] INFO  com.trello.android.baseutil.BaseTest - Validate Confirm Tick Mark is clickable
2021-11-10 12:22:57,264 275413 [main] INFO  com.trello.android.baseutil.BaseTest - Clicked on : Confirm Tick Mark
2021-11-10 12:22:57,378 275527 [main] INFO  com.trello.android.baseutil.BaseTest - Wait for visibility of Board Name Text
2021-11-10 12:22:58,870 277019 [main] INFO  com.trello.android.baseutil.BaseTest - Expected List :Done Matched with Actual List :Done
2021-11-10 12:22:58,954 277103 [main] INFO  com.trello.android.baseutil.BaseTest - Wait for visibility of Element To Drag
2021-11-10 12:22:59,098 277247 [main] INFO  com.trello.android.baseutil.BaseTest - Wait for visibility of Element To Drop
2021-11-10 12:23:07,855 286004 [main] INFO  com.trello.android.baseutil.BaseTest - Drag and Drop Completed
2021-11-10 12:23:08,448 286597 [main] INFO  com.trello.android.baseutil.BaseTest - Wait for visibility of List Name
2021-11-10 12:23:09,386 287535 [main] INFO  com.trello.android.baseutil.BaseTest - Drag Card : Pages Identification And Drop To : Done List Successfully
2021-11-10 12:23:09,387 287536 [main] INFO  com.trello.android.baseutil.BaseTest - Wait for visibility of List Actions Board
2021-11-10 12:23:10,980 289129 [main] INFO  com.trello.android.baseutil.BaseTest - Validate List Actions Board is clickable
2021-11-10 12:23:11,316 289465 [main] INFO  com.trello.android.baseutil.BaseTest - Clicked on : List Actions Board
2021-11-10 12:23:11,317 289466 [main] INFO  com.trello.android.baseutil.BaseTest - Wait for visibility of Boards Settings
2021-11-10 12:23:13,235 291384 [main] INFO  com.trello.android.baseutil.BaseTest - Validate Boards Settings is clickable
2021-11-10 12:23:13,869 292018 [main] INFO  com.trello.android.baseutil.BaseTest - Clicked on : Boards Settings
2021-11-10 12:23:13,869 292018 [main] INFO  com.trello.android.baseutil.BaseTest - Scroll till the Close Boards
2021-11-10 12:23:18,582 296731 [main] INFO  com.trello.android.baseutil.BaseTest - Scroll till the Close Boards completed
2021-11-10 12:23:18,583 296732 [main] INFO  com.trello.android.baseutil.BaseTest - Wait for visibility of Close Boards
2021-11-10 12:23:19,672 297821 [main] INFO  com.trello.android.baseutil.BaseTest - Validate Close Boards is clickable
2021-11-10 12:23:20,996 299145 [main] INFO  com.trello.android.baseutil.BaseTest - Clicked on : Close Boards
2021-11-10 12:23:22,207 300356 [main] INFO  com.trello.android.baseutil.BaseTest - Wait for visibility of This board is closed text
2021-11-10 12:23:22,335 300484 [main] INFO  com.trello.android.baseutil.BaseTest - Validate This board is closed text is displayed
2021-11-10 12:23:22,368 300517 [main] INFO  com.trello.android.baseutil.BaseTest - This board is closed text is displayed
2021-11-10 12:23:22,369 300518 [main] INFO  com.trello.android.baseutil.BaseTest - Wait for visibility of Back Button
2021-11-10 12:23:22,593 300742 [main] INFO  com.trello.android.baseutil.BaseTest - Validate Back Button is clickable
2021-11-10 12:23:22,916 301065 [main] INFO  com.trello.android.baseutil.BaseTest - Clicked on : Back Button
2021-11-10 12:23:22,917 301066 [main] INFO  com.trello.android.baseutil.BaseTest - Wait for visibility of Menu Icon
2021-11-10 12:23:25,018 303167 [main] INFO  com.trello.android.baseutil.BaseTest - Validate Menu Icon is clickable
2021-11-10 12:23:25,809 303958 [main] INFO  com.trello.android.baseutil.BaseTest - Clicked on : Menu Icon
2021-11-10 12:23:25,810 303959 [main] INFO  com.trello.android.baseutil.BaseTest - Scroll till the Settings Link
2021-11-10 12:23:26,903 305052 [main] INFO  com.trello.android.baseutil.BaseTest - Scroll till the Settings Link completed
2021-11-10 12:23:26,904 305053 [main] INFO  com.trello.android.baseutil.BaseTest - Wait for visibility of Settings Link
2021-11-10 12:23:27,446 305595 [main] INFO  com.trello.android.baseutil.BaseTest - Validate Settings Link is clickable
2021-11-10 12:23:28,275 306424 [main] INFO  com.trello.android.baseutil.BaseTest - Clicked on : Settings Link
2021-11-10 12:23:28,276 306425 [main] INFO  com.trello.android.baseutil.BaseTest - Scroll till the Settings Link
2021-11-10 12:23:34,932 313081 [main] INFO  com.trello.android.baseutil.BaseTest - Scroll till the Settings Link completed
2021-11-10 12:23:34,933 313082 [main] INFO  com.trello.android.baseutil.BaseTest - Wait for visibility of logout Link
2021-11-10 12:23:35,378 313527 [main] INFO  com.trello.android.baseutil.BaseTest - Validate logout Link is clickable
2021-11-10 12:23:36,025 314174 [main] INFO  com.trello.android.baseutil.BaseTest - Clicked on : logout Link
2021-11-10 12:23:58,174 336323 [main] INFO  com.trello.android.baseutil.BaseTest - Wait for visibility of login button
2021-11-10 12:23:58,719 336868 [main] INFO  com.trello.android.baseutil.BaseTest - Validate login button is clickable
2021-11-10 12:23:59,215 337364 [main] INFO  com.trello.android.baseutil.BaseTest - Clicked on : login button
2021-11-10 12:23:59,216 337365 [main] INFO  com.trello.android.baseutil.BaseTest - Wait for visibility of Email Textbox
2021-11-10 12:24:02,909 341058 [main] INFO  com.trello.android.baseutil.BaseTest - ashishpiplodiya3@gmail.com is entered into Email Textbox
2021-11-10 12:24:02,910 341059 [main] INFO  com.trello.android.baseutil.BaseTest - Wait for visibility of Sign In With Google Link
2021-11-10 12:24:04,107 342256 [main] INFO  com.trello.android.baseutil.BaseTest - Validate Sign In With Google Link is clickable
2021-11-10 12:24:04,565 342714 [main] INFO  com.trello.android.baseutil.BaseTest - Clicked on : Sign In With Google Link
2021-11-10 12:24:10,081 348230 [main] INFO  com.trello.android.baseutil.BaseTest - Wait for visibility of User Account
2021-11-10 12:24:10,195 348344 [main] INFO  com.trello.android.baseutil.BaseTest - Validate User Account is clickable
2021-11-10 12:24:10,793 348942 [main] INFO  com.trello.android.baseutil.BaseTest - Clicked on : User Account
2021-11-10 12:24:10,794 348943 [main] INFO  com.trello.android.baseutil.BaseTest - Wait for visibility of Plus Icon
2021-11-10 12:24:33,781 371930 [main] INFO  com.trello.android.baseutil.BaseTest - Validate Plus Icon is clickable
2021-11-10 12:24:34,529 372678 [main] INFO  com.trello.android.baseutil.BaseTest - Clicked on : Plus Icon
2021-11-10 12:24:34,529 372678 [main] INFO  com.trello.android.baseutil.BaseTest - Wait for visibility of Boards Icon
2021-11-10 12:24:35,616 373765 [main] INFO  com.trello.android.baseutil.BaseTest - Validate Boards Icon is clickable
2021-11-10 12:24:36,193 374342 [main] INFO  com.trello.android.baseutil.BaseTest - Clicked on : Boards Icon
2021-11-10 12:24:36,193 374342 [main] INFO  com.trello.android.baseutil.BaseTest - Wait for visibility of Board Name Textbox
2021-11-10 12:24:39,613 377762 [main] INFO  com.trello.android.baseutil.BaseTest - Trello_003 is entered into Board Name Textbox
2021-11-10 12:24:39,613 377762 [main] INFO  com.trello.android.baseutil.BaseTest - Wait for visibility of Confirm Tick Mark
2021-11-10 12:24:41,157 379306 [main] INFO  com.trello.android.baseutil.BaseTest - Validate Confirm Tick Mark is clickable
2021-11-10 12:24:41,504 379653 [main] INFO  com.trello.android.baseutil.BaseTest - Clicked on : Confirm Tick Mark
2021-11-10 12:24:41,505 379654 [main] INFO  com.trello.android.baseutil.BaseTest - Wait for visibility of Board Name Text
2021-11-10 12:24:46,188 384337 [main] INFO  com.trello.android.baseutil.BaseTest - Expected Board :Trello_003 Matched with Actual Board :Trello_003
2021-11-10 12:24:46,189 384338 [main] INFO  com.trello.android.baseutil.BaseTest - Wait for visibility of Add List Button
2021-11-10 12:24:46,490 384639 [main] INFO  com.trello.android.baseutil.BaseTest - Validate Add List Button is clickable
2021-11-10 12:24:46,934 385083 [main] INFO  com.trello.android.baseutil.BaseTest - Clicked on : Add List Button
2021-11-10 12:24:46,935 385084 [main] INFO  com.trello.android.baseutil.BaseTest - Wait for visibility of List Name TextBox
2021-11-10 12:24:49,815 387964 [main] INFO  com.trello.android.baseutil.BaseTest - To Do is entered into List Name TextBox
2021-11-10 12:24:49,815 387964 [main] INFO  com.trello.android.baseutil.BaseTest - Wait for visibility of Confirm Tick Mark
2021-11-10 12:24:51,350 389499 [main] INFO  com.trello.android.baseutil.BaseTest - Validate Confirm Tick Mark is clickable
2021-11-10 12:24:51,691 389840 [main] INFO  com.trello.android.baseutil.BaseTest - Clicked on : Confirm Tick Mark
2021-11-10 12:24:51,768 389917 [main] INFO  com.trello.android.baseutil.BaseTest - Wait for visibility of Board Name Text
2021-11-10 12:24:53,328 391477 [main] INFO  com.trello.android.baseutil.BaseTest - Expected List :To Do Matched with Actual List :To Do
2021-11-10 12:24:53,454 391603 [main] INFO  com.trello.android.baseutil.BaseTest - Wait for visibility of Add Card Button
2021-11-10 12:24:53,633 391782 [main] INFO  com.trello.android.baseutil.BaseTest - Validate Add Card Button is clickable
2021-11-10 12:24:53,731 391880 [main] INFO  com.trello.android.baseutil.BaseTest - Clicked on : Add Card Button
2021-11-10 12:24:55,390 393539 [main] INFO  com.trello.android.baseutil.BaseTest - Wait for visibility of Card Name TextBox
2021-11-10 12:24:57,115 395264 [main] INFO  com.trello.android.baseutil.BaseTest - Pages Distribution is entered into Card Name TextBox
2021-11-10 12:24:57,116 395265 [main] INFO  com.trello.android.baseutil.BaseTest - Wait for visibility of Confirm Tick Mark
2021-11-10 12:24:58,250 396399 [main] INFO  com.trello.android.baseutil.BaseTest - Validate Confirm Tick Mark is clickable
2021-11-10 12:24:58,551 396700 [main] INFO  com.trello.android.baseutil.BaseTest - Clicked on : Confirm Tick Mark
2021-11-10 12:25:01,682 399831 [main] INFO  com.trello.android.baseutil.BaseTest - Wait for visibility of Card Name Text
2021-11-10 12:25:01,870 400019 [main] INFO  com.trello.android.baseutil.BaseTest - Expected Card :Pages Distribution Matched with Actual Card :Pages Distribution
2021-11-10 12:25:01,964 400113 [main] INFO  com.trello.android.baseutil.BaseTest - Wait for visibility of Card Name
2021-11-10 12:25:02,106 400255 [main] INFO  com.trello.android.baseutil.BaseTest - Validate Card Name  is clickable
2021-11-10 12:25:02,210 400359 [main] INFO  com.trello.android.baseutil.BaseTest - Clicked on : Card Name 
2021-11-10 12:25:04,346 402495 [main] INFO  com.trello.android.baseutil.BaseTest - Wait for visibility of Add Checklist Button
2021-11-10 12:25:05,443 403592 [main] INFO  com.trello.android.baseutil.BaseTest - Validate Add Checklist Button is clickable
2021-11-10 12:25:07,862 406011 [main] INFO  com.trello.android.baseutil.BaseTest - Clicked on : Add Checklist Button
2021-11-10 12:25:07,863 406012 [main] INFO  com.trello.android.baseutil.BaseTest - Wait for visibility of Add Item Text Field
2021-11-10 12:25:10,173 408322 [main] INFO  com.trello.android.baseutil.BaseTest - Trello Project is entered into Add Item Text Field
2021-11-10 12:25:10,175 408324 [main] INFO  com.trello.android.baseutil.BaseTest - Wait for visibility of Accept Icon
2021-11-10 12:25:11,632 409781 [main] INFO  com.trello.android.baseutil.BaseTest - Validate Accept Icon is clickable
2021-11-10 12:25:12,115 410264 [main] INFO  com.trello.android.baseutil.BaseTest - Clicked on : Accept Icon
2021-11-10 12:25:12,116 410265 [main] INFO  com.trello.android.baseutil.BaseTest - Wait for visibility of Reject Icon
2021-11-10 12:25:13,995 412144 [main] INFO  com.trello.android.baseutil.BaseTest - Validate Reject Icon is clickable
2021-11-10 12:25:14,417 412566 [main] INFO  com.trello.android.baseutil.BaseTest - Clicked on : Reject Icon
2021-11-10 12:25:14,417 412566 [main] INFO  com.trello.android.baseutil.BaseTest - Wait for visibility of Close Icon
2021-11-10 12:25:16,063 414212 [main] INFO  com.trello.android.baseutil.BaseTest - Validate Close Icon is clickable
2021-11-10 12:25:16,636 414785 [main] INFO  com.trello.android.baseutil.BaseTest - Clicked on : Close Icon
2021-11-10 12:25:16,636 414785 [main] INFO  com.trello.android.baseutil.BaseTest - Wait for visibility of Add List Button
2021-11-10 12:25:17,511 415660 [main] INFO  com.trello.android.baseutil.BaseTest - Validate Add List Button is clickable
2021-11-10 12:25:17,993 416142 [main] INFO  com.trello.android.baseutil.BaseTest - Clicked on : Add List Button
2021-11-10 12:25:17,993 416142 [main] INFO  com.trello.android.baseutil.BaseTest - Wait for visibility of List Name TextBox
2021-11-10 12:25:21,413 419562 [main] INFO  com.trello.android.baseutil.BaseTest - Doing is entered into List Name TextBox
2021-11-10 12:25:21,414 419563 [main] INFO  com.trello.android.baseutil.BaseTest - Wait for visibility of Confirm Tick Mark
2021-11-10 12:25:22,577 420726 [main] INFO  com.trello.android.baseutil.BaseTest - Validate Confirm Tick Mark is clickable
2021-11-10 12:25:22,942 421091 [main] INFO  com.trello.android.baseutil.BaseTest - Clicked on : Confirm Tick Mark
2021-11-10 12:25:24,406 422555 [main] INFO  com.trello.android.baseutil.BaseTest - Wait for visibility of Board Name Text
2021-11-10 12:25:24,595 422744 [main] INFO  com.trello.android.baseutil.BaseTest - Expected List :Doing Matched with Actual List :Doing
2021-11-10 12:25:24,698 422847 [main] INFO  com.trello.android.baseutil.BaseTest - Wait for visibility of Element To Drag
2021-11-10 12:25:24,831 422980 [main] INFO  com.trello.android.baseutil.BaseTest - Wait for visibility of Element To Drop
2021-11-10 12:25:33,601 431750 [main] INFO  com.trello.android.baseutil.BaseTest - Drag and Drop Completed
2021-11-10 12:25:34,223 432372 [main] INFO  com.trello.android.baseutil.BaseTest - Wait for visibility of List Name
2021-11-10 12:25:35,203 433352 [main] INFO  com.trello.android.baseutil.BaseTest - Drag Card : Pages Distribution And Drop To : Doing List Successfully
2021-11-10 12:25:35,204 433353 [main] INFO  com.trello.android.baseutil.BaseTest - Wait for visibility of Add List Button
2021-11-10 12:25:35,629 433778 [main] INFO  com.trello.android.baseutil.BaseTest - Validate Add List Button is clickable
2021-11-10 12:25:36,114 434263 [main] INFO  com.trello.android.baseutil.BaseTest - Clicked on : Add List Button
2021-11-10 12:25:36,115 434264 [main] INFO  com.trello.android.baseutil.BaseTest - Wait for visibility of List Name TextBox
2021-11-10 12:25:39,282 437431 [main] INFO  com.trello.android.baseutil.BaseTest - Done is entered into List Name TextBox
2021-11-10 12:25:39,283 437432 [main] INFO  com.trello.android.baseutil.BaseTest - Wait for visibility of Confirm Tick Mark
2021-11-10 12:25:40,350 438499 [main] INFO  com.trello.android.baseutil.BaseTest - Validate Confirm Tick Mark is clickable
2021-11-10 12:25:40,721 438870 [main] INFO  com.trello.android.baseutil.BaseTest - Clicked on : Confirm Tick Mark
2021-11-10 12:25:40,811 438960 [main] INFO  com.trello.android.baseutil.BaseTest - Wait for visibility of Board Name Text
2021-11-10 12:25:42,283 440432 [main] INFO  com.trello.android.baseutil.BaseTest - Expected List :Done Matched with Actual List :Done
2021-11-10 12:25:42,353 440502 [main] INFO  com.trello.android.baseutil.BaseTest - Wait for visibility of Element To Drag
2021-11-10 12:25:42,500 440649 [main] INFO  com.trello.android.baseutil.BaseTest - Wait for visibility of Element To Drop
2021-11-10 12:25:51,279 449428 [main] INFO  com.trello.android.baseutil.BaseTest - Drag and Drop Completed
2021-11-10 12:25:51,922 450071 [main] INFO  com.trello.android.baseutil.BaseTest - Wait for visibility of List Name
2021-11-10 12:25:52,811 450960 [main] INFO  com.trello.android.baseutil.BaseTest - Drag Card : Pages Distribution And Drop To : Done List Successfully
2021-11-10 12:25:52,812 450961 [main] INFO  com.trello.android.baseutil.BaseTest - Wait for visibility of List Actions Board
2021-11-10 12:25:53,072 451221 [main] INFO  com.trello.android.baseutil.BaseTest - Validate List Actions Board is clickable
2021-11-10 12:25:53,414 451563 [main] INFO  com.trello.android.baseutil.BaseTest - Clicked on : List Actions Board
2021-11-10 12:25:53,414 451563 [main] INFO  com.trello.android.baseutil.BaseTest - Wait for visibility of Boards Settings
2021-11-10 12:25:54,811 452960 [main] INFO  com.trello.android.baseutil.BaseTest - Validate Boards Settings is clickable
2021-11-10 12:25:56,647 454796 [main] INFO  com.trello.android.baseutil.BaseTest - Clicked on : Boards Settings
2021-11-10 12:25:56,648 454797 [main] INFO  com.trello.android.baseutil.BaseTest - Scroll till the Close Boards
2021-11-10 12:26:01,772 459921 [main] INFO  com.trello.android.baseutil.BaseTest - Scroll till the Close Boards completed
2021-11-10 12:26:01,772 459921 [main] INFO  com.trello.android.baseutil.BaseTest - Wait for visibility of Close Boards
2021-11-10 12:26:02,739 460888 [main] INFO  com.trello.android.baseutil.BaseTest - Validate Close Boards is clickable
2021-11-10 12:26:03,656 461805 [main] INFO  com.trello.android.baseutil.BaseTest - Clicked on : Close Boards
2021-11-10 12:26:04,864 463013 [main] INFO  com.trello.android.baseutil.BaseTest - Wait for visibility of This board is closed text
2021-11-10 12:26:04,967 463116 [main] INFO  com.trello.android.baseutil.BaseTest - Validate This board is closed text is displayed
2021-11-10 12:26:04,997 463146 [main] INFO  com.trello.android.baseutil.BaseTest - This board is closed text is displayed
2021-11-10 12:26:04,998 463147 [main] INFO  com.trello.android.baseutil.BaseTest - Wait for visibility of Back Button
2021-11-10 12:26:05,272 463421 [main] INFO  com.trello.android.baseutil.BaseTest - Validate Back Button is clickable
2021-11-10 12:26:05,609 463758 [main] INFO  com.trello.android.baseutil.BaseTest - Clicked on : Back Button
2021-11-10 12:26:05,609 463758 [main] INFO  com.trello.android.baseutil.BaseTest - Wait for visibility of Menu Icon
2021-11-10 12:26:07,628 465777 [main] INFO  com.trello.android.baseutil.BaseTest - Validate Menu Icon is clickable
2021-11-10 12:26:08,472 466621 [main] INFO  com.trello.android.baseutil.BaseTest - Clicked on : Menu Icon
2021-11-10 12:26:08,472 466621 [main] INFO  com.trello.android.baseutil.BaseTest - Wait for visibility of Home Link
2021-11-10 12:26:09,889 468038 [main] INFO  com.trello.android.baseutil.BaseTest - Validate Home Link is clickable
2021-11-10 12:26:10,656 468805 [main] INFO  com.trello.android.baseutil.BaseTest - Clicked on : Home Link
2021-11-10 12:26:10,656 468805 [main] INFO  com.trello.android.baseutil.BaseTest - Wait for visibility of Menu Icon
2021-11-10 12:26:12,415 470564 [main] INFO  com.trello.android.baseutil.BaseTest - Validate Menu Icon is clickable
2021-11-10 12:26:12,860 471009 [main] INFO  com.trello.android.baseutil.BaseTest - Clicked on : Menu Icon
2021-11-10 12:26:13,670 471819 [main] INFO  com.trello.android.baseutil.BaseTest - Wait for visibility of Workspace Name Link
2021-11-10 12:26:14,375 472524 [main] INFO  com.trello.android.baseutil.BaseTest - Validate Workspace Name Link is clickable
2021-11-10 12:26:14,445 472594 [main] INFO  com.trello.android.baseutil.BaseTest - Clicked on : Workspace Name Link
2021-11-10 12:26:14,446 472595 [main] INFO  com.trello.android.baseutil.BaseTest - Scroll till the Board under Closed Board
2021-11-10 12:26:20,110 478259 [main] INFO  com.trello.android.baseutil.BaseTest - Scroll till the Board under Closed Board completed
2021-11-10 12:26:20,291 478440 [main] INFO  com.trello.android.baseutil.BaseTest - Wait for visibility of Board under Closed Board
2021-11-10 12:26:20,651 478800 [main] INFO  com.trello.android.baseutil.BaseTest - Validate Board under Closed Board is clickable
2021-11-10 12:26:20,733 478882 [main] INFO  com.trello.android.baseutil.BaseTest - Clicked on : Board under Closed Board
2021-11-10 12:26:20,734 478883 [main] INFO  com.trello.android.baseutil.BaseTest - Wait for visibility of Reopen Boards
2021-11-10 12:26:45,036 503185 [main] ERROR com.trello.android.baseutil.BaseTest - Reopen Boards is not visible
2021-11-10 12:26:45,037 503186 [main] INFO  com.trello.android.baseutil.BaseTest - Validate Reopen Boards is clickable
2021-11-10 12:27:08,180 526329 [main] ERROR com.trello.android.baseutil.BaseTest - Reopen Boards is not clickable
2021-11-10 12:27:08,181 526330 [main] ERROR com.trello.android.baseutil.BaseTest - Unable to click on Reopen Boards
2021-11-10 12:27:31,286 549435 [main] ERROR com.trello.android.baseutil.BaseTest - Expected condition failed: waiting for element to be clickable: Located by By.chained({By.xpath: //android.widget.TextView[@text='RE-OPEN']}) (tried for 20 second(s) with 500 milliseconds interval)
2021-11-10 12:27:55,960 574109 [main] INFO  com.trello.android.baseutil.BaseTest - Wait for visibility of login button
2021-11-10 12:28:20,131 598280 [main] ERROR com.trello.android.baseutil.BaseTest - login button is not visible
2021-11-10 12:28:20,131 598280 [main] INFO  com.trello.android.baseutil.BaseTest - Validate login button is clickable
2021-11-10 12:28:41,939 620088 [main] ERROR com.trello.android.baseutil.BaseTest - login button is not clickable
2021-11-10 12:28:41,939 620088 [main] ERROR com.trello.android.baseutil.BaseTest - Unable to click on login button
2021-11-10 12:29:04,813 642962 [main] ERROR com.trello.android.baseutil.BaseTest - Expected condition failed: waiting for element to be clickable: Located by By.chained({By.xpath: //android.widget.Button[@text='Log in']}) (tried for 20 second(s) with 500 milliseconds interval)
2021-11-10 12:29:26,069 664218 [main] INFO  com.trello.android.baseutil.BaseTest - Wait for visibility of login button
2021-11-10 12:29:48,848 686997 [main] ERROR com.trello.android.baseutil.BaseTest - login button is not visible
2021-11-10 12:29:48,849 686998 [main] INFO  com.trello.android.baseutil.BaseTest - Validate login button is clickable
2021-11-10 12:30:11,635 709784 [main] ERROR com.trello.android.baseutil.BaseTest - login button is not clickable
2021-11-10 12:30:11,635 709784 [main] ERROR com.trello.android.baseutil.BaseTest - Unable to click on login button
2021-11-10 12:30:33,887 732036 [main] ERROR com.trello.android.baseutil.BaseTest - Expected condition failed: waiting for element to be clickable: Located by By.chained({By.xpath: //android.widget.Button[@text='Log in']}) (tried for 20 second(s) with 500 milliseconds interval)
2021-11-10 12:30:55,173 753322 [main] INFO  com.trello.android.baseutil.BaseTest - Wait for visibility of login button
2021-11-10 12:31:17,943 776092 [main] ERROR com.trello.android.baseutil.BaseTest - login button is not visible
2021-11-10 12:31:17,944 776093 [main] INFO  com.trello.android.baseutil.BaseTest - Validate login button is clickable
2021-11-10 12:31:41,535 799684 [main] ERROR com.trello.android.baseutil.BaseTest - login button is not clickable
2021-11-10 12:31:41,535 799684 [main] ERROR com.trello.android.baseutil.BaseTest - Unable to click on login button
2021-11-10 12:32:03,915 822064 [main] ERROR com.trello.android.baseutil.BaseTest - Expected condition failed: waiting for element to be clickable: Located by By.chained({By.xpath: //android.widget.Button[@text='Log in']}) (tried for 20 second(s) with 500 milliseconds interval)
2021-11-10 12:32:30,484 848633 [main] INFO  com.trello.android.baseutil.BaseTest - Wait for visibility of login button
2021-11-10 12:32:53,277 871426 [main] ERROR com.trello.android.baseutil.BaseTest - login button is not visible
2021-11-10 12:32:53,278 871427 [main] INFO  com.trello.android.baseutil.BaseTest - Validate login button is clickable
2021-11-10 12:33:16,195 894344 [main] ERROR com.trello.android.baseutil.BaseTest - login button is not clickable
2021-11-10 12:33:16,196 894345 [main] ERROR com.trello.android.baseutil.BaseTest - Unable to click on login button
2021-11-10 12:33:38,488 916637 [main] ERROR com.trello.android.baseutil.BaseTest - Expected condition failed: waiting for element to be clickable: Located by By.chained({By.xpath: //android.widget.Button[@text='Log in']}) (tried for 20 second(s) with 500 milliseconds interval)
2021-11-10 12:33:59,916 938065 [main] INFO  com.trello.android.baseutil.BaseTest - Wait for visibility of login button
2021-11-10 12:34:23,969 962118 [main] ERROR com.trello.android.baseutil.BaseTest - login button is not visible
2021-11-10 12:34:23,970 962119 [main] INFO  com.trello.android.baseutil.BaseTest - Validate login button is clickable
2021-11-10 12:34:46,225 984374 [main] ERROR com.trello.android.baseutil.BaseTest - login button is not clickable
2021-11-10 12:34:46,225 984374 [main] ERROR com.trello.android.baseutil.BaseTest - Unable to click on login button
2021-11-10 12:35:08,505 1006654 [main] ERROR com.trello.android.baseutil.BaseTest - Expected condition failed: waiting for element to be clickable: Located by By.chained({By.xpath: //android.widget.Button[@text='Log in']}) (tried for 20 second(s) with 500 milliseconds interval)
2021-11-10 12:35:29,340 1027489 [main] INFO  com.trello.android.baseutil.BaseTest - Wait for visibility of login button
2021-11-10 12:35:52,378 1050527 [main] ERROR com.trello.android.baseutil.BaseTest - login button is not visible
2021-11-10 12:35:52,378 1050527 [main] INFO  com.trello.android.baseutil.BaseTest - Validate login button is clickable
2021-11-10 12:36:14,599 1072748 [main] ERROR com.trello.android.baseutil.BaseTest - login button is not clickable
2021-11-10 12:36:14,599 1072748 [main] ERROR com.trello.android.baseutil.BaseTest - Unable to click on login button
2021-11-10 12:36:37,563 1095712 [main] ERROR com.trello.android.baseutil.BaseTest - Expected condition failed: waiting for element to be clickable: Located by By.chained({By.xpath: //android.widget.Button[@text='Log in']}) (tried for 20 second(s) with 500 milliseconds interval)
2021-11-10 12:37:01,170 1119319 [main] INFO  com.trello.android.baseutil.BaseTest - Wait for visibility of login button
2021-11-10 12:37:24,342 1142491 [main] ERROR com.trello.android.baseutil.BaseTest - login button is not visible
2021-11-10 12:37:24,342 1142491 [main] INFO  com.trello.android.baseutil.BaseTest - Validate login button is clickable
2021-11-10 12:37:46,687 1164836 [main] ERROR com.trello.android.baseutil.BaseTest - login button is not clickable
2021-11-10 12:37:46,688 1164837 [main] ERROR com.trello.android.baseutil.BaseTest - Unable to click on login button
2021-11-10 12:38:10,094 1188243 [main] ERROR com.trello.android.baseutil.BaseTest - Expected condition failed: waiting for element to be clickable: Located by By.chained({By.xpath: //android.widget.Button[@text='Log in']}) (tried for 20 second(s) with 500 milliseconds interval)
2021-11-10 12:38:12,877 1191026 [main] INFO  com.trello.android.baseutil.BaseTest - Appium server stopped
