2021-11-09 22:42:22,626 427  [main] INFO  com.trello.android.baseutil.BaseTest - Starting the Appium Server
2021-11-09 22:42:25,762 3563 [main] INFO  com.trello.android.baseutil.BaseTest - Appium Server started
2021-11-09 22:42:25,763 3564 [main] INFO  com.trello.android.baseutil.BaseTest - Appium Server URL: http://127.0.0.1:4723/wd/hub
2021-11-09 22:42:25,768 3569 [main] INFO  com.trello.android.baseutil.BaseTest - Folder creation for Extent
2021-11-09 22:42:25,772 3573 [main] INFO  com.trello.android.baseutil.BaseTest - ExtentDir:-C:\Users\Dell\Desktop\Ashish_Appium\TrelloMobile/reports/Automation Report- 11_09_2021_22_42_25
2021-11-09 22:42:25,923 3724 [main] INFO  com.trello.android.baseutil.BaseTest - Report Initiated
2021-11-09 22:42:25,924 3725 [main] INFO  com.trello.android.baseutil.BaseTest - Screenshot folder created
2021-11-09 22:42:48,440 26241 [main] INFO  com.trello.android.baseutil.BaseTest - Wait for visibility of Plus Icon
2021-11-09 22:42:50,436 28237 [main] INFO  com.trello.android.baseutil.BaseTest - Validate Plus Icon is clickable
2021-11-09 22:42:51,582 29383 [main] INFO  com.trello.android.baseutil.BaseTest - Clicked on : Plus Icon
2021-11-09 22:42:51,603 29404 [main] INFO  com.trello.android.baseutil.BaseTest - Wait for visibility of Boards Icon
2021-11-09 22:42:53,011 30812 [main] INFO  com.trello.android.baseutil.BaseTest - Validate Boards Icon is clickable
2021-11-09 22:42:53,887 31688 [main] INFO  com.trello.android.baseutil.BaseTest - Clicked on : Boards Icon
2021-11-09 22:42:53,888 31689 [main] INFO  com.trello.android.baseutil.BaseTest - Wait for visibility of Board Name Textbox
2021-11-09 22:43:01,383 39184 [main] INFO  com.trello.android.baseutil.BaseTest - Trello_001 is entered into Board Name Textbox
2021-11-09 22:43:01,385 39186 [main] INFO  com.trello.android.baseutil.BaseTest - Wait for visibility of Confirm Tick Mark
2021-11-09 22:43:02,660 40461 [main] INFO  com.trello.android.baseutil.BaseTest - Validate Confirm Tick Mark is clickable
2021-11-09 22:43:03,175 40976 [main] INFO  com.trello.android.baseutil.BaseTest - Clicked on : Confirm Tick Mark
2021-11-09 22:43:03,176 40977 [main] INFO  com.trello.android.baseutil.BaseTest - Wait for visibility of Board Name Text
2021-11-09 22:43:18,638 56439 [main] INFO  com.trello.android.baseutil.BaseTest - Expected Board :Trello_001 Matched with Actual Board :Trello_001
2021-11-09 22:43:18,642 56443 [main] INFO  com.trello.android.baseutil.BaseTest - Wait for visibility of Add List Button
2021-11-09 22:43:19,131 56932 [main] INFO  com.trello.android.baseutil.BaseTest - Validate Add List Button is clickable
2021-11-09 22:43:19,872 57673 [main] INFO  com.trello.android.baseutil.BaseTest - Clicked on : Add List Button
2021-11-09 22:43:19,873 57674 [main] INFO  com.trello.android.baseutil.BaseTest - Wait for visibility of List Name TextBox
2021-11-09 22:43:22,793 60594 [main] INFO  com.trello.android.baseutil.BaseTest - To Do is entered into List Name TextBox
2021-11-09 22:43:22,794 60595 [main] INFO  com.trello.android.baseutil.BaseTest - Wait for visibility of Confirm Tick Mark
2021-11-09 22:43:23,574 61375 [main] INFO  com.trello.android.baseutil.BaseTest - Validate Confirm Tick Mark is clickable
2021-11-09 22:43:23,910 61711 [main] INFO  com.trello.android.baseutil.BaseTest - Clicked on : Confirm Tick Mark
2021-11-09 22:43:25,421 63222 [main] INFO  com.trello.android.baseutil.BaseTest - Wait for visibility of Board Name Text
2021-11-09 22:43:26,151 63952 [main] INFO  com.trello.android.baseutil.BaseTest - Expected List :To Do Matched with Actual List :To Do
2021-11-09 22:43:26,232 64033 [main] INFO  com.trello.android.baseutil.BaseTest - Wait for visibility of Add Card Button
2021-11-09 22:43:26,380 64181 [main] INFO  com.trello.android.baseutil.BaseTest - Validate Add Card Button is clickable
2021-11-09 22:43:26,479 64280 [main] INFO  com.trello.android.baseutil.BaseTest - Clicked on : Add Card Button
2021-11-09 22:43:27,834 65635 [main] INFO  com.trello.android.baseutil.BaseTest - Wait for visibility of Card Name TextBox
2021-11-09 22:43:28,637 66438 [main] INFO  com.trello.android.baseutil.BaseTest - TestCase Writing is entered into Card Name TextBox
2021-11-09 22:43:28,638 66439 [main] INFO  com.trello.android.baseutil.BaseTest - Wait for visibility of Confirm Tick Mark
2021-11-09 22:43:29,442 67243 [main] INFO  com.trello.android.baseutil.BaseTest - Validate Confirm Tick Mark is clickable
2021-11-09 22:43:29,800 67601 [main] INFO  com.trello.android.baseutil.BaseTest - Clicked on : Confirm Tick Mark
2021-11-09 22:43:32,907 70708 [main] INFO  com.trello.android.baseutil.BaseTest - Wait for visibility of Card Name Text
2021-11-09 22:43:33,123 70924 [main] INFO  com.trello.android.baseutil.BaseTest - Expected Card :TestCase Writing Matched with Actual Card :TestCase Writing
2021-11-09 22:43:33,125 70926 [main] INFO  com.trello.android.baseutil.BaseTest - Wait for visibility of Add List Button
2021-11-09 22:43:33,405 71206 [main] INFO  com.trello.android.baseutil.BaseTest - Validate Add List Button is clickable
2021-11-09 22:43:33,857 71658 [main] INFO  com.trello.android.baseutil.BaseTest - Clicked on : Add List Button
2021-11-09 22:43:33,858 71659 [main] INFO  com.trello.android.baseutil.BaseTest - Wait for visibility of List Name TextBox
2021-11-09 22:43:36,551 74352 [main] INFO  com.trello.android.baseutil.BaseTest - Doing is entered into List Name TextBox
2021-11-09 22:43:36,552 74353 [main] INFO  com.trello.android.baseutil.BaseTest - Wait for visibility of Confirm Tick Mark
2021-11-09 22:43:37,273 75074 [main] INFO  com.trello.android.baseutil.BaseTest - Validate Confirm Tick Mark is clickable
2021-11-09 22:43:37,543 75344 [main] INFO  com.trello.android.baseutil.BaseTest - Clicked on : Confirm Tick Mark
2021-11-09 22:43:37,873 75674 [main] INFO  com.trello.android.baseutil.BaseTest - Wait for visibility of Board Name Text
2021-11-09 22:43:38,646 76447 [main] ERROR com.trello.android.baseutil.BaseTest - Board Name Text is not visible
2021-11-09 22:43:39,796 77597 [main] INFO  com.trello.android.baseutil.BaseTest - Expected List :Doing Matched with Actual List :Doing
2021-11-09 22:43:39,866 77667 [main] INFO  com.trello.android.baseutil.BaseTest - Wait for visibility of Element To Drag
2021-11-09 22:43:40,001 77802 [main] INFO  com.trello.android.baseutil.BaseTest - Wait for visibility of Element To Drop
2021-11-09 22:43:51,725 89526 [main] INFO  com.trello.android.baseutil.BaseTest - Drag and Drop Completed
2021-11-09 22:43:52,084 89885 [main] INFO  com.trello.android.baseutil.BaseTest - Wait for visibility of List Name
2021-11-09 22:43:57,204 95005 [main] INFO  com.trello.android.baseutil.BaseTest - Appium server stopped
