2021-11-10 12:52:42,769 771  [main] INFO  com.trello.android.baseutil.BaseTest - Starting the Appium Server
2021-11-10 12:52:42,987 989  [main] INFO  com.trello.android.baseutil.BaseTest - Appium Server started
2021-11-10 12:52:42,988 990  [main] INFO  com.trello.android.baseutil.BaseTest - Appium Server URL: http://127.0.0.1:4723/wd/hub
2021-11-10 12:52:42,993 995  [main] INFO  com.trello.android.baseutil.BaseTest - Folder creation for Extent
2021-11-10 12:52:42,996 998  [main] INFO  com.trello.android.baseutil.BaseTest - ExtentDir:-C:\Users\Dell\Desktop\Ashish_Appium\TrelloMobile/reports/Automation Report- 11_10_2021_12_52_42
2021-11-10 12:52:43,264 1266 [main] INFO  com.trello.android.baseutil.BaseTest - Report Initiated
2021-11-10 12:52:43,289 1291 [main] INFO  com.trello.android.baseutil.BaseTest - Screenshot folder created
2021-11-10 12:53:19,331 37333 [main] INFO  com.trello.android.baseutil.BaseTest - Wait for visibility of login button
2021-11-10 12:53:23,550 41552 [main] INFO  com.trello.android.baseutil.BaseTest - Validate login button is clickable
2021-11-10 12:53:24,147 42149 [main] INFO  com.trello.android.baseutil.BaseTest - Clicked on : login button
2021-11-10 12:53:24,159 42161 [main] INFO  com.trello.android.baseutil.BaseTest - Wait for visibility of Email Textbox
2021-11-10 12:53:28,400 46402 [main] INFO  com.trello.android.baseutil.BaseTest - ashishpiplodiya3@gmail.com is entered into Email Textbox
2021-11-10 12:53:28,401 46403 [main] INFO  com.trello.android.baseutil.BaseTest - Wait for visibility of Sign In With Google Link
2021-11-10 12:53:29,671 47673 [main] INFO  com.trello.android.baseutil.BaseTest - Validate Sign In With Google Link is clickable
2021-11-10 12:53:30,209 48211 [main] INFO  com.trello.android.baseutil.BaseTest - Clicked on : Sign In With Google Link
2021-11-10 12:53:36,311 54313 [main] INFO  com.trello.android.baseutil.BaseTest - Wait for visibility of User Account
2021-11-10 12:53:36,410 54412 [main] INFO  com.trello.android.baseutil.BaseTest - Validate User Account is clickable
2021-11-10 12:53:36,528 54530 [main] INFO  com.trello.android.baseutil.BaseTest - Clicked on : User Account
2021-11-10 12:53:36,532 54534 [main] INFO  com.trello.android.baseutil.BaseTest - Wait for visibility of Plus Icon
2021-11-10 12:53:58,726 76728 [main] INFO  com.trello.android.baseutil.BaseTest - Validate Plus Icon is clickable
2021-11-10 12:53:59,473 77475 [main] INFO  com.trello.android.baseutil.BaseTest - Clicked on : Plus Icon
2021-11-10 12:53:59,474 77476 [main] INFO  com.trello.android.baseutil.BaseTest - Wait for visibility of Boards Icon
2021-11-10 12:54:00,713 78715 [main] INFO  com.trello.android.baseutil.BaseTest - Validate Boards Icon is clickable
2021-11-10 12:54:01,580 79582 [main] INFO  com.trello.android.baseutil.BaseTest - Clicked on : Boards Icon
2021-11-10 12:54:01,581 79583 [main] INFO  com.trello.android.baseutil.BaseTest - Wait for visibility of Board Name Textbox
2021-11-10 12:54:05,984 83986 [main] INFO  com.trello.android.baseutil.BaseTest - Trello_001 is entered into Board Name Textbox
2021-11-10 12:54:05,984 83986 [main] INFO  com.trello.android.baseutil.BaseTest - Wait for visibility of Confirm Tick Mark
2021-11-10 12:54:07,224 85226 [main] INFO  com.trello.android.baseutil.BaseTest - Validate Confirm Tick Mark is clickable
2021-11-10 12:54:07,750 85752 [main] INFO  com.trello.android.baseutil.BaseTest - Clicked on : Confirm Tick Mark
2021-11-10 12:54:07,751 85753 [main] INFO  com.trello.android.baseutil.BaseTest - Wait for visibility of Board Name Text
2021-11-10 12:54:10,722 88724 [main] INFO  com.trello.android.baseutil.BaseTest - Expected Board :Trello_001 Matched with Actual Board :Trello_001
2021-11-10 12:54:10,723 88725 [main] INFO  com.trello.android.baseutil.BaseTest - Wait for visibility of Add List Button
2021-11-10 12:54:11,069 89071 [main] INFO  com.trello.android.baseutil.BaseTest - Validate Add List Button is clickable
2021-11-10 12:54:11,631 89633 [main] INFO  com.trello.android.baseutil.BaseTest - Clicked on : Add List Button
2021-11-10 12:54:11,632 89634 [main] INFO  com.trello.android.baseutil.BaseTest - Wait for visibility of List Name TextBox
2021-11-10 12:54:14,495 92497 [main] INFO  com.trello.android.baseutil.BaseTest - To Do is entered into List Name TextBox
2021-11-10 12:54:14,495 92497 [main] INFO  com.trello.android.baseutil.BaseTest - Wait for visibility of Confirm Tick Mark
2021-11-10 12:54:16,077 94079 [main] INFO  com.trello.android.baseutil.BaseTest - Validate Confirm Tick Mark is clickable
2021-11-10 12:54:16,429 94431 [main] INFO  com.trello.android.baseutil.BaseTest - Clicked on : Confirm Tick Mark
2021-11-10 12:54:17,796 95798 [main] INFO  com.trello.android.baseutil.BaseTest - Wait for visibility of Board Name Text
2021-11-10 12:54:17,924 95926 [main] INFO  com.trello.android.baseutil.BaseTest - Expected List :To Do Matched with Actual List :To Do
2021-11-10 12:54:17,991 95993 [main] INFO  com.trello.android.baseutil.BaseTest - Wait for visibility of Add Card Button
2021-11-10 12:54:18,097 96099 [main] INFO  com.trello.android.baseutil.BaseTest - Validate Add Card Button is clickable
2021-11-10 12:54:18,190 96192 [main] INFO  com.trello.android.baseutil.BaseTest - Clicked on : Add Card Button
2021-11-10 12:54:19,836 97838 [main] INFO  com.trello.android.baseutil.BaseTest - Wait for visibility of Card Name TextBox
2021-11-10 12:54:21,262 99264 [main] INFO  com.trello.android.baseutil.BaseTest - TestCase Writing is entered into Card Name TextBox
2021-11-10 12:54:21,262 99264 [main] INFO  com.trello.android.baseutil.BaseTest - Wait for visibility of Confirm Tick Mark
2021-11-10 12:54:22,364 100366 [main] INFO  com.trello.android.baseutil.BaseTest - Validate Confirm Tick Mark is clickable
2021-11-10 12:54:22,826 100828 [main] INFO  com.trello.android.baseutil.BaseTest - Clicked on : Confirm Tick Mark
2021-11-10 12:54:26,224 104226 [main] INFO  com.trello.android.baseutil.BaseTest - Wait for visibility of Card Name Text
2021-11-10 12:54:26,424 104426 [main] INFO  com.trello.android.baseutil.BaseTest - Expected Card :TestCase Writing Matched with Actual Card :TestCase Writing
2021-11-10 12:54:26,529 104531 [main] INFO  com.trello.android.baseutil.BaseTest - Wait for visibility of Card Name
2021-11-10 12:54:26,716 104718 [main] INFO  com.trello.android.baseutil.BaseTest - Validate Card Name  is clickable
2021-11-10 12:54:26,835 104837 [main] INFO  com.trello.android.baseutil.BaseTest - Clicked on : Card Name 
2021-11-10 12:54:29,323 107325 [main] INFO  com.trello.android.baseutil.BaseTest - Wait for visibility of Add Checklist Button
2021-11-10 12:54:29,859 107861 [main] INFO  com.trello.android.baseutil.BaseTest - Validate Add Checklist Button is clickable
2021-11-10 12:54:29,931 107933 [main] INFO  com.trello.android.baseutil.BaseTest - Clicked on : Add Checklist Button
2021-11-10 12:54:29,932 107934 [main] INFO  com.trello.android.baseutil.BaseTest - Wait for visibility of Add Item Text Field
2021-11-10 12:54:34,277 112279 [main] INFO  com.trello.android.baseutil.BaseTest - Trello Project is entered into Add Item Text Field
2021-11-10 12:54:34,278 112280 [main] INFO  com.trello.android.baseutil.BaseTest - Wait for visibility of Accept Icon
2021-11-10 12:54:35,711 113713 [main] INFO  com.trello.android.baseutil.BaseTest - Validate Accept Icon is clickable
2021-11-10 12:54:36,924 114926 [main] INFO  com.trello.android.baseutil.BaseTest - Clicked on : Accept Icon
2021-11-10 12:54:36,925 114927 [main] INFO  com.trello.android.baseutil.BaseTest - Wait for visibility of Reject Icon
2021-11-10 12:54:39,025 117027 [main] INFO  com.trello.android.baseutil.BaseTest - Validate Reject Icon is clickable
2021-11-10 12:54:39,750 117752 [main] INFO  com.trello.android.baseutil.BaseTest - Clicked on : Reject Icon
2021-11-10 12:54:39,751 117753 [main] INFO  com.trello.android.baseutil.BaseTest - Wait for visibility of Close Icon
2021-11-10 12:54:42,133 120135 [main] INFO  com.trello.android.baseutil.BaseTest - Validate Close Icon is clickable
2021-11-10 12:54:42,731 120733 [main] INFO  com.trello.android.baseutil.BaseTest - Clicked on : Close Icon
2021-11-10 12:54:42,732 120734 [main] INFO  com.trello.android.baseutil.BaseTest - Wait for visibility of Add List Button
2021-11-10 12:54:43,869 121871 [main] INFO  com.trello.android.baseutil.BaseTest - Validate Add List Button is clickable
2021-11-10 12:54:44,391 122393 [main] INFO  com.trello.android.baseutil.BaseTest - Clicked on : Add List Button
2021-11-10 12:54:44,391 122393 [main] INFO  com.trello.android.baseutil.BaseTest - Wait for visibility of List Name TextBox
2021-11-10 12:54:47,723 125725 [main] INFO  com.trello.android.baseutil.BaseTest - Doing is entered into List Name TextBox
2021-11-10 12:54:47,724 125726 [main] INFO  com.trello.android.baseutil.BaseTest - Wait for visibility of Confirm Tick Mark
2021-11-10 12:54:48,857 126859 [main] INFO  com.trello.android.baseutil.BaseTest - Validate Confirm Tick Mark is clickable
2021-11-10 12:54:49,247 127249 [main] INFO  com.trello.android.baseutil.BaseTest - Clicked on : Confirm Tick Mark
2021-11-10 12:54:50,732 128734 [main] INFO  com.trello.android.baseutil.BaseTest - Wait for visibility of Board Name Text
2021-11-10 12:54:50,908 128910 [main] INFO  com.trello.android.baseutil.BaseTest - Expected List :Doing Matched with Actual List :Doing
2021-11-10 12:54:50,980 128982 [main] INFO  com.trello.android.baseutil.BaseTest - Wait for visibility of Element To Drag
2021-11-10 12:54:51,168 129170 [main] INFO  com.trello.android.baseutil.BaseTest - Wait for visibility of Element To Drop
2021-11-10 12:55:00,045 138047 [main] INFO  com.trello.android.baseutil.BaseTest - Drag and Drop Completed
2021-11-10 12:55:00,657 138659 [main] INFO  com.trello.android.baseutil.BaseTest - Wait for visibility of List Name
2021-11-10 12:55:01,644 139646 [main] INFO  com.trello.android.baseutil.BaseTest - Drag Card : TestCase Writing And Drop To : Doing List Successfully
2021-11-10 12:55:01,646 139648 [main] INFO  com.trello.android.baseutil.BaseTest - Wait for visibility of Add List Button
2021-11-10 12:55:02,065 140067 [main] INFO  com.trello.android.baseutil.BaseTest - Validate Add List Button is clickable
2021-11-10 12:55:02,653 140655 [main] INFO  com.trello.android.baseutil.BaseTest - Clicked on : Add List Button
2021-11-10 12:55:02,653 140655 [main] INFO  com.trello.android.baseutil.BaseTest - Wait for visibility of List Name TextBox
2021-11-10 12:55:06,473 144475 [main] INFO  com.trello.android.baseutil.BaseTest - Done is entered into List Name TextBox
2021-11-10 12:55:06,473 144475 [main] INFO  com.trello.android.baseutil.BaseTest - Wait for visibility of Confirm Tick Mark
2021-11-10 12:55:07,608 145610 [main] INFO  com.trello.android.baseutil.BaseTest - Validate Confirm Tick Mark is clickable
2021-11-10 12:55:08,006 146008 [main] INFO  com.trello.android.baseutil.BaseTest - Clicked on : Confirm Tick Mark
2021-11-10 12:55:08,110 146112 [main] INFO  com.trello.android.baseutil.BaseTest - Wait for visibility of Board Name Text
2021-11-10 12:55:09,611 147613 [main] INFO  com.trello.android.baseutil.BaseTest - Expected List :Done Matched with Actual List :Done
2021-11-10 12:55:09,682 147684 [main] INFO  com.trello.android.baseutil.BaseTest - Wait for visibility of Element To Drag
2021-11-10 12:55:09,844 147846 [main] INFO  com.trello.android.baseutil.BaseTest - Wait for visibility of Element To Drop
2021-11-10 12:55:18,656 156658 [main] INFO  com.trello.android.baseutil.BaseTest - Drag and Drop Completed
2021-11-10 12:55:19,256 157258 [main] INFO  com.trello.android.baseutil.BaseTest - Wait for visibility of List Name
2021-11-10 12:55:20,228 158230 [main] INFO  com.trello.android.baseutil.BaseTest - Drag Card : TestCase Writing And Drop To : Done List Successfully
2021-11-10 12:55:20,229 158231 [main] INFO  com.trello.android.baseutil.BaseTest - Wait for visibility of List Actions Board
2021-11-10 12:55:20,605 158607 [main] INFO  com.trello.android.baseutil.BaseTest - Validate List Actions Board is clickable
2021-11-10 12:55:21,035 159037 [main] INFO  com.trello.android.baseutil.BaseTest - Clicked on : List Actions Board
2021-11-10 12:55:21,035 159037 [main] INFO  com.trello.android.baseutil.BaseTest - Wait for visibility of Boards Settings
2021-11-10 12:55:22,625 160627 [main] INFO  com.trello.android.baseutil.BaseTest - Validate Boards Settings is clickable
2021-11-10 12:55:23,447 161449 [main] INFO  com.trello.android.baseutil.BaseTest - Clicked on : Boards Settings
2021-11-10 12:55:23,448 161450 [main] INFO  com.trello.android.baseutil.BaseTest - Scroll till the Close Boards
2021-11-10 12:55:28,330 166332 [main] INFO  com.trello.android.baseutil.BaseTest - Scroll till the Close Boards completed
2021-11-10 12:55:28,331 166333 [main] INFO  com.trello.android.baseutil.BaseTest - Wait for visibility of Close Boards
2021-11-10 12:55:29,541 167543 [main] INFO  com.trello.android.baseutil.BaseTest - Validate Close Boards is clickable
2021-11-10 12:55:30,623 168625 [main] INFO  com.trello.android.baseutil.BaseTest - Clicked on : Close Boards
2021-11-10 12:55:31,806 169808 [main] INFO  com.trello.android.baseutil.BaseTest - Wait for visibility of This board is closed text
2021-11-10 12:55:31,967 169969 [main] INFO  com.trello.android.baseutil.BaseTest - Validate This board is closed text is displayed
2021-11-10 12:55:31,997 169999 [main] INFO  com.trello.android.baseutil.BaseTest - This board is closed text is displayed
2021-11-10 12:55:31,998 170000 [main] INFO  com.trello.android.baseutil.BaseTest - Wait for visibility of Back Button
2021-11-10 12:55:32,195 170197 [main] INFO  com.trello.android.baseutil.BaseTest - Validate Back Button is clickable
2021-11-10 12:55:32,537 170539 [main] INFO  com.trello.android.baseutil.BaseTest - Clicked on : Back Button
2021-11-10 12:55:32,538 170540 [main] INFO  com.trello.android.baseutil.BaseTest - Wait for visibility of Menu Icon
2021-11-10 12:55:34,378 172380 [main] INFO  com.trello.android.baseutil.BaseTest - Validate Menu Icon is clickable
2021-11-10 12:55:35,320 173322 [main] INFO  com.trello.android.baseutil.BaseTest - Clicked on : Menu Icon
2021-11-10 12:55:35,321 173323 [main] INFO  com.trello.android.baseutil.BaseTest - Scroll till the Settings Link
2021-11-10 12:55:36,450 174452 [main] INFO  com.trello.android.baseutil.BaseTest - Scroll till the Settings Link completed
2021-11-10 12:55:36,451 174453 [main] INFO  com.trello.android.baseutil.BaseTest - Wait for visibility of Settings Link
2021-11-10 12:55:37,242 175244 [main] INFO  com.trello.android.baseutil.BaseTest - Validate Settings Link is clickable
2021-11-10 12:55:38,273 176275 [main] INFO  com.trello.android.baseutil.BaseTest - Clicked on : Settings Link
2021-11-10 12:55:38,274 176276 [main] INFO  com.trello.android.baseutil.BaseTest - Scroll till the Settings Link
2021-11-10 12:55:45,067 183069 [main] INFO  com.trello.android.baseutil.BaseTest - Scroll till the Settings Link completed
2021-11-10 12:55:45,068 183070 [main] INFO  com.trello.android.baseutil.BaseTest - Wait for visibility of logout Link
2021-11-10 12:55:45,625 183627 [main] INFO  com.trello.android.baseutil.BaseTest - Validate logout Link is clickable
2021-11-10 12:55:46,253 184255 [main] INFO  com.trello.android.baseutil.BaseTest - Clicked on : logout Link
