2021-11-09 09:53:34,683 2995 [main] INFO  com.trello.android.baseutil.BaseTest - Appium Server URL http://127.0.0.1:4723/wd/hub
2021-11-09 09:53:34,690 3002 [main] INFO  com.trello.android.baseutil.BaseTest - Appium Server started
2021-11-09 09:53:34,695 3007 [main] INFO  com.trello.android.baseutil.BaseTest - Folder creation for Extent
2021-11-09 09:53:34,706 3018 [main] INFO  com.trello.android.baseutil.BaseTest - ExtentDir:-C:\Users\Dell\Desktop\Ashish_Appium\TrelloMobile/reports/Automation Report- 11_09_2021_09_53_34
2021-11-09 09:53:34,878 3190 [main] INFO  com.trello.android.baseutil.BaseTest - Report Initiated
2021-11-09 09:53:35,164 3476 [main] INFO  com.trello.android.baseutil.BaseTest - Screenshot folder created
2021-11-09 09:54:07,534 35846 [main] INFO  com.trello.android.baseutil.BaseTest - Application launched
2021-11-09 09:54:10,775 39087 [main] INFO  com.trello.android.baseutil.BaseTest - Wait for visibility of Plus Icon
2021-11-09 09:54:11,533 39845 [main] INFO  com.trello.android.baseutil.BaseTest - Validate Plus Icon is clickable
2021-11-09 09:54:12,312 40624 [main] INFO  com.trello.android.baseutil.BaseTest - Clicked on : Plus Icon
2021-11-09 09:54:12,323 40635 [main] INFO  com.trello.android.baseutil.BaseTest - Wait for visibility of Boards Icon
2021-11-09 09:54:14,706 43018 [main] INFO  com.trello.android.baseutil.BaseTest - Validate Boards Icon is clickable
2021-11-09 09:54:15,527 43839 [main] INFO  com.trello.android.baseutil.BaseTest - Clicked on : Boards Icon
2021-11-09 09:54:15,527 43839 [main] INFO  com.trello.android.baseutil.BaseTest - Wait for visibility of Board Name Textbox
2021-11-09 09:54:19,831 48143 [main] INFO  com.trello.android.baseutil.BaseTest - Trello_005 is entered into Board Name Textbox
2021-11-09 09:54:19,832 48144 [main] INFO  com.trello.android.baseutil.BaseTest - Wait for visibility of Confirm Tick Mark
2021-11-09 09:54:21,098 49410 [main] INFO  com.trello.android.baseutil.BaseTest - Validate Confirm Tick Mark is clickable
2021-11-09 09:54:21,507 49819 [main] INFO  com.trello.android.baseutil.BaseTest - Clicked on : Confirm Tick Mark
2021-11-09 09:54:21,508 49820 [main] INFO  com.trello.android.baseutil.BaseTest - Wait for visibility of Board Name Text
2021-11-09 09:54:27,020 55332 [main] INFO  com.trello.android.baseutil.BaseTest - Expected Board :Trello_005 Matched with Actual Board :Trello_005
2021-11-09 09:54:27,025 55337 [main] INFO  com.trello.android.baseutil.BaseTest - Wait for visibility of Add List Button
2021-11-09 09:54:27,342 55654 [main] INFO  com.trello.android.baseutil.BaseTest - Validate Add List Button is clickable
2021-11-09 09:54:27,764 56076 [main] INFO  com.trello.android.baseutil.BaseTest - Clicked on : Add List Button
2021-11-09 09:54:27,765 56077 [main] INFO  com.trello.android.baseutil.BaseTest - Wait for visibility of List Name TextBox
2021-11-09 09:54:31,213 59525 [main] INFO  com.trello.android.baseutil.BaseTest - To Do is entered into List Name TextBox
2021-11-09 09:54:31,214 59526 [main] INFO  com.trello.android.baseutil.BaseTest - Wait for visibility of Confirm Tick Mark
2021-11-09 09:54:32,331 60643 [main] INFO  com.trello.android.baseutil.BaseTest - Validate Confirm Tick Mark is clickable
2021-11-09 09:54:32,579 60891 [main] INFO  com.trello.android.baseutil.BaseTest - Clicked on : Confirm Tick Mark
2021-11-09 09:54:33,925 62237 [main] INFO  com.trello.android.baseutil.BaseTest - Wait for visibility of Board Name Text
2021-11-09 09:54:34,043 62355 [main] INFO  com.trello.android.baseutil.BaseTest - Expected List :To Do Matched with Actual List :To Do
2021-11-09 09:54:34,124 62436 [main] INFO  com.trello.android.baseutil.BaseTest - Wait for visibility of Add Card Button
2021-11-09 09:54:34,266 62578 [main] INFO  com.trello.android.baseutil.BaseTest - Validate Add Card Button is clickable
2021-11-09 09:54:34,351 62663 [main] INFO  com.trello.android.baseutil.BaseTest - Clicked on : Add Card Button
2021-11-09 09:54:35,953 64265 [main] INFO  com.trello.android.baseutil.BaseTest - Wait for visibility of Card Name TextBox
2021-11-09 09:54:37,098 65410 [main] INFO  com.trello.android.baseutil.BaseTest - Review TestCase is entered into Card Name TextBox
2021-11-09 09:54:37,099 65411 [main] INFO  com.trello.android.baseutil.BaseTest - Wait for visibility of Confirm Tick Mark
2021-11-09 09:54:38,175 66487 [main] INFO  com.trello.android.baseutil.BaseTest - Validate Confirm Tick Mark is clickable
2021-11-09 09:54:38,436 66748 [main] INFO  com.trello.android.baseutil.BaseTest - Clicked on : Confirm Tick Mark
2021-11-09 09:54:41,729 70041 [main] INFO  com.trello.android.baseutil.BaseTest - Wait for visibility of Card Name Text
2021-11-09 09:54:42,522 70834 [main] INFO  com.trello.android.baseutil.BaseTest - Expected Card :Review TestCase Matched with Actual Card :Review TestCase
2021-11-09 09:54:42,662 70974 [main] INFO  com.trello.android.baseutil.BaseTest - Wait for visibility of Card Name TextBox
2021-11-09 09:54:43,973 72285 [main] INFO  com.trello.android.baseutil.BaseTest - POM Page Creation is entered into Card Name TextBox
2021-11-09 09:54:43,973 72285 [main] INFO  com.trello.android.baseutil.BaseTest - Wait for visibility of Confirm Tick Mark
2021-11-09 09:54:45,106 73418 [main] INFO  com.trello.android.baseutil.BaseTest - Validate Confirm Tick Mark is clickable
2021-11-09 09:54:45,473 73785 [main] INFO  com.trello.android.baseutil.BaseTest - Clicked on : Confirm Tick Mark
2021-11-09 09:54:48,611 76923 [main] INFO  com.trello.android.baseutil.BaseTest - Wait for visibility of Card Name Text
2021-11-09 09:54:48,776 77088 [main] INFO  com.trello.android.baseutil.BaseTest - Expected Card :POM Page Creation Matched with Actual Card :POM Page Creation
2021-11-09 09:54:48,777 77089 [main] INFO  com.trello.android.baseutil.BaseTest - Wait for visibility of Add List Button
2021-11-09 09:54:49,222 77534 [main] INFO  com.trello.android.baseutil.BaseTest - Validate Add List Button is clickable
2021-11-09 09:54:50,180 78492 [main] INFO  com.trello.android.baseutil.BaseTest - Clicked on : Add List Button
2021-11-09 09:54:50,182 78494 [main] INFO  com.trello.android.baseutil.BaseTest - Wait for visibility of List Name TextBox
2021-11-09 09:54:53,261 81573 [main] INFO  com.trello.android.baseutil.BaseTest - Doing is entered into List Name TextBox
2021-11-09 09:54:53,262 81574 [main] INFO  com.trello.android.baseutil.BaseTest - Wait for visibility of Confirm Tick Mark
2021-11-09 09:54:54,489 82801 [main] INFO  com.trello.android.baseutil.BaseTest - Validate Confirm Tick Mark is clickable
2021-11-09 09:54:54,842 83154 [main] INFO  com.trello.android.baseutil.BaseTest - Clicked on : Confirm Tick Mark
2021-11-09 09:54:56,581 84893 [main] INFO  com.trello.android.baseutil.BaseTest - Wait for visibility of Board Name Text
2021-11-09 09:54:56,724 85036 [main] INFO  com.trello.android.baseutil.BaseTest - Expected List :Doing Matched with Actual List :Doing
2021-11-09 09:55:13,109 101421 [main] INFO  com.trello.android.baseutil.BaseTest - Wait for visibility of List Actions
2021-11-09 09:55:13,245 101557 [main] INFO  com.trello.android.baseutil.BaseTest - Validate List Actions is clickable
2021-11-09 09:55:13,354 101666 [main] INFO  com.trello.android.baseutil.BaseTest - Clicked on : List Actions
2021-11-09 09:55:13,355 101667 [main] INFO  com.trello.android.baseutil.BaseTest - Wait for visibility of  Move all Cards in this List Link
2021-11-09 09:55:14,796 103108 [main] INFO  com.trello.android.baseutil.BaseTest - Validate  Move all Cards in this List Link is clickable
2021-11-09 09:55:15,319 103631 [main] INFO  com.trello.android.baseutil.BaseTest - Clicked on :  Move all Cards in this List Link
2021-11-09 09:55:15,320 103632 [main] INFO  com.trello.android.baseutil.BaseTest - Wait for visibility of Boards Dropdown
2021-11-09 09:55:16,611 104923 [main] INFO  com.trello.android.baseutil.BaseTest - Validate Boards Dropdown is clickable
2021-11-09 09:55:16,908 105220 [main] INFO  com.trello.android.baseutil.BaseTest - Clicked on : Boards Dropdown
2021-11-09 09:55:17,292 105604 [main] INFO  com.trello.android.baseutil.BaseTest - Wait for visibility of Boards Option
2021-11-09 09:55:18,093 106405 [main] INFO  com.trello.android.baseutil.BaseTest - Validate Boards Option is clickable
2021-11-09 09:55:18,188 106500 [main] INFO  com.trello.android.baseutil.BaseTest - Clicked on : Boards Option
2021-11-09 09:55:18,188 106500 [main] INFO  com.trello.android.baseutil.BaseTest - Wait for visibility of List Dropdown
2021-11-09 09:55:18,998 107310 [main] INFO  com.trello.android.baseutil.BaseTest - Validate List Dropdown is clickable
2021-11-09 09:55:19,356 107668 [main] INFO  com.trello.android.baseutil.BaseTest - Clicked on : List Dropdown
2021-11-09 09:55:20,346 108658 [main] INFO  com.trello.android.baseutil.BaseTest - Wait for visibility of List Option
2021-11-09 09:55:20,430 108742 [main] INFO  com.trello.android.baseutil.BaseTest - Validate List Option is clickable
2021-11-09 09:55:21,224 109536 [main] INFO  com.trello.android.baseutil.BaseTest - Clicked on : List Option
2021-11-09 09:55:21,225 109537 [main] INFO  com.trello.android.baseutil.BaseTest - Wait for visibility of Confirm Tick Mark
2021-11-09 09:55:21,479 109791 [main] INFO  com.trello.android.baseutil.BaseTest - Validate Confirm Tick Mark is clickable
2021-11-09 09:55:21,762 110074 [main] INFO  com.trello.android.baseutil.BaseTest - Clicked on : Confirm Tick Mark
2021-11-09 09:55:23,601 111913 [main] INFO  com.trello.android.baseutil.BaseTest - Swiping the element using Co-ordinates
2021-11-09 09:55:26,757 115069 [main] INFO  com.trello.android.baseutil.BaseTest - Swiping the element using Co-ordinates
2021-11-09 09:55:39,595 127907 [main] INFO  com.trello.android.baseutil.BaseTest - Swiping the element using Co-ordinates
2021-11-09 09:55:51,654 139966 [main] INFO  com.trello.android.baseutil.BaseTest - Swiping the element using Co-ordinates
2021-11-09 09:55:53,621 141933 [main] INFO  com.trello.android.baseutil.BaseTest - Successfully moved the cards to Doing list
2021-11-09 09:55:53,622 141934 [main] INFO  com.trello.android.baseutil.BaseTest - Wait for visibility of List Actions Board
2021-11-09 09:55:53,881 142193 [main] INFO  com.trello.android.baseutil.BaseTest - Validate List Actions Board is clickable
2021-11-09 09:55:54,251 142563 [main] INFO  com.trello.android.baseutil.BaseTest - Clicked on : List Actions Board
2021-11-09 09:55:54,255 142567 [main] INFO  com.trello.android.baseutil.BaseTest - Wait for visibility of Boards Settings
2021-11-09 09:55:55,662 143974 [main] INFO  com.trello.android.baseutil.BaseTest - Validate Boards Settings is clickable
2021-11-09 09:55:57,073 145385 [main] INFO  com.trello.android.baseutil.BaseTest - Clicked on : Boards Settings
2021-11-09 09:55:57,074 145386 [main] INFO  com.trello.android.baseutil.BaseTest - Scroll till the Close Boards
2021-11-09 09:56:01,887 150199 [main] INFO  com.trello.android.baseutil.BaseTest - Scroll till the Close Boards completed
2021-11-09 09:56:01,887 150199 [main] INFO  com.trello.android.baseutil.BaseTest - Wait for visibility of Close Boards
2021-11-09 09:56:03,260 151572 [main] INFO  com.trello.android.baseutil.BaseTest - Validate Close Boards is clickable
2021-11-09 09:56:04,261 152573 [main] INFO  com.trello.android.baseutil.BaseTest - Clicked on : Close Boards
2021-11-09 09:56:05,438 153750 [main] INFO  com.trello.android.baseutil.BaseTest - Wait for visibility of This board is closed text
2021-11-09 09:56:05,551 153863 [main] INFO  com.trello.android.baseutil.BaseTest - Validate This board is closed text is displayed
2021-11-09 09:56:05,586 153898 [main] INFO  com.trello.android.baseutil.BaseTest - This board is closed text is displayed
2021-11-09 09:56:08,675 156987 [main] INFO  com.trello.android.baseutil.BaseTest - Appium server stop
