2021-11-10 10:08:39,877 567  [main] INFO  com.trello.android.baseutil.BaseTest - Starting the Appium Server
2021-11-10 10:08:42,941 3631 [main] INFO  com.trello.android.baseutil.BaseTest - Appium Server started
2021-11-10 10:08:42,942 3632 [main] INFO  com.trello.android.baseutil.BaseTest - Appium Server URL: http://127.0.0.1:4723/wd/hub
2021-11-10 10:08:42,943 3633 [main] INFO  com.trello.android.baseutil.BaseTest - Launching the Emulator
2021-11-10 10:09:12,958 33648 [main] INFO  com.trello.android.baseutil.BaseTest - Emulator launched successfully!
2021-11-10 10:09:12,965 33655 [main] INFO  com.trello.android.baseutil.BaseTest - Folder creation for Extent
2021-11-10 10:09:12,981 33671 [main] INFO  com.trello.android.baseutil.BaseTest - ExtentDir:-C:\Users\Dell\Desktop\Ashish_Appium\TrelloMobile/reports/Automation Report- 11_10_2021_10_09_12
2021-11-10 10:09:13,155 33845 [main] INFO  com.trello.android.baseutil.BaseTest - Report Initiated
2021-11-10 10:09:13,156 33846 [main] INFO  com.trello.android.baseutil.BaseTest - Screenshot folder created
2021-11-10 10:10:12,706 93396 [main] ERROR com.trello.android.baseutil.BaseTest - Unable to close the driver
2021-11-10 10:10:50,777 131467 [main] ERROR com.trello.android.baseutil.BaseTest - Unable to close the driver
2021-11-10 10:11:12,250 152940 [main] ERROR com.trello.android.baseutil.BaseTest - Unable to close the driver
2021-11-10 10:11:33,683 174373 [main] INFO  com.trello.android.baseutil.BaseTest - Wait for visibility of Plus Icon
2021-11-10 10:11:34,549 175239 [main] INFO  com.trello.android.baseutil.BaseTest - Validate Plus Icon is clickable
2021-11-10 10:11:35,312 176002 [main] INFO  com.trello.android.baseutil.BaseTest - Clicked on : Plus Icon
2021-11-10 10:11:35,313 176003 [main] INFO  com.trello.android.baseutil.BaseTest - Wait for visibility of Boards Icon
2021-11-10 10:11:36,615 177305 [main] INFO  com.trello.android.baseutil.BaseTest - Validate Boards Icon is clickable
2021-11-10 10:11:38,441 179131 [main] INFO  com.trello.android.baseutil.BaseTest - Clicked on : Boards Icon
2021-11-10 10:11:38,442 179132 [main] INFO  com.trello.android.baseutil.BaseTest - Wait for visibility of Board Name Textbox
2021-11-10 10:11:43,036 183726 [main] INFO  com.trello.android.baseutil.BaseTest - Trello_004 is entered into Board Name Textbox
2021-11-10 10:11:43,037 183727 [main] INFO  com.trello.android.baseutil.BaseTest - Wait for visibility of Confirm Tick Mark
2021-11-10 10:11:44,131 184821 [main] INFO  com.trello.android.baseutil.BaseTest - Validate Confirm Tick Mark is clickable
2021-11-10 10:11:44,489 185179 [main] INFO  com.trello.android.baseutil.BaseTest - Clicked on : Confirm Tick Mark
2021-11-10 10:11:44,489 185179 [main] INFO  com.trello.android.baseutil.BaseTest - Wait for visibility of Board Name Text
2021-11-10 10:11:47,385 188075 [main] INFO  com.trello.android.baseutil.BaseTest - Expected Board :Trello_004 Matched with Actual Board :Trello_004
2021-11-10 10:11:47,389 188079 [main] INFO  com.trello.android.baseutil.BaseTest - Wait for visibility of Add List Button
2021-11-10 10:11:47,736 188426 [main] INFO  com.trello.android.baseutil.BaseTest - Validate Add List Button is clickable
2021-11-10 10:11:48,345 189035 [main] INFO  com.trello.android.baseutil.BaseTest - Clicked on : Add List Button
2021-11-10 10:11:48,346 189036 [main] INFO  com.trello.android.baseutil.BaseTest - Wait for visibility of List Name TextBox
2021-11-10 10:11:51,206 191896 [main] INFO  com.trello.android.baseutil.BaseTest - To Do is entered into List Name TextBox
2021-11-10 10:11:51,206 191896 [main] INFO  com.trello.android.baseutil.BaseTest - Wait for visibility of Confirm Tick Mark
2021-11-10 10:11:52,390 193080 [main] INFO  com.trello.android.baseutil.BaseTest - Validate Confirm Tick Mark is clickable
2021-11-10 10:11:53,169 193859 [main] INFO  com.trello.android.baseutil.BaseTest - Clicked on : Confirm Tick Mark
2021-11-10 10:11:53,255 193945 [main] INFO  com.trello.android.baseutil.BaseTest - Wait for visibility of Board Name Text
2021-11-10 10:11:54,757 195447 [main] INFO  com.trello.android.baseutil.BaseTest - Expected List :To Do Matched with Actual List :To Do
2021-11-10 10:11:54,831 195521 [main] INFO  com.trello.android.baseutil.BaseTest - Wait for visibility of Add Card Button
2021-11-10 10:11:54,995 195685 [main] INFO  com.trello.android.baseutil.BaseTest - Validate Add Card Button is clickable
2021-11-10 10:11:55,067 195757 [main] INFO  com.trello.android.baseutil.BaseTest - Clicked on : Add Card Button
2021-11-10 10:11:56,710 197400 [main] INFO  com.trello.android.baseutil.BaseTest - Wait for visibility of Card Name TextBox
2021-11-10 10:11:58,012 198702 [main] INFO  com.trello.android.baseutil.BaseTest - Review TestCase is entered into Card Name TextBox
2021-11-10 10:11:58,013 198703 [main] INFO  com.trello.android.baseutil.BaseTest - Wait for visibility of Confirm Tick Mark
2021-11-10 10:11:59,115 199805 [main] INFO  com.trello.android.baseutil.BaseTest - Validate Confirm Tick Mark is clickable
2021-11-10 10:11:59,462 200152 [main] INFO  com.trello.android.baseutil.BaseTest - Clicked on : Confirm Tick Mark
2021-11-10 10:12:03,297 203987 [main] INFO  com.trello.android.baseutil.BaseTest - Wait for visibility of Card Name Text
2021-11-10 10:12:03,557 204247 [main] INFO  com.trello.android.baseutil.BaseTest - Expected Card :Review TestCase Matched with Actual Card :Review TestCase
2021-11-10 10:12:03,675 204365 [main] INFO  com.trello.android.baseutil.BaseTest - Wait for visibility of Card Name
2021-11-10 10:12:03,899 204589 [main] INFO  com.trello.android.baseutil.BaseTest - Validate Card Name  is clickable
2021-11-10 10:12:04,110 204800 [main] INFO  com.trello.android.baseutil.BaseTest - Clicked on : Card Name 
2021-11-10 10:12:07,220 207910 [main] INFO  com.trello.android.baseutil.BaseTest - Wait for visibility of Add Checklist Button
2021-11-10 10:12:07,778 208468 [main] INFO  com.trello.android.baseutil.BaseTest - Validate Add Checklist Button is clickable
2021-11-10 10:12:07,881 208571 [main] INFO  com.trello.android.baseutil.BaseTest - Clicked on : Add Checklist Button
2021-11-10 10:12:07,882 208572 [main] INFO  com.trello.android.baseutil.BaseTest - Wait for visibility of Add Item Text Field
2021-11-10 10:12:14,702 215392 [main] INFO  com.trello.android.baseutil.BaseTest - Trello Project is entered into Add Item Text Field
2021-11-10 10:12:14,703 215393 [main] INFO  com.trello.android.baseutil.BaseTest - Wait for visibility of Accept Icon
2021-11-10 10:12:16,430 217120 [main] INFO  com.trello.android.baseutil.BaseTest - Validate Accept Icon is clickable
2021-11-10 10:12:16,964 217654 [main] INFO  com.trello.android.baseutil.BaseTest - Clicked on : Accept Icon
2021-11-10 10:12:16,965 217655 [main] INFO  com.trello.android.baseutil.BaseTest - Wait for visibility of Reject Icon
2021-11-10 10:12:19,138 219828 [main] INFO  com.trello.android.baseutil.BaseTest - Validate Reject Icon is clickable
2021-11-10 10:12:19,742 220432 [main] INFO  com.trello.android.baseutil.BaseTest - Clicked on : Reject Icon
2021-11-10 10:12:19,743 220433 [main] INFO  com.trello.android.baseutil.BaseTest - Wait for visibility of Close Icon
2021-11-10 10:12:21,258 221948 [main] INFO  com.trello.android.baseutil.BaseTest - Validate Close Icon is clickable
2021-11-10 10:12:22,193 222883 [main] INFO  com.trello.android.baseutil.BaseTest - Clicked on : Close Icon
2021-11-10 10:12:22,534 223224 [main] INFO  com.trello.android.baseutil.BaseTest - Wait for visibility of List Name
2021-11-10 10:12:22,914 223604 [main] INFO  com.trello.android.baseutil.BaseTest - Validate List Name is clickable
2021-11-10 10:12:23,513 224203 [main] INFO  com.trello.android.baseutil.BaseTest - Clicked on : List Name
2021-11-10 10:12:25,024 225714 [main] INFO  com.trello.android.baseutil.BaseTest - Clear the text present inList Name
2021-11-10 10:12:26,390 227080 [main] INFO  com.trello.android.baseutil.BaseTest - To DO Till Evening is entered into List Name
2021-11-10 10:12:27,919 228609 [main] INFO  com.trello.android.baseutil.BaseTest - List Name Updated Successfully
2021-11-10 10:12:28,015 228705 [main] INFO  com.trello.android.baseutil.BaseTest - Wait for visibility of Card Name
2021-11-10 10:12:28,231 228921 [main] INFO  com.trello.android.baseutil.BaseTest - Validate Card Name  is clickable
2021-11-10 10:12:28,442 229132 [main] INFO  com.trello.android.baseutil.BaseTest - Clicked on : Card Name 
2021-11-10 10:12:31,272 231962 [main] INFO  com.trello.android.baseutil.BaseTest - Wait for visibility of Card Name Link
2021-11-10 10:12:31,818 232508 [main] INFO  com.trello.android.baseutil.BaseTest - Validate Card Name Link is clickable
2021-11-10 10:12:31,925 232615 [main] INFO  com.trello.android.baseutil.BaseTest - Clicked on : Card Name Link
2021-11-10 10:12:33,516 234206 [main] INFO  com.trello.android.baseutil.BaseTest - Clear the text present inCard Name Link
2021-11-10 10:12:34,702 235392 [main] INFO  com.trello.android.baseutil.BaseTest - Script Writing is entered into Card Name Link
2021-11-10 10:12:34,702 235392 [main] INFO  com.trello.android.baseutil.BaseTest - Wait for visibility of Confirm TickMark For Edit Card Name
2021-11-10 10:12:35,883 236573 [main] INFO  com.trello.android.baseutil.BaseTest - Validate Confirm TickMark For Edit Card Name is clickable
2021-11-10 10:12:36,329 237019 [main] INFO  com.trello.android.baseutil.BaseTest - Clicked on : Confirm TickMark For Edit Card Name
2021-11-10 10:12:36,330 237020 [main] INFO  com.trello.android.baseutil.BaseTest - Wait for visibility of Close Icon
2021-11-10 10:12:38,464 239154 [main] INFO  com.trello.android.baseutil.BaseTest - Validate Close Icon is clickable
2021-11-10 10:12:39,266 239956 [main] INFO  com.trello.android.baseutil.BaseTest - Clicked on : Close Icon
2021-11-10 10:12:39,267 239957 [main] INFO  com.trello.android.baseutil.BaseTest - Wait for visibility of Add List Button
2021-11-10 10:12:40,133 240823 [main] INFO  com.trello.android.baseutil.BaseTest - Validate Add List Button is clickable
2021-11-10 10:12:40,655 241345 [main] INFO  com.trello.android.baseutil.BaseTest - Clicked on : Add List Button
2021-11-10 10:12:40,656 241346 [main] INFO  com.trello.android.baseutil.BaseTest - Wait for visibility of List Name TextBox
2021-11-10 10:12:43,893 244583 [main] INFO  com.trello.android.baseutil.BaseTest - Doing is entered into List Name TextBox
2021-11-10 10:12:43,893 244583 [main] INFO  com.trello.android.baseutil.BaseTest - Wait for visibility of Confirm Tick Mark
2021-11-10 10:12:44,993 245683 [main] INFO  com.trello.android.baseutil.BaseTest - Validate Confirm Tick Mark is clickable
2021-11-10 10:12:45,342 246032 [main] INFO  com.trello.android.baseutil.BaseTest - Clicked on : Confirm Tick Mark
2021-11-10 10:12:45,461 246151 [main] INFO  com.trello.android.baseutil.BaseTest - Wait for visibility of Board Name Text
2021-11-10 10:12:46,947 247637 [main] INFO  com.trello.android.baseutil.BaseTest - Expected List :Doing Matched with Actual List :Doing
2021-11-10 10:12:47,025 247715 [main] INFO  com.trello.android.baseutil.BaseTest - Wait for visibility of Element To Drag
2021-11-10 10:12:47,175 247865 [main] INFO  com.trello.android.baseutil.BaseTest - Wait for visibility of Element To Drop
2021-11-10 10:12:56,092 256782 [main] INFO  com.trello.android.baseutil.BaseTest - Drag and Drop Completed
2021-11-10 10:12:56,693 257383 [main] INFO  com.trello.android.baseutil.BaseTest - Wait for visibility of List Name
2021-11-10 10:12:58,453 259143 [main] INFO  com.trello.android.baseutil.BaseTest - Drag Card : Script Writing And Drop To : Doing List Successfully
2021-11-10 10:12:58,454 259144 [main] INFO  com.trello.android.baseutil.BaseTest - Wait for visibility of Add List Button
2021-11-10 10:12:58,890 259580 [main] INFO  com.trello.android.baseutil.BaseTest - Validate Add List Button is clickable
2021-11-10 10:12:59,491 260181 [main] INFO  com.trello.android.baseutil.BaseTest - Clicked on : Add List Button
2021-11-10 10:12:59,492 260182 [main] INFO  com.trello.android.baseutil.BaseTest - Wait for visibility of List Name TextBox
2021-11-10 10:13:02,965 263655 [main] INFO  com.trello.android.baseutil.BaseTest - Done is entered into List Name TextBox
2021-11-10 10:13:02,966 263656 [main] INFO  com.trello.android.baseutil.BaseTest - Wait for visibility of Confirm Tick Mark
2021-11-10 10:13:04,315 265005 [main] INFO  com.trello.android.baseutil.BaseTest - Validate Confirm Tick Mark is clickable
2021-11-10 10:13:04,652 265342 [main] INFO  com.trello.android.baseutil.BaseTest - Clicked on : Confirm Tick Mark
2021-11-10 10:13:06,010 266700 [main] INFO  com.trello.android.baseutil.BaseTest - Wait for visibility of Board Name Text
2021-11-10 10:13:06,151 266841 [main] INFO  com.trello.android.baseutil.BaseTest - Expected List :Done Matched with Actual List :Done
2021-11-10 10:13:06,230 266920 [main] INFO  com.trello.android.baseutil.BaseTest - Wait for visibility of Element To Drag
2021-11-10 10:13:06,387 267077 [main] INFO  com.trello.android.baseutil.BaseTest - Wait for visibility of Element To Drop
2021-11-10 10:13:15,166 275856 [main] INFO  com.trello.android.baseutil.BaseTest - Drag and Drop Completed
2021-11-10 10:13:15,765 276455 [main] INFO  com.trello.android.baseutil.BaseTest - Wait for visibility of List Name
2021-11-10 10:13:16,717 277407 [main] INFO  com.trello.android.baseutil.BaseTest - Drag Card : Script Writing And Drop To : Done List Successfully
2021-11-10 10:13:16,718 277408 [main] INFO  com.trello.android.baseutil.BaseTest - Wait for visibility of List Actions Board
2021-11-10 10:13:16,955 277645 [main] INFO  com.trello.android.baseutil.BaseTest - Validate List Actions Board is clickable
2021-11-10 10:13:17,295 277985 [main] INFO  com.trello.android.baseutil.BaseTest - Clicked on : List Actions Board
2021-11-10 10:13:17,295 277985 [main] INFO  com.trello.android.baseutil.BaseTest - Wait for visibility of Boards Settings
2021-11-10 10:13:19,254 279944 [main] INFO  com.trello.android.baseutil.BaseTest - Validate Boards Settings is clickable
2021-11-10 10:13:19,913 280603 [main] INFO  com.trello.android.baseutil.BaseTest - Clicked on : Boards Settings
2021-11-10 10:13:19,914 280604 [main] INFO  com.trello.android.baseutil.BaseTest - Scroll till the Close Boards
2021-11-10 10:13:23,986 284676 [main] INFO  com.trello.android.baseutil.BaseTest - Scroll till the Close Boards completed
2021-11-10 10:13:23,987 284677 [main] INFO  com.trello.android.baseutil.BaseTest - Wait for visibility of Close Boards
2021-11-10 10:13:25,493 286183 [main] INFO  com.trello.android.baseutil.BaseTest - Validate Close Boards is clickable
2021-11-10 10:13:26,519 287209 [main] INFO  com.trello.android.baseutil.BaseTest - Clicked on : Close Boards
2021-11-10 10:13:27,736 288426 [main] INFO  com.trello.android.baseutil.BaseTest - Wait for visibility of This board is closed text
2021-11-10 10:13:28,314 289004 [main] INFO  com.trello.android.baseutil.BaseTest - Validate This board is closed text is displayed
2021-11-10 10:13:28,343 289033 [main] INFO  com.trello.android.baseutil.BaseTest - This board is closed text is displayed
2021-11-10 10:13:46,980 307670 [main] INFO  com.trello.android.baseutil.BaseTest - Wait for visibility of Plus Icon
2021-11-10 10:13:48,546 309236 [main] INFO  com.trello.android.baseutil.BaseTest - Validate Plus Icon is clickable
2021-11-10 10:13:49,274 309964 [main] INFO  com.trello.android.baseutil.BaseTest - Clicked on : Plus Icon
2021-11-10 10:13:49,276 309966 [main] INFO  com.trello.android.baseutil.BaseTest - Wait for visibility of Boards Icon
2021-11-10 10:13:50,542 311232 [main] INFO  com.trello.android.baseutil.BaseTest - Validate Boards Icon is clickable
2021-11-10 10:13:52,598 313288 [main] INFO  com.trello.android.baseutil.BaseTest - Clicked on : Boards Icon
2021-11-10 10:13:52,599 313289 [main] INFO  com.trello.android.baseutil.BaseTest - Wait for visibility of Board Name Textbox
2021-11-10 10:13:56,288 316978 [main] INFO  com.trello.android.baseutil.BaseTest - Trello_005 is entered into Board Name Textbox
2021-11-10 10:13:56,288 316978 [main] INFO  com.trello.android.baseutil.BaseTest - Wait for visibility of Confirm Tick Mark
2021-11-10 10:13:57,338 318028 [main] INFO  com.trello.android.baseutil.BaseTest - Validate Confirm Tick Mark is clickable
2021-11-10 10:13:57,771 318461 [main] INFO  com.trello.android.baseutil.BaseTest - Clicked on : Confirm Tick Mark
2021-11-10 10:13:57,771 318461 [main] INFO  com.trello.android.baseutil.BaseTest - Wait for visibility of Board Name Text
2021-11-10 10:14:01,861 322551 [main] INFO  com.trello.android.baseutil.BaseTest - Expected Board :Trello_005 Matched with Actual Board :Trello_005
2021-11-10 10:14:01,862 322552 [main] INFO  com.trello.android.baseutil.BaseTest - Wait for visibility of Add List Button
2021-11-10 10:14:02,196 322886 [main] INFO  com.trello.android.baseutil.BaseTest - Validate Add List Button is clickable
2021-11-10 10:14:02,641 323331 [main] INFO  com.trello.android.baseutil.BaseTest - Clicked on : Add List Button
2021-11-10 10:14:02,642 323332 [main] INFO  com.trello.android.baseutil.BaseTest - Wait for visibility of List Name TextBox
2021-11-10 10:14:05,872 326562 [main] INFO  com.trello.android.baseutil.BaseTest - To Do is entered into List Name TextBox
2021-11-10 10:14:05,873 326563 [main] INFO  com.trello.android.baseutil.BaseTest - Wait for visibility of Confirm Tick Mark
2021-11-10 10:14:07,461 328151 [main] INFO  com.trello.android.baseutil.BaseTest - Validate Confirm Tick Mark is clickable
2021-11-10 10:14:07,777 328467 [main] INFO  com.trello.android.baseutil.BaseTest - Clicked on : Confirm Tick Mark
2021-11-10 10:14:07,850 328540 [main] INFO  com.trello.android.baseutil.BaseTest - Wait for visibility of Board Name Text
2021-11-10 10:14:09,341 330031 [main] INFO  com.trello.android.baseutil.BaseTest - Expected List :To Do Matched with Actual List :To Do
2021-11-10 10:14:09,398 330088 [main] INFO  com.trello.android.baseutil.BaseTest - Wait for visibility of Add Card Button
2021-11-10 10:14:09,498 330188 [main] INFO  com.trello.android.baseutil.BaseTest - Validate Add Card Button is clickable
2021-11-10 10:14:09,564 330254 [main] INFO  com.trello.android.baseutil.BaseTest - Clicked on : Add Card Button
2021-11-10 10:14:11,113 331803 [main] INFO  com.trello.android.baseutil.BaseTest - Wait for visibility of Card Name TextBox
2021-11-10 10:14:12,283 332973 [main] INFO  com.trello.android.baseutil.BaseTest - Review TestCase is entered into Card Name TextBox
2021-11-10 10:14:12,283 332973 [main] INFO  com.trello.android.baseutil.BaseTest - Wait for visibility of Confirm Tick Mark
2021-11-10 10:14:13,352 334042 [main] INFO  com.trello.android.baseutil.BaseTest - Validate Confirm Tick Mark is clickable
2021-11-10 10:14:13,634 334324 [main] INFO  com.trello.android.baseutil.BaseTest - Clicked on : Confirm Tick Mark
2021-11-10 10:14:16,743 337433 [main] INFO  com.trello.android.baseutil.BaseTest - Wait for visibility of Card Name Text
2021-11-10 10:14:16,888 337578 [main] INFO  com.trello.android.baseutil.BaseTest - Expected Card :Review TestCase Matched with Actual Card :Review TestCase
2021-11-10 10:14:16,986 337676 [main] INFO  com.trello.android.baseutil.BaseTest - Wait for visibility of Card Name TextBox
2021-11-10 10:14:18,222 338912 [main] INFO  com.trello.android.baseutil.BaseTest - POM Page Creation is entered into Card Name TextBox
2021-11-10 10:14:18,223 338913 [main] INFO  com.trello.android.baseutil.BaseTest - Wait for visibility of Confirm Tick Mark
2021-11-10 10:14:19,282 339972 [main] INFO  com.trello.android.baseutil.BaseTest - Validate Confirm Tick Mark is clickable
2021-11-10 10:14:19,604 340294 [main] INFO  com.trello.android.baseutil.BaseTest - Clicked on : Confirm Tick Mark
2021-11-10 10:14:22,730 343420 [main] INFO  com.trello.android.baseutil.BaseTest - Wait for visibility of Card Name Text
2021-11-10 10:14:22,936 343626 [main] INFO  com.trello.android.baseutil.BaseTest - Expected Card :POM Page Creation Matched with Actual Card :POM Page Creation
2021-11-10 10:14:22,938 343628 [main] INFO  com.trello.android.baseutil.BaseTest - Wait for visibility of Add List Button
2021-11-10 10:14:23,291 343981 [main] INFO  com.trello.android.baseutil.BaseTest - Validate Add List Button is clickable
2021-11-10 10:14:23,828 344518 [main] INFO  com.trello.android.baseutil.BaseTest - Clicked on : Add List Button
2021-11-10 10:14:23,829 344519 [main] INFO  com.trello.android.baseutil.BaseTest - Wait for visibility of List Name TextBox
2021-11-10 10:14:26,907 347597 [main] INFO  com.trello.android.baseutil.BaseTest - Doing is entered into List Name TextBox
2021-11-10 10:14:26,908 347598 [main] INFO  com.trello.android.baseutil.BaseTest - Wait for visibility of Confirm Tick Mark
2021-11-10 10:14:28,014 348704 [main] INFO  com.trello.android.baseutil.BaseTest - Validate Confirm Tick Mark is clickable
2021-11-10 10:14:28,335 349025 [main] INFO  com.trello.android.baseutil.BaseTest - Clicked on : Confirm Tick Mark
2021-11-10 10:14:28,428 349118 [main] INFO  com.trello.android.baseutil.BaseTest - Wait for visibility of Board Name Text
2021-11-10 10:14:29,864 350554 [main] INFO  com.trello.android.baseutil.BaseTest - Expected List :Doing Matched with Actual List :Doing
2021-11-10 10:14:39,359 360049 [main] INFO  com.trello.android.baseutil.BaseTest - Wait for visibility of List Actions
2021-11-10 10:14:39,527 360217 [main] INFO  com.trello.android.baseutil.BaseTest - Validate List Actions is clickable
2021-11-10 10:14:39,595 360285 [main] INFO  com.trello.android.baseutil.BaseTest - Clicked on : List Actions
2021-11-10 10:14:39,596 360286 [main] INFO  com.trello.android.baseutil.BaseTest - Wait for visibility of  Move all Cards in this List Link
2021-11-10 10:14:41,022 361712 [main] INFO  com.trello.android.baseutil.BaseTest - Validate  Move all Cards in this List Link is clickable
2021-11-10 10:14:41,459 362149 [main] INFO  com.trello.android.baseutil.BaseTest - Clicked on :  Move all Cards in this List Link
2021-11-10 10:14:41,461 362151 [main] INFO  com.trello.android.baseutil.BaseTest - Wait for visibility of Boards Dropdown
2021-11-10 10:14:42,924 363614 [main] INFO  com.trello.android.baseutil.BaseTest - Validate Boards Dropdown is clickable
2021-11-10 10:14:43,166 363856 [main] INFO  com.trello.android.baseutil.BaseTest - Clicked on : Boards Dropdown
2021-11-10 10:14:44,587 365277 [main] INFO  com.trello.android.baseutil.BaseTest - Wait for visibility of Boards Option
2021-11-10 10:14:44,696 365386 [main] INFO  com.trello.android.baseutil.BaseTest - Validate Boards Option is clickable
2021-11-10 10:14:44,785 365475 [main] INFO  com.trello.android.baseutil.BaseTest - Clicked on : Boards Option
2021-11-10 10:14:44,786 365476 [main] INFO  com.trello.android.baseutil.BaseTest - Wait for visibility of List Dropdown
2021-11-10 10:14:45,577 366267 [main] INFO  com.trello.android.baseutil.BaseTest - Validate List Dropdown is clickable
2021-11-10 10:14:45,876 366566 [main] INFO  com.trello.android.baseutil.BaseTest - Clicked on : List Dropdown
2021-11-10 10:14:46,888 367578 [main] INFO  com.trello.android.baseutil.BaseTest - Wait for visibility of List Option
2021-11-10 10:14:46,984 367674 [main] INFO  com.trello.android.baseutil.BaseTest - Validate List Option is clickable
2021-11-10 10:14:47,794 368484 [main] INFO  com.trello.android.baseutil.BaseTest - Clicked on : List Option
2021-11-10 10:14:47,794 368484 [main] INFO  com.trello.android.baseutil.BaseTest - Wait for visibility of Confirm Tick Mark
2021-11-10 10:14:48,021 368711 [main] INFO  com.trello.android.baseutil.BaseTest - Validate Confirm Tick Mark is clickable
2021-11-10 10:14:48,286 368976 [main] INFO  com.trello.android.baseutil.BaseTest - Clicked on : Confirm Tick Mark
2021-11-10 10:14:49,890 370580 [main] INFO  com.trello.android.baseutil.BaseTest - Swiping the element using Co-ordinates
2021-11-10 10:14:53,188 373878 [main] INFO  com.trello.android.baseutil.BaseTest - Swiping the element using Co-ordinates
2021-11-10 10:15:00,584 381274 [main] INFO  com.trello.android.baseutil.BaseTest - Swiping the element using Co-ordinates
2021-11-10 10:15:07,847 388537 [main] INFO  com.trello.android.baseutil.BaseTest - Swiping the element using Co-ordinates
2021-11-10 10:15:09,845 390535 [main] INFO  com.trello.android.baseutil.BaseTest - Successfully moved the cards to Doing list
2021-11-10 10:15:09,846 390536 [main] INFO  com.trello.android.baseutil.BaseTest - Wait for visibility of List Actions Board
2021-11-10 10:15:10,086 390776 [main] INFO  com.trello.android.baseutil.BaseTest - Validate List Actions Board is clickable
2021-11-10 10:15:10,416 391106 [main] INFO  com.trello.android.baseutil.BaseTest - Clicked on : List Actions Board
2021-11-10 10:15:10,416 391106 [main] INFO  com.trello.android.baseutil.BaseTest - Wait for visibility of Boards Settings
2021-11-10 10:15:11,719 392409 [main] INFO  com.trello.android.baseutil.BaseTest - Validate Boards Settings is clickable
2021-11-10 10:15:12,574 393264 [main] INFO  com.trello.android.baseutil.BaseTest - Clicked on : Boards Settings
2021-11-10 10:15:12,575 393265 [main] INFO  com.trello.android.baseutil.BaseTest - Scroll till the Close Boards
2021-11-10 10:15:17,360 398050 [main] INFO  com.trello.android.baseutil.BaseTest - Scroll till the Close Boards completed
2021-11-10 10:15:17,361 398051 [main] INFO  com.trello.android.baseutil.BaseTest - Wait for visibility of Close Boards
2021-11-10 10:15:18,242 398932 [main] INFO  com.trello.android.baseutil.BaseTest - Validate Close Boards is clickable
2021-11-10 10:15:19,126 399816 [main] INFO  com.trello.android.baseutil.BaseTest - Clicked on : Close Boards
2021-11-10 10:15:20,351 401041 [main] INFO  com.trello.android.baseutil.BaseTest - Wait for visibility of This board is closed text
2021-11-10 10:15:20,447 401137 [main] INFO  com.trello.android.baseutil.BaseTest - Validate This board is closed text is displayed
2021-11-10 10:15:20,472 401162 [main] INFO  com.trello.android.baseutil.BaseTest - This board is closed text is displayed
2021-11-10 10:15:38,982 419672 [main] INFO  com.trello.android.baseutil.BaseTest - Wait for visibility of Plus Icon
2021-11-10 10:15:40,579 421269 [main] INFO  com.trello.android.baseutil.BaseTest - Validate Plus Icon is clickable
2021-11-10 10:15:41,345 422035 [main] INFO  com.trello.android.baseutil.BaseTest - Clicked on : Plus Icon
2021-11-10 10:15:41,346 422036 [main] INFO  com.trello.android.baseutil.BaseTest - Wait for visibility of Boards Icon
2021-11-10 10:15:42,641 423331 [main] INFO  com.trello.android.baseutil.BaseTest - Validate Boards Icon is clickable
2021-11-10 10:15:43,522 424212 [main] INFO  com.trello.android.baseutil.BaseTest - Clicked on : Boards Icon
2021-11-10 10:15:43,523 424213 [main] INFO  com.trello.android.baseutil.BaseTest - Wait for visibility of Board Name Textbox
2021-11-10 10:15:48,341 429031 [main] INFO  com.trello.android.baseutil.BaseTest - Trello_006 is entered into Board Name Textbox
2021-11-10 10:15:48,342 429032 [main] INFO  com.trello.android.baseutil.BaseTest - Wait for visibility of Confirm Tick Mark
2021-11-10 10:15:50,017 430707 [main] INFO  com.trello.android.baseutil.BaseTest - Validate Confirm Tick Mark is clickable
2021-11-10 10:15:50,420 431110 [main] INFO  com.trello.android.baseutil.BaseTest - Clicked on : Confirm Tick Mark
2021-11-10 10:15:50,421 431111 [main] INFO  com.trello.android.baseutil.BaseTest - Wait for visibility of Board Name Text
2021-11-10 10:15:56,908 437598 [main] INFO  com.trello.android.baseutil.BaseTest - Expected Board :Trello_006 Matched with Actual Board :Trello_006
2021-11-10 10:15:56,909 437599 [main] INFO  com.trello.android.baseutil.BaseTest - Wait for visibility of Add List Button
2021-11-10 10:15:57,209 437899 [main] INFO  com.trello.android.baseutil.BaseTest - Validate Add List Button is clickable
2021-11-10 10:15:57,702 438392 [main] INFO  com.trello.android.baseutil.BaseTest - Clicked on : Add List Button
2021-11-10 10:15:57,703 438393 [main] INFO  com.trello.android.baseutil.BaseTest - Wait for visibility of List Name TextBox
2021-11-10 10:16:00,649 441339 [main] INFO  com.trello.android.baseutil.BaseTest - To Do is entered into List Name TextBox
2021-11-10 10:16:00,650 441340 [main] INFO  com.trello.android.baseutil.BaseTest - Wait for visibility of Confirm Tick Mark
2021-11-10 10:16:01,737 442427 [main] INFO  com.trello.android.baseutil.BaseTest - Validate Confirm Tick Mark is clickable
2021-11-10 10:16:01,968 442658 [main] INFO  com.trello.android.baseutil.BaseTest - Clicked on : Confirm Tick Mark
2021-11-10 10:16:02,050 442740 [main] INFO  com.trello.android.baseutil.BaseTest - Wait for visibility of Board Name Text
2021-11-10 10:16:03,437 444127 [main] INFO  com.trello.android.baseutil.BaseTest - Expected List :To Do Matched with Actual List :To Do
2021-11-10 10:16:03,503 444193 [main] INFO  com.trello.android.baseutil.BaseTest - Wait for visibility of Add Card Button
2021-11-10 10:16:03,609 444299 [main] INFO  com.trello.android.baseutil.BaseTest - Validate Add Card Button is clickable
2021-11-10 10:16:03,688 444378 [main] INFO  com.trello.android.baseutil.BaseTest - Clicked on : Add Card Button
2021-11-10 10:16:05,321 446011 [main] INFO  com.trello.android.baseutil.BaseTest - Wait for visibility of Card Name TextBox
2021-11-10 10:16:06,489 447179 [main] INFO  com.trello.android.baseutil.BaseTest - Script Writing is entered into Card Name TextBox
2021-11-10 10:16:06,489 447179 [main] INFO  com.trello.android.baseutil.BaseTest - Wait for visibility of Confirm Tick Mark
2021-11-10 10:16:07,580 448270 [main] INFO  com.trello.android.baseutil.BaseTest - Validate Confirm Tick Mark is clickable
2021-11-10 10:16:07,890 448580 [main] INFO  com.trello.android.baseutil.BaseTest - Clicked on : Confirm Tick Mark
2021-11-10 10:16:11,151 451841 [main] INFO  com.trello.android.baseutil.BaseTest - Wait for visibility of Card Name Text
2021-11-10 10:16:11,307 451997 [main] INFO  com.trello.android.baseutil.BaseTest - Expected Card :Script Writing Matched with Actual Card :Script Writing
2021-11-10 10:16:11,385 452075 [main] INFO  com.trello.android.baseutil.BaseTest - Wait for visibility of Card Name TextBox
2021-11-10 10:16:12,805 453495 [main] INFO  com.trello.android.baseutil.BaseTest - POM Page Creation is entered into Card Name TextBox
2021-11-10 10:16:12,805 453495 [main] INFO  com.trello.android.baseutil.BaseTest - Wait for visibility of Confirm Tick Mark
2021-11-10 10:16:14,286 454976 [main] INFO  com.trello.android.baseutil.BaseTest - Validate Confirm Tick Mark is clickable
2021-11-10 10:16:14,595 455285 [main] INFO  com.trello.android.baseutil.BaseTest - Clicked on : Confirm Tick Mark
2021-11-10 10:16:17,715 458405 [main] INFO  com.trello.android.baseutil.BaseTest - Wait for visibility of Card Name Text
2021-11-10 10:16:17,907 458597 [main] INFO  com.trello.android.baseutil.BaseTest - Expected Card :POM Page Creation Matched with Actual Card :POM Page Creation
2021-11-10 10:16:17,907 458597 [main] INFO  com.trello.android.baseutil.BaseTest - Wait for visibility of Add List Button
2021-11-10 10:16:18,267 458957 [main] INFO  com.trello.android.baseutil.BaseTest - Validate Add List Button is clickable
2021-11-10 10:16:18,709 459399 [main] INFO  com.trello.android.baseutil.BaseTest - Clicked on : Add List Button
2021-11-10 10:16:18,710 459400 [main] INFO  com.trello.android.baseutil.BaseTest - Wait for visibility of List Name TextBox
2021-11-10 10:16:21,999 462689 [main] INFO  com.trello.android.baseutil.BaseTest - Doing is entered into List Name TextBox
2021-11-10 10:16:22,000 462690 [main] INFO  com.trello.android.baseutil.BaseTest - Wait for visibility of Confirm Tick Mark
2021-11-10 10:16:23,087 463777 [main] INFO  com.trello.android.baseutil.BaseTest - Validate Confirm Tick Mark is clickable
2021-11-10 10:16:23,423 464113 [main] INFO  com.trello.android.baseutil.BaseTest - Clicked on : Confirm Tick Mark
2021-11-10 10:16:23,540 464230 [main] INFO  com.trello.android.baseutil.BaseTest - Wait for visibility of Board Name Text
2021-11-10 10:16:25,546 466236 [main] INFO  com.trello.android.baseutil.BaseTest - Expected List :Doing Matched with Actual List :Doing
2021-11-10 10:16:34,724 475414 [main] INFO  com.trello.android.baseutil.BaseTest - Wait for visibility of List Actions
2021-11-10 10:16:35,529 476219 [main] INFO  com.trello.android.baseutil.BaseTest - Validate List Actions is clickable
2021-11-10 10:16:35,606 476296 [main] INFO  com.trello.android.baseutil.BaseTest - Clicked on : List Actions
2021-11-10 10:16:35,606 476296 [main] INFO  com.trello.android.baseutil.BaseTest - Wait for visibility of Copy List Link
2021-11-10 10:16:36,896 477586 [main] INFO  com.trello.android.baseutil.BaseTest - Validate Copy List Link is clickable
2021-11-10 10:16:37,235 477925 [main] INFO  com.trello.android.baseutil.BaseTest - Clicked on : Copy List Link
2021-11-10 10:16:37,235 477925 [main] INFO  com.trello.android.baseutil.BaseTest - Wait for visibility of List Name textbox
2021-11-10 10:16:40,022 480712 [main] INFO  com.trello.android.baseutil.BaseTest - Clear the text present inList Name textbox
2021-11-10 10:16:42,488 483178 [main] INFO  com.trello.android.baseutil.BaseTest - To Done Now is entered into List Name textbox
2021-11-10 10:16:42,489 483179 [main] INFO  com.trello.android.baseutil.BaseTest - Wait for visibility of Boards Dropdown
2021-11-10 10:16:43,513 484203 [main] INFO  com.trello.android.baseutil.BaseTest - Validate Boards Dropdown is clickable
2021-11-10 10:16:44,300 484990 [main] INFO  com.trello.android.baseutil.BaseTest - Clicked on : Boards Dropdown
2021-11-10 10:16:44,736 485426 [main] INFO  com.trello.android.baseutil.BaseTest - Wait for visibility of Boards Option
2021-11-10 10:16:45,633 486323 [main] ERROR com.trello.android.baseutil.BaseTest - Boards Option is not visible
2021-11-10 10:16:45,688 486378 [main] INFO  com.trello.android.baseutil.BaseTest - Validate Boards Option is clickable
2021-11-10 10:16:45,766 486456 [main] INFO  com.trello.android.baseutil.BaseTest - Clicked on : Boards Option
2021-11-10 10:16:45,767 486457 [main] INFO  com.trello.android.baseutil.BaseTest - Wait for visibility of Position Dropdown
2021-11-10 10:16:46,855 487545 [main] INFO  com.trello.android.baseutil.BaseTest - Validate Position Dropdown is clickable
2021-11-10 10:16:47,155 487845 [main] INFO  com.trello.android.baseutil.BaseTest - Clicked on : Position Dropdown
2021-11-10 10:16:47,445 488135 [main] INFO  com.trello.android.baseutil.BaseTest - Wait for visibility of Position Options
2021-11-10 10:16:48,239 488929 [main] ERROR com.trello.android.baseutil.BaseTest - Position Options is not visible
2021-11-10 10:16:48,277 488967 [main] INFO  com.trello.android.baseutil.BaseTest - Validate Position Options is clickable
2021-11-10 10:16:49,114 489804 [main] INFO  com.trello.android.baseutil.BaseTest - Clicked on : Position Options
2021-11-10 10:16:49,115 489805 [main] INFO  com.trello.android.baseutil.BaseTest - Wait for visibility of Confirm Tick Mark
2021-11-10 10:16:49,362 490052 [main] INFO  com.trello.android.baseutil.BaseTest - Validate Confirm Tick Mark is clickable
2021-11-10 10:16:49,687 490377 [main] INFO  com.trello.android.baseutil.BaseTest - Clicked on : Confirm Tick Mark
2021-11-10 10:16:54,092 494782 [main] INFO  com.trello.android.baseutil.BaseTest - Swiping the element using Co-ordinates
2021-11-10 10:16:57,057 497747 [main] INFO  com.trello.android.baseutil.BaseTest - Swiping the element using Co-ordinates
2021-11-10 10:16:59,971 500661 [main] INFO  com.trello.android.baseutil.BaseTest - Swiping the element using Co-ordinates
2021-11-10 10:17:07,636 508326 [main] INFO  com.trello.android.baseutil.BaseTest - Swiping the element using Co-ordinates
2021-11-10 10:17:15,072 515762 [main] INFO  com.trello.android.baseutil.BaseTest - Swiping the element using Co-ordinates
2021-11-10 10:17:17,080 517770 [main] INFO  com.trello.android.baseutil.BaseTest - Succesfully Copied the List To  2 position
2021-11-10 10:17:17,085 517775 [main] INFO  com.trello.android.baseutil.BaseTest - Wait for visibility of List Actions Board
2021-11-10 10:17:17,590 518280 [main] INFO  com.trello.android.baseutil.BaseTest - Validate List Actions Board is clickable
2021-11-10 10:17:17,902 518592 [main] INFO  com.trello.android.baseutil.BaseTest - Clicked on : List Actions Board
2021-11-10 10:17:17,903 518593 [main] INFO  com.trello.android.baseutil.BaseTest - Wait for visibility of Boards Settings
2021-11-10 10:17:19,146 519836 [main] INFO  com.trello.android.baseutil.BaseTest - Validate Boards Settings is clickable
2021-11-10 10:17:19,806 520496 [main] INFO  com.trello.android.baseutil.BaseTest - Clicked on : Boards Settings
2021-11-10 10:17:19,807 520497 [main] INFO  com.trello.android.baseutil.BaseTest - Scroll till the Close Boards
2021-11-10 10:17:24,830 525520 [main] INFO  com.trello.android.baseutil.BaseTest - Scroll till the Close Boards completed
2021-11-10 10:17:24,831 525521 [main] INFO  com.trello.android.baseutil.BaseTest - Wait for visibility of Close Boards
2021-11-10 10:17:26,650 527340 [main] INFO  com.trello.android.baseutil.BaseTest - Validate Close Boards is clickable
2021-11-10 10:17:27,504 528194 [main] INFO  com.trello.android.baseutil.BaseTest - Clicked on : Close Boards
2021-11-10 10:17:28,699 529389 [main] INFO  com.trello.android.baseutil.BaseTest - Wait for visibility of This board is closed text
2021-11-10 10:17:28,817 529507 [main] INFO  com.trello.android.baseutil.BaseTest - Validate This board is closed text is displayed
2021-11-10 10:17:28,854 529544 [main] INFO  com.trello.android.baseutil.BaseTest - This board is closed text is displayed
2021-11-10 10:17:47,860 548550 [main] INFO  com.trello.android.baseutil.BaseTest - Wait for visibility of Plus Icon
2021-11-10 10:17:49,560 550250 [main] INFO  com.trello.android.baseutil.BaseTest - Validate Plus Icon is clickable
2021-11-10 10:17:50,194 550884 [main] INFO  com.trello.android.baseutil.BaseTest - Clicked on : Plus Icon
2021-11-10 10:17:50,195 550885 [main] INFO  com.trello.android.baseutil.BaseTest - Wait for visibility of Boards Icon
2021-11-10 10:17:51,449 552139 [main] INFO  com.trello.android.baseutil.BaseTest - Validate Boards Icon is clickable
2021-11-10 10:17:53,261 553951 [main] INFO  com.trello.android.baseutil.BaseTest - Clicked on : Boards Icon
2021-11-10 10:17:53,262 553952 [main] INFO  com.trello.android.baseutil.BaseTest - Wait for visibility of Board Name Textbox
2021-11-10 10:17:57,774 558464 [main] INFO  com.trello.android.baseutil.BaseTest - Trello_007 is entered into Board Name Textbox
2021-11-10 10:17:57,775 558465 [main] INFO  com.trello.android.baseutil.BaseTest - Wait for visibility of Confirm Tick Mark
2021-11-10 10:17:58,935 559625 [main] INFO  com.trello.android.baseutil.BaseTest - Validate Confirm Tick Mark is clickable
2021-11-10 10:17:59,266 559956 [main] INFO  com.trello.android.baseutil.BaseTest - Clicked on : Confirm Tick Mark
2021-11-10 10:17:59,266 559956 [main] INFO  com.trello.android.baseutil.BaseTest - Wait for visibility of Board Name Text
2021-11-10 10:18:02,039 562729 [main] INFO  com.trello.android.baseutil.BaseTest - Expected Board :Trello_007 Matched with Actual Board :Trello_007
2021-11-10 10:18:02,040 562730 [main] INFO  com.trello.android.baseutil.BaseTest - Wait for visibility of Add List Button
2021-11-10 10:18:02,333 563023 [main] INFO  com.trello.android.baseutil.BaseTest - Validate Add List Button is clickable
2021-11-10 10:18:02,813 563503 [main] INFO  com.trello.android.baseutil.BaseTest - Clicked on : Add List Button
2021-11-10 10:18:02,814 563504 [main] INFO  com.trello.android.baseutil.BaseTest - Wait for visibility of List Name TextBox
2021-11-10 10:18:05,545 566235 [main] INFO  com.trello.android.baseutil.BaseTest - To Do is entered into List Name TextBox
2021-11-10 10:18:05,545 566235 [main] INFO  com.trello.android.baseutil.BaseTest - Wait for visibility of Confirm Tick Mark
2021-11-10 10:18:06,645 567335 [main] INFO  com.trello.android.baseutil.BaseTest - Validate Confirm Tick Mark is clickable
2021-11-10 10:18:06,923 567613 [main] INFO  com.trello.android.baseutil.BaseTest - Clicked on : Confirm Tick Mark
2021-11-10 10:18:06,982 567672 [main] INFO  com.trello.android.baseutil.BaseTest - Wait for visibility of Board Name Text
2021-11-10 10:18:08,569 569259 [main] INFO  com.trello.android.baseutil.BaseTest - Expected List :To Do Matched with Actual List :To Do
2021-11-10 10:18:08,644 569334 [main] INFO  com.trello.android.baseutil.BaseTest - Wait for visibility of Add Card Button
2021-11-10 10:18:08,829 569519 [main] INFO  com.trello.android.baseutil.BaseTest - Validate Add Card Button is clickable
2021-11-10 10:18:08,928 569618 [main] INFO  com.trello.android.baseutil.BaseTest - Clicked on : Add Card Button
2021-11-10 10:18:10,522 571212 [main] INFO  com.trello.android.baseutil.BaseTest - Wait for visibility of Card Name TextBox
2021-11-10 10:18:11,646 572336 [main] INFO  com.trello.android.baseutil.BaseTest - Script distribution is entered into Card Name TextBox
2021-11-10 10:18:11,646 572336 [main] INFO  com.trello.android.baseutil.BaseTest - Wait for visibility of Confirm Tick Mark
2021-11-10 10:18:12,796 573486 [main] INFO  com.trello.android.baseutil.BaseTest - Validate Confirm Tick Mark is clickable
2021-11-10 10:18:13,093 573783 [main] INFO  com.trello.android.baseutil.BaseTest - Clicked on : Confirm Tick Mark
2021-11-10 10:18:16,343 577033 [main] INFO  com.trello.android.baseutil.BaseTest - Wait for visibility of Card Name Text
2021-11-10 10:18:16,513 577203 [main] INFO  com.trello.android.baseutil.BaseTest - Expected Card :Script distribution Matched with Actual Card :Script distribution
2021-11-10 10:18:16,575 577265 [main] INFO  com.trello.android.baseutil.BaseTest - Wait for visibility of Card Name TextBox
2021-11-10 10:18:17,852 578542 [main] INFO  com.trello.android.baseutil.BaseTest - POM Page Creation is entered into Card Name TextBox
2021-11-10 10:18:17,852 578542 [main] INFO  com.trello.android.baseutil.BaseTest - Wait for visibility of Confirm Tick Mark
2021-11-10 10:18:19,029 579719 [main] INFO  com.trello.android.baseutil.BaseTest - Validate Confirm Tick Mark is clickable
2021-11-10 10:18:19,349 580039 [main] INFO  com.trello.android.baseutil.BaseTest - Clicked on : Confirm Tick Mark
2021-11-10 10:18:22,472 583162 [main] INFO  com.trello.android.baseutil.BaseTest - Wait for visibility of Card Name Text
2021-11-10 10:18:22,651 583341 [main] INFO  com.trello.android.baseutil.BaseTest - Expected Card :POM Page Creation Matched with Actual Card :POM Page Creation
2021-11-10 10:18:22,652 583342 [main] INFO  com.trello.android.baseutil.BaseTest - Wait for visibility of Add List Button
2021-11-10 10:18:23,011 583701 [main] INFO  com.trello.android.baseutil.BaseTest - Validate Add List Button is clickable
2021-11-10 10:18:23,488 584178 [main] INFO  com.trello.android.baseutil.BaseTest - Clicked on : Add List Button
2021-11-10 10:18:23,489 584179 [main] INFO  com.trello.android.baseutil.BaseTest - Wait for visibility of List Name TextBox
2021-11-10 10:18:26,439 587129 [main] INFO  com.trello.android.baseutil.BaseTest - Doing is entered into List Name TextBox
2021-11-10 10:18:26,439 587129 [main] INFO  com.trello.android.baseutil.BaseTest - Wait for visibility of Confirm Tick Mark
2021-11-10 10:18:27,537 588227 [main] INFO  com.trello.android.baseutil.BaseTest - Validate Confirm Tick Mark is clickable
2021-11-10 10:18:27,874 588564 [main] INFO  com.trello.android.baseutil.BaseTest - Clicked on : Confirm Tick Mark
2021-11-10 10:18:27,983 588673 [main] INFO  com.trello.android.baseutil.BaseTest - Wait for visibility of Board Name Text
2021-11-10 10:18:29,511 590201 [main] INFO  com.trello.android.baseutil.BaseTest - Expected List :Doing Matched with Actual List :Doing
2021-11-10 10:18:38,681 599371 [main] INFO  com.trello.android.baseutil.BaseTest - Wait for visibility of List Actions
2021-11-10 10:18:38,869 599559 [main] INFO  com.trello.android.baseutil.BaseTest - Validate List Actions is clickable
2021-11-10 10:18:38,927 599617 [main] INFO  com.trello.android.baseutil.BaseTest - Clicked on : List Actions
2021-11-10 10:18:38,928 599618 [main] INFO  com.trello.android.baseutil.BaseTest - Wait for visibility of Move List Link
2021-11-10 10:18:40,364 601054 [main] INFO  com.trello.android.baseutil.BaseTest - Validate Move List Link is clickable
2021-11-10 10:18:40,798 601488 [main] INFO  com.trello.android.baseutil.BaseTest - Clicked on : Move List Link
2021-11-10 10:18:40,799 601489 [main] INFO  com.trello.android.baseutil.BaseTest - Wait for visibility of Boards Dropdown
2021-11-10 10:18:42,253 602943 [main] INFO  com.trello.android.baseutil.BaseTest - Validate Boards Dropdown is clickable
2021-11-10 10:18:43,095 603785 [main] INFO  com.trello.android.baseutil.BaseTest - Clicked on : Boards Dropdown
2021-11-10 10:18:43,413 604103 [main] INFO  com.trello.android.baseutil.BaseTest - Wait for visibility of Boards Option
2021-11-10 10:18:44,338 605028 [main] ERROR com.trello.android.baseutil.BaseTest - Boards Option is not visible
2021-11-10 10:18:44,403 605093 [main] INFO  com.trello.android.baseutil.BaseTest - Validate Boards Option is clickable
2021-11-10 10:18:44,482 605172 [main] INFO  com.trello.android.baseutil.BaseTest - Clicked on : Boards Option
2021-11-10 10:18:44,482 605172 [main] INFO  com.trello.android.baseutil.BaseTest - Wait for visibility of Position Dropdown
2021-11-10 10:18:45,165 605855 [main] INFO  com.trello.android.baseutil.BaseTest - Validate Position Dropdown is clickable
2021-11-10 10:18:45,409 606099 [main] INFO  com.trello.android.baseutil.BaseTest - Clicked on : Position Dropdown
2021-11-10 10:18:46,568 607258 [main] INFO  com.trello.android.baseutil.BaseTest - Wait for visibility of Position Options
2021-11-10 10:18:46,646 607336 [main] INFO  com.trello.android.baseutil.BaseTest - Validate Position Options is clickable
2021-11-10 10:18:47,463 608153 [main] INFO  com.trello.android.baseutil.BaseTest - Clicked on : Position Options
2021-11-10 10:18:47,465 608155 [main] INFO  com.trello.android.baseutil.BaseTest - Wait for visibility of Confirm Tick Mark
2021-11-10 10:18:47,661 608351 [main] INFO  com.trello.android.baseutil.BaseTest - Validate Confirm Tick Mark is clickable
2021-11-10 10:18:47,928 608618 [main] INFO  com.trello.android.baseutil.BaseTest - Clicked on : Confirm Tick Mark
2021-11-10 10:18:56,862 617552 [main] INFO  com.trello.android.baseutil.BaseTest - Swiping the element using Co-ordinates
2021-11-10 10:18:59,758 620448 [main] INFO  com.trello.android.baseutil.BaseTest - Swiping the element using Co-ordinates
2021-11-10 10:19:07,414 628104 [main] INFO  com.trello.android.baseutil.BaseTest - Swiping the element using Co-ordinates
2021-11-10 10:19:14,485 635175 [main] INFO  com.trello.android.baseutil.BaseTest - Swiping the element using Co-ordinates
2021-11-10 10:19:16,470 637160 [main] INFO  com.trello.android.baseutil.BaseTest - Succesfully Moved List To The 2 position
2021-11-10 10:19:16,470 637160 [main] INFO  com.trello.android.baseutil.BaseTest - Wait for visibility of List Actions Board
2021-11-10 10:19:16,994 637684 [main] INFO  com.trello.android.baseutil.BaseTest - Validate List Actions Board is clickable
2021-11-10 10:19:17,305 637995 [main] INFO  com.trello.android.baseutil.BaseTest - Clicked on : List Actions Board
2021-11-10 10:19:17,306 637996 [main] INFO  com.trello.android.baseutil.BaseTest - Wait for visibility of Boards Settings
2021-11-10 10:19:18,575 639265 [main] INFO  com.trello.android.baseutil.BaseTest - Validate Boards Settings is clickable
2021-11-10 10:19:19,278 639968 [main] INFO  com.trello.android.baseutil.BaseTest - Clicked on : Boards Settings
2021-11-10 10:19:19,278 639968 [main] INFO  com.trello.android.baseutil.BaseTest - Scroll till the Close Boards
2021-11-10 10:19:23,965 644655 [main] INFO  com.trello.android.baseutil.BaseTest - Scroll till the Close Boards completed
2021-11-10 10:19:23,966 644656 [main] INFO  com.trello.android.baseutil.BaseTest - Wait for visibility of Close Boards
2021-11-10 10:19:25,044 645734 [main] INFO  com.trello.android.baseutil.BaseTest - Validate Close Boards is clickable
2021-11-10 10:19:25,978 646668 [main] INFO  com.trello.android.baseutil.BaseTest - Clicked on : Close Boards
2021-11-10 10:19:27,162 647852 [main] INFO  com.trello.android.baseutil.BaseTest - Wait for visibility of This board is closed text
2021-11-10 10:19:27,267 647957 [main] INFO  com.trello.android.baseutil.BaseTest - Validate This board is closed text is displayed
2021-11-10 10:19:27,297 647987 [main] INFO  com.trello.android.baseutil.BaseTest - This board is closed text is displayed
2021-11-10 10:19:45,797 666487 [main] INFO  com.trello.android.baseutil.BaseTest - Wait for visibility of Plus Icon
2021-11-10 10:19:47,475 668165 [main] INFO  com.trello.android.baseutil.BaseTest - Validate Plus Icon is clickable
2021-11-10 10:19:48,249 668939 [main] INFO  com.trello.android.baseutil.BaseTest - Clicked on : Plus Icon
2021-11-10 10:19:48,250 668940 [main] INFO  com.trello.android.baseutil.BaseTest - Wait for visibility of Boards Icon
2021-11-10 10:19:49,363 670053 [main] INFO  com.trello.android.baseutil.BaseTest - Validate Boards Icon is clickable
2021-11-10 10:19:50,991 671681 [main] INFO  com.trello.android.baseutil.BaseTest - Clicked on : Boards Icon
2021-11-10 10:19:50,992 671682 [main] INFO  com.trello.android.baseutil.BaseTest - Wait for visibility of Board Name Textbox
2021-11-10 10:19:54,755 675445 [main] INFO  com.trello.android.baseutil.BaseTest - Trello_008 is entered into Board Name Textbox
2021-11-10 10:19:54,756 675446 [main] INFO  com.trello.android.baseutil.BaseTest - Wait for visibility of Confirm Tick Mark
2021-11-10 10:19:56,354 677044 [main] INFO  com.trello.android.baseutil.BaseTest - Validate Confirm Tick Mark is clickable
2021-11-10 10:19:57,120 677810 [main] INFO  com.trello.android.baseutil.BaseTest - Clicked on : Confirm Tick Mark
2021-11-10 10:19:57,121 677811 [main] INFO  com.trello.android.baseutil.BaseTest - Wait for visibility of Board Name Text
2021-11-10 10:19:59,776 680466 [main] INFO  com.trello.android.baseutil.BaseTest - Expected Board :Trello_008 Matched with Actual Board :Trello_008
2021-11-10 10:19:59,777 680467 [main] INFO  com.trello.android.baseutil.BaseTest - Wait for visibility of Add List Button
2021-11-10 10:20:00,158 680848 [main] INFO  com.trello.android.baseutil.BaseTest - Validate Add List Button is clickable
2021-11-10 10:20:00,583 681273 [main] INFO  com.trello.android.baseutil.BaseTest - Clicked on : Add List Button
2021-11-10 10:20:00,583 681273 [main] INFO  com.trello.android.baseutil.BaseTest - Wait for visibility of List Name TextBox
2021-11-10 10:20:03,416 684106 [main] INFO  com.trello.android.baseutil.BaseTest - To Do is entered into List Name TextBox
2021-11-10 10:20:03,417 684107 [main] INFO  com.trello.android.baseutil.BaseTest - Wait for visibility of Confirm Tick Mark
2021-11-10 10:20:04,481 685171 [main] INFO  com.trello.android.baseutil.BaseTest - Validate Confirm Tick Mark is clickable
2021-11-10 10:20:04,723 685413 [main] INFO  com.trello.android.baseutil.BaseTest - Clicked on : Confirm Tick Mark
2021-11-10 10:20:06,136 686826 [main] INFO  com.trello.android.baseutil.BaseTest - Wait for visibility of Board Name Text
2021-11-10 10:20:06,288 686978 [main] INFO  com.trello.android.baseutil.BaseTest - Expected List :To Do Matched with Actual List :To Do
2021-11-10 10:20:06,379 687069 [main] INFO  com.trello.android.baseutil.BaseTest - Wait for visibility of Add Card Button
2021-11-10 10:20:06,493 687183 [main] INFO  com.trello.android.baseutil.BaseTest - Validate Add Card Button is clickable
2021-11-10 10:20:06,560 687250 [main] INFO  com.trello.android.baseutil.BaseTest - Clicked on : Add Card Button
2021-11-10 10:20:08,073 688763 [main] INFO  com.trello.android.baseutil.BaseTest - Wait for visibility of Card Name TextBox
2021-11-10 10:20:09,211 689901 [main] INFO  com.trello.android.baseutil.BaseTest - Script distribution is entered into Card Name TextBox
2021-11-10 10:20:09,211 689901 [main] INFO  com.trello.android.baseutil.BaseTest - Wait for visibility of Confirm Tick Mark
2021-11-10 10:20:10,286 690976 [main] INFO  com.trello.android.baseutil.BaseTest - Validate Confirm Tick Mark is clickable
2021-11-10 10:20:10,547 691237 [main] INFO  com.trello.android.baseutil.BaseTest - Clicked on : Confirm Tick Mark
2021-11-10 10:20:13,897 694587 [main] INFO  com.trello.android.baseutil.BaseTest - Wait for visibility of Card Name Text
2021-11-10 10:20:14,608 695298 [main] INFO  com.trello.android.baseutil.BaseTest - Expected Card :Script distribution Matched with Actual Card :Script distribution
2021-11-10 10:20:14,608 695298 [main] INFO  com.trello.android.baseutil.BaseTest - Wait for visibility of Add List Button
2021-11-10 10:20:14,918 695608 [main] INFO  com.trello.android.baseutil.BaseTest - Validate Add List Button is clickable
2021-11-10 10:20:15,366 696056 [main] INFO  com.trello.android.baseutil.BaseTest - Clicked on : Add List Button
2021-11-10 10:20:15,367 696057 [main] INFO  com.trello.android.baseutil.BaseTest - Wait for visibility of List Name TextBox
2021-11-10 10:20:18,837 699527 [main] INFO  com.trello.android.baseutil.BaseTest - Doing is entered into List Name TextBox
2021-11-10 10:20:18,837 699527 [main] INFO  com.trello.android.baseutil.BaseTest - Wait for visibility of Confirm Tick Mark
2021-11-10 10:20:19,918 700608 [main] INFO  com.trello.android.baseutil.BaseTest - Validate Confirm Tick Mark is clickable
2021-11-10 10:20:20,235 700925 [main] INFO  com.trello.android.baseutil.BaseTest - Clicked on : Confirm Tick Mark
2021-11-10 10:20:21,622 702312 [main] INFO  com.trello.android.baseutil.BaseTest - Wait for visibility of Board Name Text
2021-11-10 10:20:21,764 702454 [main] INFO  com.trello.android.baseutil.BaseTest - Expected List :Doing Matched with Actual List :Doing
2021-11-10 10:20:21,841 702531 [main] INFO  com.trello.android.baseutil.BaseTest - Wait for visibility of Element To Drag
2021-11-10 10:20:21,961 702651 [main] INFO  com.trello.android.baseutil.BaseTest - Wait for visibility of Element To Drop
2021-11-10 10:20:30,834 711524 [main] INFO  com.trello.android.baseutil.BaseTest - Drag and Drop Completed
2021-11-10 10:20:31,368 712058 [main] INFO  com.trello.android.baseutil.BaseTest - Wait for visibility of List Name
2021-11-10 10:20:32,344 713034 [main] INFO  com.trello.android.baseutil.BaseTest - Drag Card : Script distribution And Drop To : Doing List Successfully
2021-11-10 10:20:33,614 714304 [main] INFO  com.trello.android.baseutil.BaseTest - Wait for visibility of List Actions
2021-11-10 10:20:33,776 714466 [main] INFO  com.trello.android.baseutil.BaseTest - Validate List Actions is clickable
2021-11-10 10:20:33,844 714534 [main] INFO  com.trello.android.baseutil.BaseTest - Clicked on : List Actions
2021-11-10 10:20:33,845 714535 [main] INFO  com.trello.android.baseutil.BaseTest - Wait for visibility of Archiev list Link
2021-11-10 10:20:35,283 715973 [main] INFO  com.trello.android.baseutil.BaseTest - Validate Archiev list Link is clickable
2021-11-10 10:20:35,704 716394 [main] INFO  com.trello.android.baseutil.BaseTest - Clicked on : Archiev list Link
2021-11-10 10:20:41,220 721910 [main] INFO  com.trello.android.baseutil.BaseTest - DoingList Archieved Successfully
2021-11-10 10:20:41,222 721912 [main] INFO  com.trello.android.baseutil.BaseTest - Wait for visibility of List Actions Board
2021-11-10 10:20:41,398 722088 [main] INFO  com.trello.android.baseutil.BaseTest - Validate List Actions Board is clickable
2021-11-10 10:20:41,687 722377 [main] INFO  com.trello.android.baseutil.BaseTest - Clicked on : List Actions Board
2021-11-10 10:20:41,687 722377 [main] INFO  com.trello.android.baseutil.BaseTest - Wait for visibility of Boards Settings
2021-11-10 10:20:42,977 723667 [main] INFO  com.trello.android.baseutil.BaseTest - Validate Boards Settings is clickable
2021-11-10 10:20:43,669 724359 [main] INFO  com.trello.android.baseutil.BaseTest - Clicked on : Boards Settings
2021-11-10 10:20:43,670 724360 [main] INFO  com.trello.android.baseutil.BaseTest - Scroll till the Close Boards
2021-11-10 10:20:48,409 729099 [main] INFO  com.trello.android.baseutil.BaseTest - Scroll till the Close Boards completed
2021-11-10 10:20:48,410 729100 [main] INFO  com.trello.android.baseutil.BaseTest - Wait for visibility of Close Boards
2021-11-10 10:20:49,588 730278 [main] INFO  com.trello.android.baseutil.BaseTest - Validate Close Boards is clickable
2021-11-10 10:20:50,387 731077 [main] INFO  com.trello.android.baseutil.BaseTest - Clicked on : Close Boards
2021-11-10 10:20:51,615 732305 [main] INFO  com.trello.android.baseutil.BaseTest - Wait for visibility of This board is closed text
2021-11-10 10:20:51,711 732401 [main] INFO  com.trello.android.baseutil.BaseTest - Validate This board is closed text is displayed
2021-11-10 10:20:51,740 732430 [main] INFO  com.trello.android.baseutil.BaseTest - This board is closed text is displayed
2021-11-10 10:21:10,178 750868 [main] INFO  com.trello.android.baseutil.BaseTest - Wait for visibility of Plus Icon
2021-11-10 10:21:11,799 752489 [main] INFO  com.trello.android.baseutil.BaseTest - Validate Plus Icon is clickable
2021-11-10 10:21:12,396 753086 [main] INFO  com.trello.android.baseutil.BaseTest - Clicked on : Plus Icon
2021-11-10 10:21:12,396 753086 [main] INFO  com.trello.android.baseutil.BaseTest - Wait for visibility of Boards Icon
2021-11-10 10:21:13,645 754335 [main] INFO  com.trello.android.baseutil.BaseTest - Validate Boards Icon is clickable
2021-11-10 10:21:15,249 755939 [main] INFO  com.trello.android.baseutil.BaseTest - Clicked on : Boards Icon
2021-11-10 10:21:15,250 755940 [main] INFO  com.trello.android.baseutil.BaseTest - Wait for visibility of Board Name Textbox
2021-11-10 10:21:19,302 759992 [main] INFO  com.trello.android.baseutil.BaseTest - Trello_009 is entered into Board Name Textbox
2021-11-10 10:21:19,303 759993 [main] INFO  com.trello.android.baseutil.BaseTest - Wait for visibility of Confirm Tick Mark
2021-11-10 10:21:20,382 761072 [main] INFO  com.trello.android.baseutil.BaseTest - Validate Confirm Tick Mark is clickable
2021-11-10 10:21:20,711 761401 [main] INFO  com.trello.android.baseutil.BaseTest - Clicked on : Confirm Tick Mark
2021-11-10 10:21:20,712 761402 [main] INFO  com.trello.android.baseutil.BaseTest - Wait for visibility of Board Name Text
2021-11-10 10:21:23,956 764646 [main] INFO  com.trello.android.baseutil.BaseTest - Expected Board :Trello_009 Matched with Actual Board :Trello_009
2021-11-10 10:21:23,957 764647 [main] INFO  com.trello.android.baseutil.BaseTest - Wait for visibility of Add List Button
2021-11-10 10:21:24,259 764949 [main] INFO  com.trello.android.baseutil.BaseTest - Validate Add List Button is clickable
2021-11-10 10:21:24,771 765461 [main] INFO  com.trello.android.baseutil.BaseTest - Clicked on : Add List Button
2021-11-10 10:21:24,771 765461 [main] INFO  com.trello.android.baseutil.BaseTest - Wait for visibility of List Name TextBox
2021-11-10 10:21:27,892 768582 [main] INFO  com.trello.android.baseutil.BaseTest - To Do is entered into List Name TextBox
2021-11-10 10:21:27,893 768583 [main] INFO  com.trello.android.baseutil.BaseTest - Wait for visibility of Confirm Tick Mark
2021-11-10 10:21:28,936 769626 [main] INFO  com.trello.android.baseutil.BaseTest - Validate Confirm Tick Mark is clickable
2021-11-10 10:21:29,179 769869 [main] INFO  com.trello.android.baseutil.BaseTest - Clicked on : Confirm Tick Mark
2021-11-10 10:21:29,253 769943 [main] INFO  com.trello.android.baseutil.BaseTest - Wait for visibility of Board Name Text
2021-11-10 10:21:30,667 771357 [main] INFO  com.trello.android.baseutil.BaseTest - Expected List :To Do Matched with Actual List :To Do
2021-11-10 10:21:30,721 771411 [main] INFO  com.trello.android.baseutil.BaseTest - Wait for visibility of Add Card Button
2021-11-10 10:21:30,864 771554 [main] INFO  com.trello.android.baseutil.BaseTest - Validate Add Card Button is clickable
2021-11-10 10:21:30,947 771637 [main] INFO  com.trello.android.baseutil.BaseTest - Clicked on : Add Card Button
2021-11-10 10:21:32,529 773219 [main] INFO  com.trello.android.baseutil.BaseTest - Wait for visibility of Card Name TextBox
2021-11-10 10:21:33,661 774351 [main] INFO  com.trello.android.baseutil.BaseTest - Script distribution is entered into Card Name TextBox
2021-11-10 10:21:33,661 774351 [main] INFO  com.trello.android.baseutil.BaseTest - Wait for visibility of Confirm Tick Mark
2021-11-10 10:21:34,727 775417 [main] INFO  com.trello.android.baseutil.BaseTest - Validate Confirm Tick Mark is clickable
2021-11-10 10:21:34,983 775673 [main] INFO  com.trello.android.baseutil.BaseTest - Clicked on : Confirm Tick Mark
2021-11-10 10:21:38,105 778795 [main] INFO  com.trello.android.baseutil.BaseTest - Wait for visibility of Card Name Text
2021-11-10 10:21:38,308 778998 [main] INFO  com.trello.android.baseutil.BaseTest - Expected Card :Script distribution Matched with Actual Card :Script distribution
2021-11-10 10:21:38,309 778999 [main] INFO  com.trello.android.baseutil.BaseTest - Wait for visibility of Add List Button
2021-11-10 10:21:38,648 779338 [main] INFO  com.trello.android.baseutil.BaseTest - Validate Add List Button is clickable
2021-11-10 10:21:39,030 779720 [main] INFO  com.trello.android.baseutil.BaseTest - Clicked on : Add List Button
2021-11-10 10:21:39,030 779720 [main] INFO  com.trello.android.baseutil.BaseTest - Wait for visibility of List Name TextBox
2021-11-10 10:21:41,942 782632 [main] INFO  com.trello.android.baseutil.BaseTest - Doing is entered into List Name TextBox
2021-11-10 10:21:41,942 782632 [main] INFO  com.trello.android.baseutil.BaseTest - Wait for visibility of Confirm Tick Mark
2021-11-10 10:21:43,008 783698 [main] INFO  com.trello.android.baseutil.BaseTest - Validate Confirm Tick Mark is clickable
2021-11-10 10:21:43,306 783996 [main] INFO  com.trello.android.baseutil.BaseTest - Clicked on : Confirm Tick Mark
2021-11-10 10:21:43,415 784105 [main] INFO  com.trello.android.baseutil.BaseTest - Wait for visibility of Board Name Text
2021-11-10 10:21:44,859 785549 [main] INFO  com.trello.android.baseutil.BaseTest - Expected List :Doing Matched with Actual List :Doing
2021-11-10 10:21:44,961 785651 [main] INFO  com.trello.android.baseutil.BaseTest - Wait for visibility of Element To Drag
2021-11-10 10:21:45,082 785772 [main] INFO  com.trello.android.baseutil.BaseTest - Wait for visibility of Element To Drop
2021-11-10 10:21:54,434 795124 [main] INFO  com.trello.android.baseutil.BaseTest - Drag and Drop Completed
2021-11-10 10:21:54,975 795665 [main] INFO  com.trello.android.baseutil.BaseTest - Wait for visibility of List Name
2021-11-10 10:21:56,353 797043 [main] INFO  com.trello.android.baseutil.BaseTest - Drag Card : Script distribution And Drop To : Doing List Successfully
2021-11-10 10:21:57,620 798310 [main] INFO  com.trello.android.baseutil.BaseTest - Wait for visibility of List Actions
2021-11-10 10:21:58,239 798929 [main] INFO  com.trello.android.baseutil.BaseTest - Validate List Actions is clickable
2021-11-10 10:21:58,331 799021 [main] INFO  com.trello.android.baseutil.BaseTest - Clicked on : List Actions
2021-11-10 10:21:58,332 799022 [main] INFO  com.trello.android.baseutil.BaseTest - Wait for visibility of Archiev list Link
2021-11-10 10:21:59,747 800437 [main] INFO  com.trello.android.baseutil.BaseTest - Validate Archiev list Link is clickable
2021-11-10 10:22:00,189 800879 [main] INFO  com.trello.android.baseutil.BaseTest - Clicked on : Archiev list Link
2021-11-10 10:22:05,336 806026 [main] INFO  com.trello.android.baseutil.BaseTest - DoingList Archieved Successfully
2021-11-10 10:22:05,337 806027 [main] INFO  com.trello.android.baseutil.BaseTest - Wait for visibility of List Actions Board
2021-11-10 10:22:05,603 806293 [main] INFO  com.trello.android.baseutil.BaseTest - Validate List Actions Board is clickable
2021-11-10 10:22:05,884 806574 [main] INFO  com.trello.android.baseutil.BaseTest - Clicked on : List Actions Board
2021-11-10 10:22:05,884 806574 [main] INFO  com.trello.android.baseutil.BaseTest - Wait for visibility of Archieved list
2021-11-10 10:22:07,167 807857 [main] INFO  com.trello.android.baseutil.BaseTest - Validate Archieved list is clickable
2021-11-10 10:22:08,345 809035 [main] INFO  com.trello.android.baseutil.BaseTest - Clicked on : Archieved list
2021-11-10 10:22:10,388 811078 [main] INFO  com.trello.android.baseutil.BaseTest - Wait for visibility of List Under Archieved List
2021-11-10 10:22:11,173 811863 [main] INFO  com.trello.android.baseutil.BaseTest - Validate List Under Archieved List is clickable
2021-11-10 10:22:11,927 812617 [main] INFO  com.trello.android.baseutil.BaseTest - Clicked on : List Under Archieved List
2021-11-10 10:22:11,928 812618 [main] INFO  com.trello.android.baseutil.BaseTest - Wait for visibility of Send to Boards Link
2021-11-10 10:22:12,808 813498 [main] INFO  com.trello.android.baseutil.BaseTest - Validate Send to Boards Link is clickable
2021-11-10 10:22:13,322 814012 [main] INFO  com.trello.android.baseutil.BaseTest - Clicked on : Send to Boards Link
2021-11-10 10:22:31,506 832196 [main] INFO  com.trello.android.baseutil.BaseTest - Wait for visibility of Plus Icon
2021-11-10 10:22:34,048 834738 [main] INFO  com.trello.android.baseutil.BaseTest - Validate Plus Icon is clickable
2021-11-10 10:22:34,639 835329 [main] INFO  com.trello.android.baseutil.BaseTest - Clicked on : Plus Icon
2021-11-10 10:22:34,639 835329 [main] INFO  com.trello.android.baseutil.BaseTest - Wait for visibility of Boards Icon
2021-11-10 10:22:35,823 836513 [main] INFO  com.trello.android.baseutil.BaseTest - Validate Boards Icon is clickable
2021-11-10 10:22:37,517 838207 [main] INFO  com.trello.android.baseutil.BaseTest - Clicked on : Boards Icon
2021-11-10 10:22:37,517 838207 [main] INFO  com.trello.android.baseutil.BaseTest - Wait for visibility of Board Name Textbox
2021-11-10 10:22:41,127 841817 [main] INFO  com.trello.android.baseutil.BaseTest - Trello_010 is entered into Board Name Textbox
2021-11-10 10:22:41,127 841817 [main] INFO  com.trello.android.baseutil.BaseTest - Wait for visibility of Confirm Tick Mark
2021-11-10 10:22:42,269 842959 [main] INFO  com.trello.android.baseutil.BaseTest - Validate Confirm Tick Mark is clickable
2021-11-10 10:22:42,643 843333 [main] INFO  com.trello.android.baseutil.BaseTest - Clicked on : Confirm Tick Mark
2021-11-10 10:22:42,644 843334 [main] INFO  com.trello.android.baseutil.BaseTest - Wait for visibility of Board Name Text
2021-11-10 10:22:46,573 847263 [main] INFO  com.trello.android.baseutil.BaseTest - Expected Board :Trello_010 Matched with Actual Board :Trello_010
2021-11-10 10:22:46,574 847264 [main] INFO  com.trello.android.baseutil.BaseTest - Wait for visibility of Add List Button
2021-11-10 10:22:46,934 847624 [main] INFO  com.trello.android.baseutil.BaseTest - Validate Add List Button is clickable
2021-11-10 10:22:47,337 848027 [main] INFO  com.trello.android.baseutil.BaseTest - Clicked on : Add List Button
2021-11-10 10:22:47,338 848028 [main] INFO  com.trello.android.baseutil.BaseTest - Wait for visibility of List Name TextBox
2021-11-10 10:22:50,119 850809 [main] INFO  com.trello.android.baseutil.BaseTest - To Do is entered into List Name TextBox
2021-11-10 10:22:50,120 850810 [main] INFO  com.trello.android.baseutil.BaseTest - Wait for visibility of Confirm Tick Mark
2021-11-10 10:22:51,177 851867 [main] INFO  com.trello.android.baseutil.BaseTest - Validate Confirm Tick Mark is clickable
2021-11-10 10:22:51,412 852102 [main] INFO  com.trello.android.baseutil.BaseTest - Clicked on : Confirm Tick Mark
2021-11-10 10:22:51,502 852192 [main] INFO  com.trello.android.baseutil.BaseTest - Wait for visibility of Board Name Text
2021-11-10 10:22:53,014 853704 [main] INFO  com.trello.android.baseutil.BaseTest - Expected List :To Do Matched with Actual List :To Do
2021-11-10 10:22:53,091 853781 [main] INFO  com.trello.android.baseutil.BaseTest - Wait for visibility of Add Card Button
2021-11-10 10:22:53,258 853948 [main] INFO  com.trello.android.baseutil.BaseTest - Validate Add Card Button is clickable
2021-11-10 10:22:53,383 854073 [main] INFO  com.trello.android.baseutil.BaseTest - Clicked on : Add Card Button
2021-11-10 10:22:54,971 855661 [main] INFO  com.trello.android.baseutil.BaseTest - Wait for visibility of Card Name TextBox
2021-11-10 10:22:56,193 856883 [main] INFO  com.trello.android.baseutil.BaseTest - Script distribution is entered into Card Name TextBox
2021-11-10 10:22:56,194 856884 [main] INFO  com.trello.android.baseutil.BaseTest - Wait for visibility of Confirm Tick Mark
2021-11-10 10:22:57,242 857932 [main] INFO  com.trello.android.baseutil.BaseTest - Validate Confirm Tick Mark is clickable
2021-11-10 10:22:57,546 858236 [main] INFO  com.trello.android.baseutil.BaseTest - Clicked on : Confirm Tick Mark
2021-11-10 10:23:00,620 861310 [main] INFO  com.trello.android.baseutil.BaseTest - Wait for visibility of Card Name Text
2021-11-10 10:23:00,748 861438 [main] INFO  com.trello.android.baseutil.BaseTest - Expected Card :Script distribution Matched with Actual Card :Script distribution
2021-11-10 10:23:00,830 861520 [main] INFO  com.trello.android.baseutil.BaseTest - Wait for visibility of Card Name
2021-11-10 10:23:01,004 861694 [main] INFO  com.trello.android.baseutil.BaseTest - Validate Card Name  is clickable
2021-11-10 10:23:01,103 861793 [main] INFO  com.trello.android.baseutil.BaseTest - Clicked on : Card Name 
2021-11-10 10:23:04,440 865130 [main] INFO  com.trello.android.baseutil.BaseTest - Wait for visibility of Add Checklist Button
2021-11-10 10:23:05,114 865804 [main] INFO  com.trello.android.baseutil.BaseTest - Validate Add Checklist Button is clickable
2021-11-10 10:23:07,185 867875 [main] INFO  com.trello.android.baseutil.BaseTest - Clicked on : Add Checklist Button
2021-11-10 10:23:07,186 867876 [main] INFO  com.trello.android.baseutil.BaseTest - Wait for visibility of Add Item Text Field
2021-11-10 10:23:10,258 870948 [main] INFO  com.trello.android.baseutil.BaseTest - Trello Project is entered into Add Item Text Field
2021-11-10 10:23:10,258 870948 [main] INFO  com.trello.android.baseutil.BaseTest - Wait for visibility of Accept Icon
2021-11-10 10:23:11,474 872164 [main] INFO  com.trello.android.baseutil.BaseTest - Validate Accept Icon is clickable
2021-11-10 10:23:11,997 872687 [main] INFO  com.trello.android.baseutil.BaseTest - Clicked on : Accept Icon
2021-11-10 10:23:11,997 872687 [main] INFO  com.trello.android.baseutil.BaseTest - Wait for visibility of Reject Icon
2021-11-10 10:23:13,830 874520 [main] INFO  com.trello.android.baseutil.BaseTest - Validate Reject Icon is clickable
2021-11-10 10:23:14,342 875032 [main] INFO  com.trello.android.baseutil.BaseTest - Clicked on : Reject Icon
2021-11-10 10:23:14,343 875033 [main] INFO  com.trello.android.baseutil.BaseTest - Wait for visibility of Close Icon
2021-11-10 10:23:16,193 876883 [main] INFO  com.trello.android.baseutil.BaseTest - Validate Close Icon is clickable
2021-11-10 10:23:17,575 878265 [main] INFO  com.trello.android.baseutil.BaseTest - Clicked on : Close Icon
2021-11-10 10:23:17,576 878266 [main] INFO  com.trello.android.baseutil.BaseTest - Wait for visibility of Add List Button
2021-11-10 10:23:18,851 879541 [main] INFO  com.trello.android.baseutil.BaseTest - Validate Add List Button is clickable
2021-11-10 10:23:19,297 879987 [main] INFO  com.trello.android.baseutil.BaseTest - Clicked on : Add List Button
2021-11-10 10:23:19,299 879989 [main] INFO  com.trello.android.baseutil.BaseTest - Wait for visibility of List Name TextBox
2021-11-10 10:23:22,331 883021 [main] INFO  com.trello.android.baseutil.BaseTest - Doing is entered into List Name TextBox
2021-11-10 10:23:22,331 883021 [main] INFO  com.trello.android.baseutil.BaseTest - Wait for visibility of Confirm Tick Mark
2021-11-10 10:23:23,463 884153 [main] INFO  com.trello.android.baseutil.BaseTest - Validate Confirm Tick Mark is clickable
2021-11-10 10:23:23,760 884450 [main] INFO  com.trello.android.baseutil.BaseTest - Clicked on : Confirm Tick Mark
2021-11-10 10:23:23,851 884541 [main] INFO  com.trello.android.baseutil.BaseTest - Wait for visibility of Board Name Text
2021-11-10 10:23:25,345 886035 [main] INFO  com.trello.android.baseutil.BaseTest - Expected List :Doing Matched with Actual List :Doing
2021-11-10 10:23:25,346 886036 [main] INFO  com.trello.android.baseutil.BaseTest - Wait for visibility of Add List Button
2021-11-10 10:23:25,684 886374 [main] INFO  com.trello.android.baseutil.BaseTest - Validate Add List Button is clickable
2021-11-10 10:23:26,348 887038 [main] INFO  com.trello.android.baseutil.BaseTest - Clicked on : Add List Button
2021-11-10 10:23:26,349 887039 [main] INFO  com.trello.android.baseutil.BaseTest - Wait for visibility of List Name TextBox
2021-11-10 10:23:29,203 889893 [main] INFO  com.trello.android.baseutil.BaseTest - Done is entered into List Name TextBox
2021-11-10 10:23:29,204 889894 [main] INFO  com.trello.android.baseutil.BaseTest - Wait for visibility of Confirm Tick Mark
2021-11-10 10:23:30,280 890970 [main] INFO  com.trello.android.baseutil.BaseTest - Validate Confirm Tick Mark is clickable
2021-11-10 10:23:30,553 891243 [main] INFO  com.trello.android.baseutil.BaseTest - Clicked on : Confirm Tick Mark
2021-11-10 10:23:30,635 891325 [main] INFO  com.trello.android.baseutil.BaseTest - Wait for visibility of Board Name Text
2021-11-10 10:23:32,049 892739 [main] INFO  com.trello.android.baseutil.BaseTest - Expected List :Done Matched with Actual List :Done
2021-11-10 10:23:32,050 892740 [main] INFO  com.trello.android.baseutil.BaseTest - Wait for visibility of List Actions Board
2021-11-10 10:23:32,228 892918 [main] INFO  com.trello.android.baseutil.BaseTest - Validate List Actions Board is clickable
2021-11-10 10:23:32,483 893173 [main] INFO  com.trello.android.baseutil.BaseTest - Clicked on : List Actions Board
2021-11-10 10:23:32,484 893174 [main] INFO  com.trello.android.baseutil.BaseTest - Wait for visibility of Star Board Button
2021-11-10 10:23:33,803 894493 [main] INFO  com.trello.android.baseutil.BaseTest - Validate Star Board Button is clickable
2021-11-10 10:23:34,907 895597 [main] INFO  com.trello.android.baseutil.BaseTest - Clicked on : Star Board Button
2021-11-10 10:23:35,990 896680 [main] INFO  com.trello.android.baseutil.BaseTest - Clicked on :Star Board Button
2021-11-10 10:23:35,991 896681 [main] INFO  com.trello.android.baseutil.BaseTest - Wait for visibility of Back Button
2021-11-10 10:23:36,325 897015 [main] INFO  com.trello.android.baseutil.BaseTest - Validate Back Button is clickable
2021-11-10 10:23:36,716 897406 [main] INFO  com.trello.android.baseutil.BaseTest - Clicked on : Back Button
2021-11-10 10:23:39,260 899950 [main] INFO  com.trello.android.baseutil.BaseTest - Appium server stopped
2021-11-10 10:23:39,261 899951 [main] INFO  com.trello.android.baseutil.BaseTest - Killing emulator...
2021-11-10 10:23:39,479 900169 [main] INFO  com.trello.android.baseutil.BaseTest - Emulator closed successfully!
