2021-11-09 12:43:51,618 564  [main] INFO  com.trello.android.baseutil.BaseTest - Starting the Appium Server
2021-11-09 12:43:54,030 2976 [main] INFO  com.trello.android.baseutil.BaseTest - Appium Server started
2021-11-09 12:43:54,032 2978 [main] INFO  com.trello.android.baseutil.BaseTest - Appium Server URL: http://127.0.0.1:4723/wd/hub
2021-11-09 12:43:54,038 2984 [main] INFO  com.trello.android.baseutil.BaseTest - Folder creation for Extent
2021-11-09 12:43:54,042 2988 [main] INFO  com.trello.android.baseutil.BaseTest - ExtentDir:-C:\Users\Dell\Desktop\Ashish_Appium\TrelloMobile/reports/Automation Report- 11_09_2021_12_43_54
2021-11-09 12:43:54,211 3157 [main] INFO  com.trello.android.baseutil.BaseTest - Report Initiated
2021-11-09 12:43:54,212 3158 [main] INFO  com.trello.android.baseutil.BaseTest - Screenshot folder created
2021-11-09 12:44:17,174 26120 [main] INFO  com.trello.android.baseutil.BaseTest - Wait for visibility of Plus Icon
2021-11-09 12:44:17,827 26773 [main] INFO  com.trello.android.baseutil.BaseTest - Validate Plus Icon is clickable
2021-11-09 12:44:18,497 27443 [main] INFO  com.trello.android.baseutil.BaseTest - Clicked on : Plus Icon
2021-11-09 12:44:18,508 27454 [main] INFO  com.trello.android.baseutil.BaseTest - Wait for visibility of Boards Icon
2021-11-09 12:44:19,562 28508 [main] INFO  com.trello.android.baseutil.BaseTest - Validate Boards Icon is clickable
2021-11-09 12:44:20,305 29251 [main] INFO  com.trello.android.baseutil.BaseTest - Clicked on : Boards Icon
2021-11-09 12:44:20,306 29252 [main] INFO  com.trello.android.baseutil.BaseTest - Wait for visibility of Board Name Textbox
2021-11-09 12:44:24,601 33547 [main] INFO  com.trello.android.baseutil.BaseTest - Trello_001 is entered into Board Name Textbox
2021-11-09 12:44:24,602 33548 [main] INFO  com.trello.android.baseutil.BaseTest - Wait for visibility of Confirm Tick Mark
2021-11-09 12:44:25,722 34668 [main] INFO  com.trello.android.baseutil.BaseTest - Validate Confirm Tick Mark is clickable
2021-11-09 12:44:26,544 35490 [main] INFO  com.trello.android.baseutil.BaseTest - Clicked on : Confirm Tick Mark
2021-11-09 12:44:26,545 35491 [main] INFO  com.trello.android.baseutil.BaseTest - Wait for visibility of Board Name Text
2021-11-09 12:44:33,058 42004 [main] INFO  com.trello.android.baseutil.BaseTest - Expected Board :Trello_001 Matched with Actual Board :Trello_001
2021-11-09 12:44:51,454 60400 [main] INFO  com.trello.android.baseutil.BaseTest - Wait for visibility of Plus Icon
2021-11-09 12:44:52,585 61531 [main] INFO  com.trello.android.baseutil.BaseTest - Validate Plus Icon is clickable
2021-11-09 12:44:53,264 62210 [main] INFO  com.trello.android.baseutil.BaseTest - Clicked on : Plus Icon
2021-11-09 12:44:53,265 62211 [main] INFO  com.trello.android.baseutil.BaseTest - Wait for visibility of Boards Icon
2021-11-09 12:44:54,354 63300 [main] INFO  com.trello.android.baseutil.BaseTest - Validate Boards Icon is clickable
2021-11-09 12:44:55,174 64120 [main] INFO  com.trello.android.baseutil.BaseTest - Clicked on : Boards Icon
2021-11-09 12:44:55,176 64122 [main] INFO  com.trello.android.baseutil.BaseTest - Wait for visibility of Board Name Textbox
2021-11-09 12:45:00,079 69025 [main] INFO  com.trello.android.baseutil.BaseTest - Trello_002 is entered into Board Name Textbox
2021-11-09 12:45:00,080 69026 [main] INFO  com.trello.android.baseutil.BaseTest - Wait for visibility of Confirm Tick Mark
2021-11-09 12:45:01,183 70129 [main] INFO  com.trello.android.baseutil.BaseTest - Validate Confirm Tick Mark is clickable
2021-11-09 12:45:01,521 70467 [main] INFO  com.trello.android.baseutil.BaseTest - Clicked on : Confirm Tick Mark
2021-11-09 12:45:01,521 70467 [main] INFO  com.trello.android.baseutil.BaseTest - Wait for visibility of Board Name Text
2021-11-09 12:45:07,383 76329 [main] INFO  com.trello.android.baseutil.BaseTest - Expected Board :Trello_002 Matched with Actual Board :Trello_002
2021-11-09 12:45:07,385 76331 [main] INFO  com.trello.android.baseutil.BaseTest - Wait for visibility of Add List Button
2021-11-09 12:45:07,804 76750 [main] INFO  com.trello.android.baseutil.BaseTest - Validate Add List Button is clickable
2021-11-09 12:45:08,221 77167 [main] INFO  com.trello.android.baseutil.BaseTest - Clicked on : Add List Button
2021-11-09 12:45:08,222 77168 [main] INFO  com.trello.android.baseutil.BaseTest - Wait for visibility of List Name TextBox
2021-11-09 12:45:11,124 80070 [main] INFO  com.trello.android.baseutil.BaseTest - To Do is entered into List Name TextBox
2021-11-09 12:45:11,125 80071 [main] INFO  com.trello.android.baseutil.BaseTest - Wait for visibility of Confirm Tick Mark
2021-11-09 12:45:12,278 81224 [main] INFO  com.trello.android.baseutil.BaseTest - Validate Confirm Tick Mark is clickable
2021-11-09 12:45:12,637 81583 [main] INFO  com.trello.android.baseutil.BaseTest - Clicked on : Confirm Tick Mark
2021-11-09 12:45:14,009 82955 [main] INFO  com.trello.android.baseutil.BaseTest - Wait for visibility of Board Name Text
2021-11-09 12:45:14,166 83112 [main] INFO  com.trello.android.baseutil.BaseTest - Expected List :To Do Matched with Actual List :To Do
2021-11-09 12:45:14,264 83210 [main] INFO  com.trello.android.baseutil.BaseTest - Wait for visibility of Add Card Button
2021-11-09 12:45:14,411 83357 [main] INFO  com.trello.android.baseutil.BaseTest - Validate Add Card Button is clickable
2021-11-09 12:45:14,501 83447 [main] INFO  com.trello.android.baseutil.BaseTest - Clicked on : Add Card Button
