2021-11-09 22:53:24,207 455  [main] INFO  com.trello.android.baseutil.BaseTest - Starting the Appium Server
2021-11-09 22:53:28,127 4375 [main] INFO  com.trello.android.baseutil.BaseTest - Appium Server started
2021-11-09 22:53:28,128 4376 [main] INFO  com.trello.android.baseutil.BaseTest - Appium Server URL: http://127.0.0.1:4723/wd/hub
2021-11-09 22:53:28,135 4383 [main] INFO  com.trello.android.baseutil.BaseTest - Folder creation for Extent
2021-11-09 22:53:28,140 4388 [main] INFO  com.trello.android.baseutil.BaseTest - ExtentDir:-C:\Users\Dell\Desktop\Ashish_Appium\TrelloMobile/reports/Automation Report- 11_09_2021_22_53_28
2021-11-09 22:53:28,298 4546 [main] INFO  com.trello.android.baseutil.BaseTest - Report Initiated
2021-11-09 22:53:28,299 4547 [main] INFO  com.trello.android.baseutil.BaseTest - Screenshot folder created
2021-11-09 22:53:52,974 29222 [main] INFO  com.trello.android.baseutil.BaseTest - Wait for visibility of Plus Icon
2021-11-09 22:53:54,119 30367 [main] INFO  com.trello.android.baseutil.BaseTest - Validate Plus Icon is clickable
2021-11-09 22:53:55,124 31372 [main] INFO  com.trello.android.baseutil.BaseTest - Clicked on : Plus Icon
2021-11-09 22:53:55,138 31386 [main] INFO  com.trello.android.baseutil.BaseTest - Wait for visibility of Boards Icon
2021-11-09 22:53:56,513 32761 [main] INFO  com.trello.android.baseutil.BaseTest - Validate Boards Icon is clickable
2021-11-09 22:53:57,294 33542 [main] INFO  com.trello.android.baseutil.BaseTest - Clicked on : Boards Icon
2021-11-09 22:53:57,295 33543 [main] INFO  com.trello.android.baseutil.BaseTest - Wait for visibility of Board Name Textbox
2021-11-09 22:54:03,770 40018 [main] INFO  com.trello.android.baseutil.BaseTest - Trello_001 is entered into Board Name Textbox
2021-11-09 22:54:03,783 40031 [main] INFO  com.trello.android.baseutil.BaseTest - Wait for visibility of Confirm Tick Mark
2021-11-09 22:54:05,131 41379 [main] INFO  com.trello.android.baseutil.BaseTest - Validate Confirm Tick Mark is clickable
2021-11-09 22:54:05,662 41910 [main] INFO  com.trello.android.baseutil.BaseTest - Clicked on : Confirm Tick Mark
2021-11-09 22:54:05,663 41911 [main] INFO  com.trello.android.baseutil.BaseTest - Wait for visibility of Board Name Text
2021-11-09 22:54:17,902 54150 [main] INFO  com.trello.android.baseutil.BaseTest - Expected Board :Trello_001 Matched with Actual Board :Trello_001
2021-11-09 22:54:17,906 54154 [main] INFO  com.trello.android.baseutil.BaseTest - Wait for visibility of Add List Button
2021-11-09 22:54:19,613 55861 [main] INFO  com.trello.android.baseutil.BaseTest - Validate Add List Button is clickable
2021-11-09 22:54:20,204 56452 [main] INFO  com.trello.android.baseutil.BaseTest - Clicked on : Add List Button
2021-11-09 22:54:20,205 56453 [main] INFO  com.trello.android.baseutil.BaseTest - Wait for visibility of List Name TextBox
2021-11-09 22:54:21,998 58246 [main] INFO  com.trello.android.baseutil.BaseTest - To Do is entered into List Name TextBox
2021-11-09 22:54:21,999 58247 [main] INFO  com.trello.android.baseutil.BaseTest - Wait for visibility of Confirm Tick Mark
2021-11-09 22:54:23,337 59585 [main] INFO  com.trello.android.baseutil.BaseTest - Validate Confirm Tick Mark is clickable
2021-11-09 22:54:24,258 60506 [main] INFO  com.trello.android.baseutil.BaseTest - Clicked on : Confirm Tick Mark
2021-11-09 22:54:26,339 62587 [main] INFO  com.trello.android.baseutil.BaseTest - Wait for visibility of Board Name Text
2021-11-09 22:54:26,503 62751 [main] INFO  com.trello.android.baseutil.BaseTest - Expected List :To Do Matched with Actual List :To Do
2021-11-09 22:54:26,581 62829 [main] INFO  com.trello.android.baseutil.BaseTest - Wait for visibility of Add Card Button
2021-11-09 22:54:26,717 62965 [main] INFO  com.trello.android.baseutil.BaseTest - Validate Add Card Button is clickable
2021-11-09 22:54:26,860 63108 [main] INFO  com.trello.android.baseutil.BaseTest - Clicked on : Add Card Button
2021-11-09 22:54:28,073 64321 [main] INFO  com.trello.android.baseutil.BaseTest - Wait for visibility of Card Name TextBox
2021-11-09 22:54:28,935 65183 [main] INFO  com.trello.android.baseutil.BaseTest - TestCase Writing is entered into Card Name TextBox
2021-11-09 22:54:28,936 65184 [main] INFO  com.trello.android.baseutil.BaseTest - Wait for visibility of Confirm Tick Mark
2021-11-09 22:54:29,735 65983 [main] INFO  com.trello.android.baseutil.BaseTest - Validate Confirm Tick Mark is clickable
2021-11-09 22:54:30,076 66324 [main] INFO  com.trello.android.baseutil.BaseTest - Clicked on : Confirm Tick Mark
2021-11-09 22:54:33,193 69441 [main] INFO  com.trello.android.baseutil.BaseTest - Wait for visibility of Card Name Text
2021-11-09 22:54:33,408 69656 [main] INFO  com.trello.android.baseutil.BaseTest - Expected Card :TestCase Writing Matched with Actual Card :TestCase Writing
2021-11-09 22:54:33,410 69658 [main] INFO  com.trello.android.baseutil.BaseTest - Wait for visibility of Add List Button
2021-11-09 22:54:33,746 69994 [main] INFO  com.trello.android.baseutil.BaseTest - Validate Add List Button is clickable
2021-11-09 22:54:34,801 71049 [main] INFO  com.trello.android.baseutil.BaseTest - Clicked on : Add List Button
2021-11-09 22:54:34,802 71050 [main] INFO  com.trello.android.baseutil.BaseTest - Wait for visibility of List Name TextBox
2021-11-09 22:54:37,094 73342 [main] INFO  com.trello.android.baseutil.BaseTest - Doing is entered into List Name TextBox
2021-11-09 22:54:37,095 73343 [main] INFO  com.trello.android.baseutil.BaseTest - Wait for visibility of Confirm Tick Mark
2021-11-09 22:54:37,805 74053 [main] INFO  com.trello.android.baseutil.BaseTest - Validate Confirm Tick Mark is clickable
2021-11-09 22:54:38,188 74436 [main] INFO  com.trello.android.baseutil.BaseTest - Clicked on : Confirm Tick Mark
2021-11-09 22:54:38,681 74929 [main] INFO  com.trello.android.baseutil.BaseTest - Wait for visibility of Board Name Text
2021-11-09 22:54:39,558 75806 [main] ERROR com.trello.android.baseutil.BaseTest - Board Name Text is not visible
2021-11-09 22:54:40,610 76858 [main] INFO  com.trello.android.baseutil.BaseTest - Expected List :Doing Matched with Actual List :Doing
2021-11-09 22:54:40,684 76932 [main] INFO  com.trello.android.baseutil.BaseTest - Wait for visibility of Element To Drag
2021-11-09 22:54:40,844 77092 [main] INFO  com.trello.android.baseutil.BaseTest - Wait for visibility of Element To Drop
2021-11-09 22:54:52,695 88943 [main] INFO  com.trello.android.baseutil.BaseTest - Wait for visibility of List Actions Board
2021-11-09 22:54:53,451 89699 [main] INFO  com.trello.android.baseutil.BaseTest - Validate List Actions Board is clickable
2021-11-09 22:54:53,731 89979 [main] INFO  com.trello.android.baseutil.BaseTest - Clicked on : List Actions Board
2021-11-09 22:54:53,732 89980 [main] INFO  com.trello.android.baseutil.BaseTest - Wait for visibility of Boards Settings
2021-11-09 22:54:55,258 91506 [main] INFO  com.trello.android.baseutil.BaseTest - Validate Boards Settings is clickable
2021-11-09 22:54:57,389 93637 [main] INFO  com.trello.android.baseutil.BaseTest - Clicked on : Boards Settings
2021-11-09 22:54:57,391 93639 [main] INFO  com.trello.android.baseutil.BaseTest - Scroll till the Close Boards
2021-11-09 22:55:08,865 105113 [main] INFO  com.trello.android.baseutil.BaseTest - Scroll till the Close Boards completed
2021-11-09 22:55:08,866 105114 [main] INFO  com.trello.android.baseutil.BaseTest - Wait for visibility of Close Boards
2021-11-09 22:55:09,397 105645 [main] INFO  com.trello.android.baseutil.BaseTest - Validate Close Boards is clickable
2021-11-09 22:55:10,076 106324 [main] INFO  com.trello.android.baseutil.BaseTest - Clicked on : Close Boards
2021-11-09 22:55:15,613 111861 [main] ERROR com.trello.android.baseutil.BaseTest - An element could not be located on the page using the given search parameters.
For documentation on this error, please visit: https://www.seleniumhq.org/exceptions/no_such_element.html
Build info: version: '3.141.59', revision: 'e82be7d358', time: '2018-11-14T08:17:03'
System info: host: 'DESKTOP-E80DE1T', ip: '100.71.70.125', os.name: 'Windows 10', os.arch: 'amd64', os.version: '10.0', java.version: '15.0.2'
Driver info: io.appium.java_client.android.AndroidDriver
Capabilities {appActivity: home.HomeActivity, appPackage: com.trello, databaseEnabled: false, desired: {appActivity: home.HomeActivity, appPackage: com.trello, deviceName: Android, fullReset: false, noReset: true, platformName: android}, deviceApiLevel: 28, deviceManufacturer: Google, deviceModel: AOSP on IA Emulator, deviceName: emulator-5554, deviceScreenDensity: 320, deviceScreenSize: 768x1280, deviceUDID: emulator-5554, fullReset: false, javascriptEnabled: true, locationContextEnabled: false, networkConnectionEnabled: true, noReset: true, pixelRatio: 2, platform: LINUX, platformName: Android, platformVersion: 9, statBarHeight: 48, takesScreenshot: true, viewportRect: {height: 1136, left: 0, top: 48, width: 768}, warnings: {}, webStorageEnabled: false}
Session ID: 1300e3da-f3f4-4a21-9e0f-95f139c2a939
*** Element info: {Using=xpath, value=//android.widget.TextView[@text='TestCase Writing']/ancestor::android.widget.FrameLayout[@resource-id='com.trello:id/content_view_wrapper']/descendant::android.widget.TextView[@text='This board is closed.']}
2021-11-09 22:55:20,102 116350 [main] INFO  com.trello.android.baseutil.BaseTest - Appium server stopped
