2021-11-09 09:57:50,502 4721 [main] INFO  com.trello.android.baseutil.BaseTest - Appium Server URL http://127.0.0.1:4723/wd/hub
2021-11-09 09:57:50,511 4730 [main] INFO  com.trello.android.baseutil.BaseTest - Appium Server started
2021-11-09 09:57:50,519 4738 [main] INFO  com.trello.android.baseutil.BaseTest - Folder creation for Extent
2021-11-09 09:57:50,541 4760 [main] INFO  com.trello.android.baseutil.BaseTest - ExtentDir:-C:\Users\Dell\Desktop\Ashish_Appium\TrelloMobile/reports/Automation Report- 11_09_2021_09_57_50
2021-11-09 09:57:50,931 5150 [main] INFO  com.trello.android.baseutil.BaseTest - Report Initiated
2021-11-09 09:57:50,959 5178 [main] INFO  com.trello.android.baseutil.BaseTest - Screenshot folder created
2021-11-09 09:58:15,946 30165 [main] INFO  com.trello.android.baseutil.BaseTest - Application launched
2021-11-09 09:58:18,998 33217 [main] INFO  com.trello.android.baseutil.BaseTest - Wait for visibility of Plus Icon
2021-11-09 09:58:19,654 33873 [main] INFO  com.trello.android.baseutil.BaseTest - Validate Plus Icon is clickable
2021-11-09 09:58:21,594 35813 [main] INFO  com.trello.android.baseutil.BaseTest - Clicked on : Plus Icon
2021-11-09 09:58:21,604 35823 [main] INFO  com.trello.android.baseutil.BaseTest - Wait for visibility of Boards Icon
2021-11-09 09:58:22,806 37025 [main] INFO  com.trello.android.baseutil.BaseTest - Validate Boards Icon is clickable
2021-11-09 09:58:25,391 39610 [main] INFO  com.trello.android.baseutil.BaseTest - Clicked on : Boards Icon
2021-11-09 09:58:25,392 39611 [main] INFO  com.trello.android.baseutil.BaseTest - Wait for visibility of Board Name Textbox
2021-11-09 09:58:29,139 43358 [main] INFO  com.trello.android.baseutil.BaseTest - Trello_001 is entered into Board Name Textbox
2021-11-09 09:58:29,140 43359 [main] INFO  com.trello.android.baseutil.BaseTest - Wait for visibility of Confirm Tick Mark
2021-11-09 09:58:30,401 44620 [main] INFO  com.trello.android.baseutil.BaseTest - Validate Confirm Tick Mark is clickable
2021-11-09 09:58:30,789 45008 [main] INFO  com.trello.android.baseutil.BaseTest - Clicked on : Confirm Tick Mark
2021-11-09 09:58:30,790 45009 [main] INFO  com.trello.android.baseutil.BaseTest - Wait for visibility of Board Name Text
2021-11-09 09:58:34,066 48285 [main] INFO  com.trello.android.baseutil.BaseTest - Expected Board :Trello_001 Matched with Actual Board :Trello_001
2021-11-09 09:58:34,069 48288 [main] INFO  com.trello.android.baseutil.BaseTest - Wait for visibility of Add List Button
2021-11-09 09:58:34,368 48587 [main] INFO  com.trello.android.baseutil.BaseTest - Validate Add List Button is clickable
2021-11-09 09:58:34,749 48968 [main] INFO  com.trello.android.baseutil.BaseTest - Clicked on : Add List Button
2021-11-09 09:58:34,750 48969 [main] INFO  com.trello.android.baseutil.BaseTest - Wait for visibility of List Name TextBox
2021-11-09 09:58:37,519 51738 [main] INFO  com.trello.android.baseutil.BaseTest - To Do is entered into List Name TextBox
2021-11-09 09:58:37,520 51739 [main] INFO  com.trello.android.baseutil.BaseTest - Wait for visibility of Confirm Tick Mark
2021-11-09 09:58:38,555 52774 [main] INFO  com.trello.android.baseutil.BaseTest - Validate Confirm Tick Mark is clickable
2021-11-09 09:58:38,793 53012 [main] INFO  com.trello.android.baseutil.BaseTest - Clicked on : Confirm Tick Mark
2021-11-09 09:58:38,871 53090 [main] INFO  com.trello.android.baseutil.BaseTest - Wait for visibility of Board Name Text
2021-11-09 09:58:40,342 54561 [main] INFO  com.trello.android.baseutil.BaseTest - Expected List :To Do Matched with Actual List :To Do
2021-11-09 09:58:40,410 54629 [main] INFO  com.trello.android.baseutil.BaseTest - Wait for visibility of Add Card Button
2021-11-09 09:58:40,553 54772 [main] INFO  com.trello.android.baseutil.BaseTest - Validate Add Card Button is clickable
2021-11-09 09:58:40,623 54842 [main] INFO  com.trello.android.baseutil.BaseTest - Clicked on : Add Card Button
2021-11-09 09:58:42,204 56423 [main] INFO  com.trello.android.baseutil.BaseTest - Wait for visibility of Card Name TextBox
2021-11-09 09:58:43,484 57703 [main] INFO  com.trello.android.baseutil.BaseTest - TestCase Writing is entered into Card Name TextBox
2021-11-09 09:58:43,485 57704 [main] INFO  com.trello.android.baseutil.BaseTest - Wait for visibility of Confirm Tick Mark
2021-11-09 09:58:44,624 58843 [main] INFO  com.trello.android.baseutil.BaseTest - Validate Confirm Tick Mark is clickable
2021-11-09 09:58:44,903 59122 [main] INFO  com.trello.android.baseutil.BaseTest - Clicked on : Confirm Tick Mark
2021-11-09 09:58:47,979 62198 [main] INFO  com.trello.android.baseutil.BaseTest - Wait for visibility of Card Name Text
2021-11-09 09:58:48,143 62362 [main] INFO  com.trello.android.baseutil.BaseTest - Expected Card :TestCase Writing Matched with Actual Card :TestCase Writing
2021-11-09 09:58:48,265 62484 [main] INFO  com.trello.android.baseutil.BaseTest - Wait for visibility of Card Name
2021-11-09 09:58:48,479 62698 [main] INFO  com.trello.android.baseutil.BaseTest - Validate Card Name  is clickable
2021-11-09 09:58:49,912 64131 [main] INFO  com.trello.android.baseutil.BaseTest - Clicked on : Card Name 
2021-11-09 09:58:50,842 65061 [main] INFO  com.trello.android.baseutil.BaseTest - Wait for visibility of Add Checklist Button
2021-11-09 09:58:52,747 66966 [main] INFO  com.trello.android.baseutil.BaseTest - Validate Add Checklist Button is clickable
2021-11-09 09:58:53,291 67510 [main] INFO  com.trello.android.baseutil.BaseTest - Clicked on : Add Checklist Button
2021-11-09 09:58:53,292 67511 [main] INFO  com.trello.android.baseutil.BaseTest - Wait for visibility of Add Item Text Field
2021-11-09 09:58:57,788 72007 [main] INFO  com.trello.android.baseutil.BaseTest - Trello Project is entered into Add Item Text Field
2021-11-09 09:58:57,789 72008 [main] INFO  com.trello.android.baseutil.BaseTest - Wait for visibility of Accept Icon
2021-11-09 09:58:59,144 73363 [main] INFO  com.trello.android.baseutil.BaseTest - Validate Accept Icon is clickable
2021-11-09 09:58:59,716 73935 [main] INFO  com.trello.android.baseutil.BaseTest - Clicked on : Accept Icon
2021-11-09 09:58:59,716 73935 [main] INFO  com.trello.android.baseutil.BaseTest - Wait for visibility of Reject Icon
2021-11-09 09:59:02,107 76326 [main] INFO  com.trello.android.baseutil.BaseTest - Validate Reject Icon is clickable
2021-11-09 09:59:02,662 76881 [main] INFO  com.trello.android.baseutil.BaseTest - Clicked on : Reject Icon
2021-11-09 09:59:02,663 76882 [main] INFO  com.trello.android.baseutil.BaseTest - Wait for visibility of Close Icon
2021-11-09 09:59:05,568 79787 [main] INFO  com.trello.android.baseutil.BaseTest - Validate Close Icon is clickable
2021-11-09 09:59:06,285 80504 [main] INFO  com.trello.android.baseutil.BaseTest - Clicked on : Close Icon
2021-11-09 09:59:06,286 80505 [main] INFO  com.trello.android.baseutil.BaseTest - Wait for visibility of Add List Button
2021-11-09 09:59:07,193 81412 [main] INFO  com.trello.android.baseutil.BaseTest - Validate Add List Button is clickable
2021-11-09 09:59:07,808 82027 [main] INFO  com.trello.android.baseutil.BaseTest - Clicked on : Add List Button
2021-11-09 09:59:07,809 82028 [main] INFO  com.trello.android.baseutil.BaseTest - Wait for visibility of List Name TextBox
2021-11-09 09:59:10,936 85155 [main] INFO  com.trello.android.baseutil.BaseTest - Doing is entered into List Name TextBox
2021-11-09 09:59:10,936 85155 [main] INFO  com.trello.android.baseutil.BaseTest - Wait for visibility of Confirm Tick Mark
2021-11-09 09:59:12,274 86493 [main] INFO  com.trello.android.baseutil.BaseTest - Validate Confirm Tick Mark is clickable
2021-11-09 09:59:12,591 86810 [main] INFO  com.trello.android.baseutil.BaseTest - Clicked on : Confirm Tick Mark
2021-11-09 09:59:12,700 86919 [main] INFO  com.trello.android.baseutil.BaseTest - Wait for visibility of Board Name Text
2021-11-09 09:59:14,236 88455 [main] INFO  com.trello.android.baseutil.BaseTest - Expected List :Doing Matched with Actual List :Doing
2021-11-09 09:59:14,324 88543 [main] INFO  com.trello.android.baseutil.BaseTest - Wait for visibility of Element To Drag
2021-11-09 09:59:14,439 88658 [main] INFO  com.trello.android.baseutil.BaseTest - Wait for visibility of Element To Drop
2021-11-09 09:59:21,236 95455 [main] INFO  com.trello.android.baseutil.BaseTest - Drag and Drop Completed
2021-11-09 09:59:21,706 95925 [main] INFO  com.trello.android.baseutil.BaseTest - Wait for visibility of List Name
2021-11-09 09:59:22,298 96517 [main] INFO  com.trello.android.baseutil.BaseTest - Drag Card : TestCase Writing And Drop To : Doing List Successfully
2021-11-09 09:59:22,299 96518 [main] INFO  com.trello.android.baseutil.BaseTest - Wait for visibility of Add List Button
2021-11-09 09:59:22,624 96843 [main] INFO  com.trello.android.baseutil.BaseTest - Validate Add List Button is clickable
2021-11-09 09:59:23,211 97430 [main] INFO  com.trello.android.baseutil.BaseTest - Clicked on : Add List Button
2021-11-09 09:59:23,212 97431 [main] INFO  com.trello.android.baseutil.BaseTest - Wait for visibility of List Name TextBox
2021-11-09 09:59:26,410 100629 [main] INFO  com.trello.android.baseutil.BaseTest - Done is entered into List Name TextBox
2021-11-09 09:59:26,411 100630 [main] INFO  com.trello.android.baseutil.BaseTest - Wait for visibility of Confirm Tick Mark
2021-11-09 09:59:27,607 101826 [main] INFO  com.trello.android.baseutil.BaseTest - Validate Confirm Tick Mark is clickable
2021-11-09 09:59:27,994 102213 [main] INFO  com.trello.android.baseutil.BaseTest - Clicked on : Confirm Tick Mark
2021-11-09 09:59:28,100 102319 [main] INFO  com.trello.android.baseutil.BaseTest - Wait for visibility of Board Name Text
2021-11-09 09:59:29,618 103837 [main] INFO  com.trello.android.baseutil.BaseTest - Expected List :Done Matched with Actual List :Done
2021-11-09 09:59:29,705 103924 [main] INFO  com.trello.android.baseutil.BaseTest - Wait for visibility of Element To Drag
2021-11-09 09:59:29,830 104049 [main] INFO  com.trello.android.baseutil.BaseTest - Wait for visibility of Element To Drop
2021-11-09 09:59:36,634 110853 [main] INFO  com.trello.android.baseutil.BaseTest - Drag and Drop Completed
2021-11-09 09:59:37,081 111300 [main] INFO  com.trello.android.baseutil.BaseTest - Wait for visibility of List Name
2021-11-09 09:59:37,273 111492 [main] INFO  com.trello.android.baseutil.BaseTest - Drag Card : TestCase Writing And Drop To : Done List Successfully
2021-11-09 09:59:37,275 111494 [main] INFO  com.trello.android.baseutil.BaseTest - Wait for visibility of List Actions Board
2021-11-09 09:59:37,577 111796 [main] INFO  com.trello.android.baseutil.BaseTest - Validate List Actions Board is clickable
2021-11-09 09:59:37,892 112111 [main] INFO  com.trello.android.baseutil.BaseTest - Clicked on : List Actions Board
2021-11-09 09:59:37,893 112112 [main] INFO  com.trello.android.baseutil.BaseTest - Wait for visibility of Boards Settings
2021-11-09 09:59:39,236 113455 [main] INFO  com.trello.android.baseutil.BaseTest - Validate Boards Settings is clickable
2021-11-09 09:59:40,436 114655 [main] INFO  com.trello.android.baseutil.BaseTest - Clicked on : Boards Settings
2021-11-09 09:59:40,437 114656 [main] INFO  com.trello.android.baseutil.BaseTest - Scroll till the Close Boards
2021-11-09 09:59:45,109 119328 [main] INFO  com.trello.android.baseutil.BaseTest - Scroll till the Close Boards completed
2021-11-09 09:59:45,110 119329 [main] INFO  com.trello.android.baseutil.BaseTest - Wait for visibility of Close Boards
2021-11-09 09:59:46,281 120500 [main] INFO  com.trello.android.baseutil.BaseTest - Validate Close Boards is clickable
2021-11-09 09:59:47,224 121443 [main] INFO  com.trello.android.baseutil.BaseTest - Clicked on : Close Boards
2021-11-09 09:59:48,401 122620 [main] INFO  com.trello.android.baseutil.BaseTest - Wait for visibility of This board is closed text
2021-11-09 09:59:48,515 122734 [main] INFO  com.trello.android.baseutil.BaseTest - Validate This board is closed text is displayed
2021-11-09 09:59:48,546 122765 [main] INFO  com.trello.android.baseutil.BaseTest - This board is closed text is displayed
2021-11-09 09:59:52,653 126872 [main] INFO  com.trello.android.baseutil.BaseTest - Appium server stop
