2021-11-09 10:07:56,426 2906 [main] INFO  com.trello.android.baseutil.BaseTest - Appium Server URL http://127.0.0.1:4723/wd/hub
2021-11-09 10:07:56,430 2910 [main] INFO  com.trello.android.baseutil.BaseTest - Appium Server started
2021-11-09 10:07:56,434 2914 [main] INFO  com.trello.android.baseutil.BaseTest - Folder creation for Extent
2021-11-09 10:07:56,446 2926 [main] INFO  com.trello.android.baseutil.BaseTest - ExtentDir:-C:\Users\Dell\Desktop\Ashish_Appium\TrelloMobile/reports/Automation Report- 11_09_2021_10_07_56
2021-11-09 10:07:56,653 3133 [main] INFO  com.trello.android.baseutil.BaseTest - Report Initiated
2021-11-09 10:07:56,655 3135 [main] INFO  com.trello.android.baseutil.BaseTest - Screenshot folder created
2021-11-09 10:08:20,337 26817 [main] INFO  com.trello.android.baseutil.BaseTest - Application launched
2021-11-09 10:08:23,414 29894 [main] INFO  com.trello.android.baseutil.BaseTest - Wait for visibility of Plus Icon
2021-11-09 10:08:24,151 30631 [main] INFO  com.trello.android.baseutil.BaseTest - Validate Plus Icon is clickable
2021-11-09 10:08:26,936 33416 [main] INFO  com.trello.android.baseutil.BaseTest - Clicked on : Plus Icon
2021-11-09 10:08:26,946 33426 [main] INFO  com.trello.android.baseutil.BaseTest - Wait for visibility of Boards Icon
2021-11-09 10:08:27,682 34162 [main] INFO  com.trello.android.baseutil.BaseTest - Validate Boards Icon is clickable
2021-11-09 10:08:29,834 36314 [main] INFO  com.trello.android.baseutil.BaseTest - Clicked on : Boards Icon
2021-11-09 10:08:29,836 36316 [main] INFO  com.trello.android.baseutil.BaseTest - Wait for visibility of Board Name Textbox
2021-11-09 10:08:33,726 40206 [main] INFO  com.trello.android.baseutil.BaseTest - Trello_005 is entered into Board Name Textbox
2021-11-09 10:08:33,727 40207 [main] INFO  com.trello.android.baseutil.BaseTest - Wait for visibility of Confirm Tick Mark
2021-11-09 10:08:34,906 41386 [main] INFO  com.trello.android.baseutil.BaseTest - Validate Confirm Tick Mark is clickable
2021-11-09 10:08:35,273 41753 [main] INFO  com.trello.android.baseutil.BaseTest - Clicked on : Confirm Tick Mark
2021-11-09 10:08:35,274 41754 [main] INFO  com.trello.android.baseutil.BaseTest - Wait for visibility of Board Name Text
2021-11-09 10:08:38,913 45393 [main] INFO  com.trello.android.baseutil.BaseTest - Expected Board :Trello_005 Matched with Actual Board :Trello_005
2021-11-09 10:08:38,922 45402 [main] INFO  com.trello.android.baseutil.BaseTest - Wait for visibility of Add List Button
2021-11-09 10:08:39,159 45639 [main] INFO  com.trello.android.baseutil.BaseTest - Validate Add List Button is clickable
2021-11-09 10:08:39,613 46093 [main] INFO  com.trello.android.baseutil.BaseTest - Clicked on : Add List Button
2021-11-09 10:08:39,614 46094 [main] INFO  com.trello.android.baseutil.BaseTest - Wait for visibility of List Name TextBox
2021-11-09 10:08:42,420 48900 [main] INFO  com.trello.android.baseutil.BaseTest - To Do is entered into List Name TextBox
2021-11-09 10:08:42,421 48901 [main] INFO  com.trello.android.baseutil.BaseTest - Wait for visibility of Confirm Tick Mark
2021-11-09 10:08:43,515 49995 [main] INFO  com.trello.android.baseutil.BaseTest - Validate Confirm Tick Mark is clickable
2021-11-09 10:08:43,864 50344 [main] INFO  com.trello.android.baseutil.BaseTest - Clicked on : Confirm Tick Mark
2021-11-09 10:08:43,964 50444 [main] INFO  com.trello.android.baseutil.BaseTest - Wait for visibility of Board Name Text
2021-11-09 10:08:45,438 51918 [main] INFO  com.trello.android.baseutil.BaseTest - Expected List :To Do Matched with Actual List :To Do
2021-11-09 10:08:45,548 52028 [main] INFO  com.trello.android.baseutil.BaseTest - Wait for visibility of Add Card Button
2021-11-09 10:08:45,707 52187 [main] INFO  com.trello.android.baseutil.BaseTest - Validate Add Card Button is clickable
2021-11-09 10:08:45,829 52309 [main] INFO  com.trello.android.baseutil.BaseTest - Clicked on : Add Card Button
2021-11-09 10:08:47,373 53853 [main] INFO  com.trello.android.baseutil.BaseTest - Wait for visibility of Card Name TextBox
2021-11-09 10:08:48,658 55138 [main] INFO  com.trello.android.baseutil.BaseTest - Review TestCase is entered into Card Name TextBox
2021-11-09 10:08:48,659 55139 [main] INFO  com.trello.android.baseutil.BaseTest - Wait for visibility of Confirm Tick Mark
2021-11-09 10:08:49,807 56287 [main] INFO  com.trello.android.baseutil.BaseTest - Validate Confirm Tick Mark is clickable
2021-11-09 10:08:50,108 56588 [main] INFO  com.trello.android.baseutil.BaseTest - Clicked on : Confirm Tick Mark
2021-11-09 10:08:53,236 59716 [main] INFO  com.trello.android.baseutil.BaseTest - Wait for visibility of Card Name Text
2021-11-09 10:08:53,431 59911 [main] INFO  com.trello.android.baseutil.BaseTest - Expected Card :Review TestCase Matched with Actual Card :Review TestCase
2021-11-09 10:08:53,515 59995 [main] INFO  com.trello.android.baseutil.BaseTest - Wait for visibility of Card Name TextBox
2021-11-09 10:08:54,806 61286 [main] INFO  com.trello.android.baseutil.BaseTest - POM Page Creation is entered into Card Name TextBox
2021-11-09 10:08:54,807 61287 [main] INFO  com.trello.android.baseutil.BaseTest - Wait for visibility of Confirm Tick Mark
2021-11-09 10:08:55,963 62443 [main] INFO  com.trello.android.baseutil.BaseTest - Validate Confirm Tick Mark is clickable
2021-11-09 10:08:57,237 63717 [main] INFO  com.trello.android.baseutil.BaseTest - Clicked on : Confirm Tick Mark
2021-11-09 10:09:00,310 66790 [main] INFO  com.trello.android.baseutil.BaseTest - Wait for visibility of Card Name Text
2021-11-09 10:09:00,476 66956 [main] INFO  com.trello.android.baseutil.BaseTest - Expected Card :POM Page Creation Matched with Actual Card :POM Page Creation
2021-11-09 10:09:00,477 66957 [main] INFO  com.trello.android.baseutil.BaseTest - Wait for visibility of Add List Button
2021-11-09 10:09:00,848 67328 [main] INFO  com.trello.android.baseutil.BaseTest - Validate Add List Button is clickable
2021-11-09 10:09:01,297 67777 [main] INFO  com.trello.android.baseutil.BaseTest - Clicked on : Add List Button
2021-11-09 10:09:01,298 67778 [main] INFO  com.trello.android.baseutil.BaseTest - Wait for visibility of List Name TextBox
2021-11-09 10:09:04,481 70961 [main] INFO  com.trello.android.baseutil.BaseTest - Doing is entered into List Name TextBox
2021-11-09 10:09:04,482 70962 [main] INFO  com.trello.android.baseutil.BaseTest - Wait for visibility of Confirm Tick Mark
2021-11-09 10:09:05,654 72134 [main] INFO  com.trello.android.baseutil.BaseTest - Validate Confirm Tick Mark is clickable
2021-11-09 10:09:05,994 72474 [main] INFO  com.trello.android.baseutil.BaseTest - Clicked on : Confirm Tick Mark
2021-11-09 10:09:06,080 72560 [main] INFO  com.trello.android.baseutil.BaseTest - Wait for visibility of Board Name Text
2021-11-09 10:09:07,648 74128 [main] INFO  com.trello.android.baseutil.BaseTest - Expected List :Doing Matched with Actual List :Doing
2021-11-09 10:09:24,079 90559 [main] INFO  com.trello.android.baseutil.BaseTest - Wait for visibility of List Actions
2021-11-09 10:09:24,252 90732 [main] INFO  com.trello.android.baseutil.BaseTest - Validate List Actions is clickable
2021-11-09 10:09:24,345 90825 [main] INFO  com.trello.android.baseutil.BaseTest - Clicked on : List Actions
2021-11-09 10:09:24,346 90826 [main] INFO  com.trello.android.baseutil.BaseTest - Wait for visibility of  Move all Cards in this List Link
2021-11-09 10:09:25,741 92221 [main] INFO  com.trello.android.baseutil.BaseTest - Validate  Move all Cards in this List Link is clickable
2021-11-09 10:09:26,200 92680 [main] INFO  com.trello.android.baseutil.BaseTest - Clicked on :  Move all Cards in this List Link
2021-11-09 10:09:26,200 92680 [main] INFO  com.trello.android.baseutil.BaseTest - Wait for visibility of Boards Dropdown
2021-11-09 10:09:27,613 94093 [main] INFO  com.trello.android.baseutil.BaseTest - Validate Boards Dropdown is clickable
2021-11-09 10:09:28,506 94986 [main] INFO  com.trello.android.baseutil.BaseTest - Clicked on : Boards Dropdown
2021-11-09 10:09:28,561 95041 [main] INFO  com.trello.android.baseutil.BaseTest - Wait for visibility of Boards Option
2021-11-09 10:09:29,643 96123 [main] ERROR com.trello.android.baseutil.BaseTest - Boards Option is not visible
2021-11-09 10:09:29,726 96206 [main] INFO  com.trello.android.baseutil.BaseTest - Validate Boards Option is clickable
2021-11-09 10:09:29,808 96288 [main] INFO  com.trello.android.baseutil.BaseTest - Clicked on : Boards Option
2021-11-09 10:09:29,809 96289 [main] INFO  com.trello.android.baseutil.BaseTest - Wait for visibility of List Dropdown
2021-11-09 10:09:30,540 97020 [main] INFO  com.trello.android.baseutil.BaseTest - Validate List Dropdown is clickable
2021-11-09 10:09:30,886 97366 [main] INFO  com.trello.android.baseutil.BaseTest - Clicked on : List Dropdown
2021-11-09 10:09:31,850 98330 [main] INFO  com.trello.android.baseutil.BaseTest - Wait for visibility of List Option
2021-11-09 10:09:31,937 98417 [main] INFO  com.trello.android.baseutil.BaseTest - Validate List Option is clickable
2021-11-09 10:09:32,774 99254 [main] INFO  com.trello.android.baseutil.BaseTest - Clicked on : List Option
2021-11-09 10:09:32,776 99256 [main] INFO  com.trello.android.baseutil.BaseTest - Wait for visibility of Confirm Tick Mark
2021-11-09 10:09:32,992 99472 [main] INFO  com.trello.android.baseutil.BaseTest - Validate Confirm Tick Mark is clickable
2021-11-09 10:09:33,226 99706 [main] INFO  com.trello.android.baseutil.BaseTest - Clicked on : Confirm Tick Mark
2021-11-09 10:09:34,893 101373 [main] INFO  com.trello.android.baseutil.BaseTest - Swiping the element using Co-ordinates
2021-11-09 10:09:38,065 104545 [main] INFO  com.trello.android.baseutil.BaseTest - Swiping the element using Co-ordinates
2021-11-09 10:09:50,592 117072 [main] INFO  com.trello.android.baseutil.BaseTest - Swiping the element using Co-ordinates
2021-11-09 10:10:03,205 129685 [main] INFO  com.trello.android.baseutil.BaseTest - Swiping the element using Co-ordinates
2021-11-09 10:10:05,188 131668 [main] INFO  com.trello.android.baseutil.BaseTest - Successfully moved the cards to Doing list
2021-11-09 10:10:05,189 131669 [main] INFO  com.trello.android.baseutil.BaseTest - Wait for visibility of List Actions Board
2021-11-09 10:10:05,459 131939 [main] INFO  com.trello.android.baseutil.BaseTest - Validate List Actions Board is clickable
2021-11-09 10:10:05,778 132258 [main] INFO  com.trello.android.baseutil.BaseTest - Clicked on : List Actions Board
2021-11-09 10:10:05,778 132258 [main] INFO  com.trello.android.baseutil.BaseTest - Wait for visibility of Boards Settings
2021-11-09 10:10:07,634 134114 [main] INFO  com.trello.android.baseutil.BaseTest - Validate Boards Settings is clickable
2021-11-09 10:10:08,339 134819 [main] INFO  com.trello.android.baseutil.BaseTest - Clicked on : Boards Settings
2021-11-09 10:10:08,340 134820 [main] INFO  com.trello.android.baseutil.BaseTest - Scroll till the Close Boards
2021-11-09 10:10:13,020 139500 [main] INFO  com.trello.android.baseutil.BaseTest - Scroll till the Close Boards completed
2021-11-09 10:10:13,021 139501 [main] INFO  com.trello.android.baseutil.BaseTest - Wait for visibility of Close Boards
2021-11-09 10:10:14,293 140773 [main] INFO  com.trello.android.baseutil.BaseTest - Validate Close Boards is clickable
2021-11-09 10:10:15,290 141770 [main] INFO  com.trello.android.baseutil.BaseTest - Clicked on : Close Boards
2021-11-09 10:10:16,523 143003 [main] INFO  com.trello.android.baseutil.BaseTest - Wait for visibility of This board is closed text
2021-11-09 10:10:16,620 143100 [main] INFO  com.trello.android.baseutil.BaseTest - Validate This board is closed text is displayed
2021-11-09 10:10:16,648 143128 [main] INFO  com.trello.android.baseutil.BaseTest - This board is closed text is displayed
2021-11-09 10:10:39,953 166433 [main] INFO  com.trello.android.baseutil.BaseTest - Application launched
2021-11-09 10:10:40,385 166865 [main] INFO  com.trello.android.baseutil.BaseTest - Wait for visibility of Plus Icon
2021-11-09 10:10:42,504 168984 [main] INFO  com.trello.android.baseutil.BaseTest - Validate Plus Icon is clickable
2021-11-09 10:10:43,313 169793 [main] INFO  com.trello.android.baseutil.BaseTest - Clicked on : Plus Icon
2021-11-09 10:10:43,314 169794 [main] INFO  com.trello.android.baseutil.BaseTest - Wait for visibility of Boards Icon
2021-11-09 10:10:44,488 170968 [main] INFO  com.trello.android.baseutil.BaseTest - Validate Boards Icon is clickable
2021-11-09 10:10:46,149 172629 [main] INFO  com.trello.android.baseutil.BaseTest - Clicked on : Boards Icon
2021-11-09 10:10:46,150 172630 [main] INFO  com.trello.android.baseutil.BaseTest - Wait for visibility of Board Name Textbox
2021-11-09 10:10:50,439 176919 [main] INFO  com.trello.android.baseutil.BaseTest - Trello_006 is entered into Board Name Textbox
2021-11-09 10:10:50,439 176919 [main] INFO  com.trello.android.baseutil.BaseTest - Wait for visibility of Confirm Tick Mark
2021-11-09 10:10:51,596 178076 [main] INFO  com.trello.android.baseutil.BaseTest - Validate Confirm Tick Mark is clickable
2021-11-09 10:10:51,925 178405 [main] INFO  com.trello.android.baseutil.BaseTest - Clicked on : Confirm Tick Mark
2021-11-09 10:10:51,926 178406 [main] INFO  com.trello.android.baseutil.BaseTest - Wait for visibility of Board Name Text
2021-11-09 10:10:58,449 184929 [main] INFO  com.trello.android.baseutil.BaseTest - Expected Board :Trello_006 Matched with Actual Board :Trello_006
2021-11-09 10:10:58,450 184930 [main] INFO  com.trello.android.baseutil.BaseTest - Wait for visibility of Add List Button
2021-11-09 10:10:58,780 185260 [main] INFO  com.trello.android.baseutil.BaseTest - Validate Add List Button is clickable
2021-11-09 10:10:59,156 185636 [main] INFO  com.trello.android.baseutil.BaseTest - Clicked on : Add List Button
2021-11-09 10:10:59,157 185637 [main] INFO  com.trello.android.baseutil.BaseTest - Wait for visibility of List Name TextBox
2021-11-09 10:11:01,968 188448 [main] INFO  com.trello.android.baseutil.BaseTest - To Do is entered into List Name TextBox
2021-11-09 10:11:01,969 188449 [main] INFO  com.trello.android.baseutil.BaseTest - Wait for visibility of Confirm Tick Mark
2021-11-09 10:11:02,964 189444 [main] INFO  com.trello.android.baseutil.BaseTest - Validate Confirm Tick Mark is clickable
2021-11-09 10:11:03,239 189719 [main] INFO  com.trello.android.baseutil.BaseTest - Clicked on : Confirm Tick Mark
2021-11-09 10:11:03,316 189796 [main] INFO  com.trello.android.baseutil.BaseTest - Wait for visibility of Board Name Text
2021-11-09 10:11:04,708 191188 [main] INFO  com.trello.android.baseutil.BaseTest - Expected List :To Do Matched with Actual List :To Do
2021-11-09 10:11:04,821 191301 [main] INFO  com.trello.android.baseutil.BaseTest - Wait for visibility of Add Card Button
2021-11-09 10:11:04,953 191433 [main] INFO  com.trello.android.baseutil.BaseTest - Validate Add Card Button is clickable
2021-11-09 10:11:05,034 191514 [main] INFO  com.trello.android.baseutil.BaseTest - Clicked on : Add Card Button
2021-11-09 10:11:06,553 193033 [main] INFO  com.trello.android.baseutil.BaseTest - Wait for visibility of Card Name TextBox
2021-11-09 10:11:08,158 194638 [main] INFO  com.trello.android.baseutil.BaseTest - Script Writing is entered into Card Name TextBox
2021-11-09 10:11:08,159 194639 [main] INFO  com.trello.android.baseutil.BaseTest - Wait for visibility of Confirm Tick Mark
2021-11-09 10:11:09,253 195733 [main] INFO  com.trello.android.baseutil.BaseTest - Validate Confirm Tick Mark is clickable
2021-11-09 10:11:09,526 196006 [main] INFO  com.trello.android.baseutil.BaseTest - Clicked on : Confirm Tick Mark
2021-11-09 10:11:12,828 199308 [main] INFO  com.trello.android.baseutil.BaseTest - Wait for visibility of Card Name Text
2021-11-09 10:11:13,070 199550 [main] INFO  com.trello.android.baseutil.BaseTest - Expected Card :Script Writing Matched with Actual Card :Script Writing
2021-11-09 10:11:13,182 199662 [main] INFO  com.trello.android.baseutil.BaseTest - Wait for visibility of Card Name TextBox
2021-11-09 10:11:14,760 201240 [main] INFO  com.trello.android.baseutil.BaseTest - POM Page Creation is entered into Card Name TextBox
2021-11-09 10:11:14,761 201241 [main] INFO  com.trello.android.baseutil.BaseTest - Wait for visibility of Confirm Tick Mark
2021-11-09 10:11:15,955 202435 [main] INFO  com.trello.android.baseutil.BaseTest - Validate Confirm Tick Mark is clickable
2021-11-09 10:11:16,280 202760 [main] INFO  com.trello.android.baseutil.BaseTest - Clicked on : Confirm Tick Mark
2021-11-09 10:11:19,402 205882 [main] INFO  com.trello.android.baseutil.BaseTest - Wait for visibility of Card Name Text
2021-11-09 10:11:19,597 206077 [main] INFO  com.trello.android.baseutil.BaseTest - Expected Card :POM Page Creation Matched with Actual Card :POM Page Creation
2021-11-09 10:11:19,597 206077 [main] INFO  com.trello.android.baseutil.BaseTest - Wait for visibility of Add List Button
2021-11-09 10:11:19,993 206473 [main] INFO  com.trello.android.baseutil.BaseTest - Validate Add List Button is clickable
2021-11-09 10:11:20,449 206929 [main] INFO  com.trello.android.baseutil.BaseTest - Clicked on : Add List Button
2021-11-09 10:11:20,450 206930 [main] INFO  com.trello.android.baseutil.BaseTest - Wait for visibility of List Name TextBox
2021-11-09 10:11:23,510 209990 [main] INFO  com.trello.android.baseutil.BaseTest - Doing is entered into List Name TextBox
2021-11-09 10:11:23,510 209990 [main] INFO  com.trello.android.baseutil.BaseTest - Wait for visibility of Confirm Tick Mark
2021-11-09 10:11:24,593 211073 [main] INFO  com.trello.android.baseutil.BaseTest - Validate Confirm Tick Mark is clickable
2021-11-09 10:11:24,912 211392 [main] INFO  com.trello.android.baseutil.BaseTest - Clicked on : Confirm Tick Mark
2021-11-09 10:11:26,424 212904 [main] INFO  com.trello.android.baseutil.BaseTest - Wait for visibility of Board Name Text
2021-11-09 10:11:26,570 213050 [main] INFO  com.trello.android.baseutil.BaseTest - Expected List :Doing Matched with Actual List :Doing
2021-11-09 10:11:42,906 229386 [main] INFO  com.trello.android.baseutil.BaseTest - Wait for visibility of List Actions
2021-11-09 10:11:43,128 229608 [main] INFO  com.trello.android.baseutil.BaseTest - Validate List Actions is clickable
2021-11-09 10:11:43,221 229701 [main] INFO  com.trello.android.baseutil.BaseTest - Clicked on : List Actions
2021-11-09 10:11:43,222 229702 [main] INFO  com.trello.android.baseutil.BaseTest - Wait for visibility of Copy List Link
2021-11-09 10:11:44,678 231158 [main] INFO  com.trello.android.baseutil.BaseTest - Validate Copy List Link is clickable
2021-11-09 10:11:45,130 231610 [main] INFO  com.trello.android.baseutil.BaseTest - Clicked on : Copy List Link
2021-11-09 10:11:45,131 231611 [main] INFO  com.trello.android.baseutil.BaseTest - Wait for visibility of List Name textbox
2021-11-09 10:11:47,961 234441 [main] INFO  com.trello.android.baseutil.BaseTest - Clear the text present inList Name textbox
2021-11-09 10:11:50,327 236807 [main] INFO  com.trello.android.baseutil.BaseTest - copied list is entered into List Name textbox
2021-11-09 10:11:50,328 236808 [main] INFO  com.trello.android.baseutil.BaseTest - Wait for visibility of Boards Dropdown
2021-11-09 10:11:51,497 237977 [main] INFO  com.trello.android.baseutil.BaseTest - Validate Boards Dropdown is clickable
2021-11-09 10:11:51,764 238244 [main] INFO  com.trello.android.baseutil.BaseTest - Clicked on : Boards Dropdown
2021-11-09 10:11:52,150 238630 [main] INFO  com.trello.android.baseutil.BaseTest - Wait for visibility of Boards Option
2021-11-09 10:11:52,863 239343 [main] INFO  com.trello.android.baseutil.BaseTest - Validate Boards Option is clickable
2021-11-09 10:11:52,937 239417 [main] INFO  com.trello.android.baseutil.BaseTest - Clicked on : Boards Option
2021-11-09 10:11:52,938 239418 [main] INFO  com.trello.android.baseutil.BaseTest - Wait for visibility of Position Dropdown
2021-11-09 10:11:54,043 240523 [main] INFO  com.trello.android.baseutil.BaseTest - Validate Position Dropdown is clickable
2021-11-09 10:11:54,342 240822 [main] INFO  com.trello.android.baseutil.BaseTest - Clicked on : Position Dropdown
2021-11-09 10:11:54,521 241001 [main] INFO  com.trello.android.baseutil.BaseTest - Wait for visibility of Position Options
2021-11-09 10:11:55,341 241821 [main] ERROR com.trello.android.baseutil.BaseTest - Position Options is not visible
2021-11-09 10:11:55,438 241918 [main] INFO  com.trello.android.baseutil.BaseTest - Validate Position Options is clickable
2021-11-09 10:11:56,584 243064 [main] INFO  com.trello.android.baseutil.BaseTest - Clicked on : Position Options
2021-11-09 10:11:56,585 243065 [main] INFO  com.trello.android.baseutil.BaseTest - Wait for visibility of Confirm Tick Mark
2021-11-09 10:11:56,863 243343 [main] INFO  com.trello.android.baseutil.BaseTest - Validate Confirm Tick Mark is clickable
2021-11-09 10:11:57,130 243610 [main] INFO  com.trello.android.baseutil.BaseTest - Clicked on : Confirm Tick Mark
2021-11-09 10:12:01,229 247709 [main] INFO  com.trello.android.baseutil.BaseTest - Swiping the element using Co-ordinates
2021-11-09 10:12:04,194 250674 [main] INFO  com.trello.android.baseutil.BaseTest - Swiping the element using Co-ordinates
2021-11-09 10:12:07,100 253580 [main] INFO  com.trello.android.baseutil.BaseTest - Swiping the element using Co-ordinates
2021-11-09 10:12:19,427 265907 [main] INFO  com.trello.android.baseutil.BaseTest - Swiping the element using Co-ordinates
2021-11-09 10:12:31,973 278453 [main] INFO  com.trello.android.baseutil.BaseTest - Swiping the element using Co-ordinates
2021-11-09 10:12:33,934 280414 [main] INFO  com.trello.android.baseutil.BaseTest - Succesfully Copied the List To  2 position
2021-11-09 10:12:33,935 280415 [main] INFO  com.trello.android.baseutil.BaseTest - Wait for visibility of List Actions Board
2021-11-09 10:12:34,152 280632 [main] INFO  com.trello.android.baseutil.BaseTest - Validate List Actions Board is clickable
2021-11-09 10:12:34,471 280951 [main] INFO  com.trello.android.baseutil.BaseTest - Clicked on : List Actions Board
2021-11-09 10:12:34,472 280952 [main] INFO  com.trello.android.baseutil.BaseTest - Wait for visibility of Boards Settings
2021-11-09 10:12:35,781 282261 [main] INFO  com.trello.android.baseutil.BaseTest - Validate Boards Settings is clickable
2021-11-09 10:12:36,387 282867 [main] INFO  com.trello.android.baseutil.BaseTest - Clicked on : Boards Settings
2021-11-09 10:12:36,388 282868 [main] INFO  com.trello.android.baseutil.BaseTest - Scroll till the Close Boards
2021-11-09 10:12:41,552 288032 [main] INFO  com.trello.android.baseutil.BaseTest - Scroll till the Close Boards completed
2021-11-09 10:12:41,552 288032 [main] INFO  com.trello.android.baseutil.BaseTest - Wait for visibility of Close Boards
2021-11-09 10:12:42,768 289248 [main] INFO  com.trello.android.baseutil.BaseTest - Validate Close Boards is clickable
2021-11-09 10:12:43,607 290087 [main] INFO  com.trello.android.baseutil.BaseTest - Clicked on : Close Boards
2021-11-09 10:12:44,857 291337 [main] INFO  com.trello.android.baseutil.BaseTest - Wait for visibility of This board is closed text
2021-11-09 10:12:44,967 291447 [main] INFO  com.trello.android.baseutil.BaseTest - Validate This board is closed text is displayed
2021-11-09 10:12:44,997 291477 [main] INFO  com.trello.android.baseutil.BaseTest - This board is closed text is displayed
2021-11-09 10:13:03,361 309841 [main] INFO  com.trello.android.baseutil.BaseTest - Application launched
2021-11-09 10:13:03,705 310185 [main] INFO  com.trello.android.baseutil.BaseTest - Wait for visibility of Plus Icon
2021-11-09 10:13:05,758 312238 [main] INFO  com.trello.android.baseutil.BaseTest - Validate Plus Icon is clickable
2021-11-09 10:13:06,362 312842 [main] INFO  com.trello.android.baseutil.BaseTest - Clicked on : Plus Icon
2021-11-09 10:13:06,364 312844 [main] INFO  com.trello.android.baseutil.BaseTest - Wait for visibility of Boards Icon
2021-11-09 10:13:07,508 313988 [main] INFO  com.trello.android.baseutil.BaseTest - Validate Boards Icon is clickable
2021-11-09 10:13:08,167 314647 [main] INFO  com.trello.android.baseutil.BaseTest - Clicked on : Boards Icon
2021-11-09 10:13:08,167 314647 [main] INFO  com.trello.android.baseutil.BaseTest - Wait for visibility of Board Name Textbox
2021-11-09 10:13:12,743 319223 [main] INFO  com.trello.android.baseutil.BaseTest - Trello_007 is entered into Board Name Textbox
2021-11-09 10:13:12,743 319223 [main] INFO  com.trello.android.baseutil.BaseTest - Wait for visibility of Confirm Tick Mark
2021-11-09 10:13:13,869 320349 [main] INFO  com.trello.android.baseutil.BaseTest - Validate Confirm Tick Mark is clickable
2021-11-09 10:13:14,225 320705 [main] INFO  com.trello.android.baseutil.BaseTest - Clicked on : Confirm Tick Mark
2021-11-09 10:13:14,226 320706 [main] INFO  com.trello.android.baseutil.BaseTest - Wait for visibility of Board Name Text
2021-11-09 10:13:22,006 328486 [main] INFO  com.trello.android.baseutil.BaseTest - Expected Board :Trello_007 Matched with Actual Board :Trello_007
2021-11-09 10:13:22,007 328487 [main] INFO  com.trello.android.baseutil.BaseTest - Wait for visibility of Add List Button
2021-11-09 10:13:22,285 328765 [main] INFO  com.trello.android.baseutil.BaseTest - Validate Add List Button is clickable
2021-11-09 10:13:22,681 329161 [main] INFO  com.trello.android.baseutil.BaseTest - Clicked on : Add List Button
2021-11-09 10:13:22,681 329161 [main] INFO  com.trello.android.baseutil.BaseTest - Wait for visibility of List Name TextBox
2021-11-09 10:13:25,449 331929 [main] INFO  com.trello.android.baseutil.BaseTest - To Do is entered into List Name TextBox
2021-11-09 10:13:25,449 331929 [main] INFO  com.trello.android.baseutil.BaseTest - Wait for visibility of Confirm Tick Mark
2021-11-09 10:13:26,459 332939 [main] INFO  com.trello.android.baseutil.BaseTest - Validate Confirm Tick Mark is clickable
2021-11-09 10:13:26,666 333146 [main] INFO  com.trello.android.baseutil.BaseTest - Clicked on : Confirm Tick Mark
2021-11-09 10:13:26,728 333208 [main] INFO  com.trello.android.baseutil.BaseTest - Wait for visibility of Board Name Text
2021-11-09 10:13:28,079 334559 [main] INFO  com.trello.android.baseutil.BaseTest - Expected List :To Do Matched with Actual List :To Do
2021-11-09 10:13:28,131 334611 [main] INFO  com.trello.android.baseutil.BaseTest - Wait for visibility of Add Card Button
2021-11-09 10:13:28,244 334724 [main] INFO  com.trello.android.baseutil.BaseTest - Validate Add Card Button is clickable
2021-11-09 10:13:28,326 334806 [main] INFO  com.trello.android.baseutil.BaseTest - Clicked on : Add Card Button
2021-11-09 10:13:29,892 336372 [main] INFO  com.trello.android.baseutil.BaseTest - Wait for visibility of Card Name TextBox
2021-11-09 10:13:31,163 337643 [main] INFO  com.trello.android.baseutil.BaseTest - Script distribution is entered into Card Name TextBox
2021-11-09 10:13:31,166 337646 [main] INFO  com.trello.android.baseutil.BaseTest - Wait for visibility of Confirm Tick Mark
2021-11-09 10:13:32,196 338676 [main] INFO  com.trello.android.baseutil.BaseTest - Validate Confirm Tick Mark is clickable
2021-11-09 10:13:32,405 338885 [main] INFO  com.trello.android.baseutil.BaseTest - Clicked on : Confirm Tick Mark
2021-11-09 10:13:35,525 342005 [main] INFO  com.trello.android.baseutil.BaseTest - Wait for visibility of Card Name Text
2021-11-09 10:13:35,657 342137 [main] INFO  com.trello.android.baseutil.BaseTest - Expected Card :Script distribution Matched with Actual Card :Script distribution
2021-11-09 10:13:35,732 342212 [main] INFO  com.trello.android.baseutil.BaseTest - Wait for visibility of Card Name TextBox
2021-11-09 10:13:36,989 343469 [main] INFO  com.trello.android.baseutil.BaseTest - POM Page Creation is entered into Card Name TextBox
2021-11-09 10:13:36,989 343469 [main] INFO  com.trello.android.baseutil.BaseTest - Wait for visibility of Confirm Tick Mark
2021-11-09 10:13:38,456 344936 [main] INFO  com.trello.android.baseutil.BaseTest - Validate Confirm Tick Mark is clickable
2021-11-09 10:13:38,768 345248 [main] INFO  com.trello.android.baseutil.BaseTest - Clicked on : Confirm Tick Mark
2021-11-09 10:13:41,892 348372 [main] INFO  com.trello.android.baseutil.BaseTest - Wait for visibility of Card Name Text
2021-11-09 10:13:42,086 348566 [main] INFO  com.trello.android.baseutil.BaseTest - Expected Card :POM Page Creation Matched with Actual Card :POM Page Creation
2021-11-09 10:13:42,086 348566 [main] INFO  com.trello.android.baseutil.BaseTest - Wait for visibility of Add List Button
2021-11-09 10:13:42,442 348922 [main] INFO  com.trello.android.baseutil.BaseTest - Validate Add List Button is clickable
2021-11-09 10:13:42,857 349337 [main] INFO  com.trello.android.baseutil.BaseTest - Clicked on : Add List Button
2021-11-09 10:13:42,858 349338 [main] INFO  com.trello.android.baseutil.BaseTest - Wait for visibility of List Name TextBox
2021-11-09 10:13:45,987 352467 [main] INFO  com.trello.android.baseutil.BaseTest - Doing is entered into List Name TextBox
2021-11-09 10:13:45,988 352468 [main] INFO  com.trello.android.baseutil.BaseTest - Wait for visibility of Confirm Tick Mark
2021-11-09 10:13:47,147 353627 [main] INFO  com.trello.android.baseutil.BaseTest - Validate Confirm Tick Mark is clickable
2021-11-09 10:13:47,406 353886 [main] INFO  com.trello.android.baseutil.BaseTest - Clicked on : Confirm Tick Mark
2021-11-09 10:13:47,500 353980 [main] INFO  com.trello.android.baseutil.BaseTest - Wait for visibility of Board Name Text
2021-11-09 10:13:49,494 355974 [main] INFO  com.trello.android.baseutil.BaseTest - Expected List :Doing Matched with Actual List :Doing
2021-11-09 10:14:05,801 372281 [main] INFO  com.trello.android.baseutil.BaseTest - Wait for visibility of List Actions
2021-11-09 10:14:05,951 372431 [main] INFO  com.trello.android.baseutil.BaseTest - Validate List Actions is clickable
2021-11-09 10:14:06,015 372495 [main] INFO  com.trello.android.baseutil.BaseTest - Clicked on : List Actions
2021-11-09 10:14:06,016 372496 [main] INFO  com.trello.android.baseutil.BaseTest - Wait for visibility of Move List Link
2021-11-09 10:14:07,408 373888 [main] INFO  com.trello.android.baseutil.BaseTest - Validate Move List Link is clickable
2021-11-09 10:14:07,897 374377 [main] INFO  com.trello.android.baseutil.BaseTest - Clicked on : Move List Link
2021-11-09 10:14:07,897 374377 [main] INFO  com.trello.android.baseutil.BaseTest - Wait for visibility of Boards Dropdown
2021-11-09 10:14:09,665 376145 [main] INFO  com.trello.android.baseutil.BaseTest - Validate Boards Dropdown is clickable
2021-11-09 10:14:10,489 376969 [main] INFO  com.trello.android.baseutil.BaseTest - Clicked on : Boards Dropdown
2021-11-09 10:14:11,592 378072 [main] INFO  com.trello.android.baseutil.BaseTest - Wait for visibility of Boards Option
2021-11-09 10:14:11,711 378191 [main] INFO  com.trello.android.baseutil.BaseTest - Validate Boards Option is clickable
2021-11-09 10:14:11,796 378276 [main] INFO  com.trello.android.baseutil.BaseTest - Clicked on : Boards Option
2021-11-09 10:14:11,797 378277 [main] INFO  com.trello.android.baseutil.BaseTest - Wait for visibility of Position Dropdown
2021-11-09 10:14:12,523 379003 [main] INFO  com.trello.android.baseutil.BaseTest - Validate Position Dropdown is clickable
2021-11-09 10:14:12,770 379250 [main] INFO  com.trello.android.baseutil.BaseTest - Clicked on : Position Dropdown
2021-11-09 10:14:13,724 380204 [main] INFO  com.trello.android.baseutil.BaseTest - Wait for visibility of Position Options
2021-11-09 10:14:13,804 380284 [main] INFO  com.trello.android.baseutil.BaseTest - Validate Position Options is clickable
2021-11-09 10:14:14,584 381064 [main] INFO  com.trello.android.baseutil.BaseTest - Clicked on : Position Options
2021-11-09 10:14:14,585 381065 [main] INFO  com.trello.android.baseutil.BaseTest - Wait for visibility of Confirm Tick Mark
2021-11-09 10:14:14,824 381304 [main] INFO  com.trello.android.baseutil.BaseTest - Validate Confirm Tick Mark is clickable
2021-11-09 10:14:15,138 381618 [main] INFO  com.trello.android.baseutil.BaseTest - Clicked on : Confirm Tick Mark
2021-11-09 10:14:28,316 394796 [main] INFO  com.trello.android.baseutil.BaseTest - Swiping the element using Co-ordinates
2021-11-09 10:14:31,173 397653 [main] INFO  com.trello.android.baseutil.BaseTest - Swiping the element using Co-ordinates
2021-11-09 10:14:43,704 410184 [main] INFO  com.trello.android.baseutil.BaseTest - Swiping the element using Co-ordinates
2021-11-09 10:14:55,733 422213 [main] INFO  com.trello.android.baseutil.BaseTest - Swiping the element using Co-ordinates
2021-11-09 10:14:57,726 424206 [main] INFO  com.trello.android.baseutil.BaseTest - Succesfully Moved List To The 2 position
2021-11-09 10:14:57,729 424209 [main] INFO  com.trello.android.baseutil.BaseTest - Wait for visibility of List Actions Board
2021-11-09 10:14:57,979 424459 [main] INFO  com.trello.android.baseutil.BaseTest - Validate List Actions Board is clickable
2021-11-09 10:14:58,348 424828 [main] INFO  com.trello.android.baseutil.BaseTest - Clicked on : List Actions Board
2021-11-09 10:14:58,349 424829 [main] INFO  com.trello.android.baseutil.BaseTest - Wait for visibility of Boards Settings
2021-11-09 10:15:00,360 426840 [main] INFO  com.trello.android.baseutil.BaseTest - Validate Boards Settings is clickable
2021-11-09 10:15:01,035 427515 [main] INFO  com.trello.android.baseutil.BaseTest - Clicked on : Boards Settings
2021-11-09 10:15:01,036 427516 [main] INFO  com.trello.android.baseutil.BaseTest - Scroll till the Close Boards
2021-11-09 10:15:05,845 432325 [main] INFO  com.trello.android.baseutil.BaseTest - Scroll till the Close Boards completed
2021-11-09 10:15:05,846 432326 [main] INFO  com.trello.android.baseutil.BaseTest - Wait for visibility of Close Boards
2021-11-09 10:15:07,103 433583 [main] INFO  com.trello.android.baseutil.BaseTest - Validate Close Boards is clickable
2021-11-09 10:15:07,851 434331 [main] INFO  com.trello.android.baseutil.BaseTest - Clicked on : Close Boards
2021-11-09 10:15:09,053 435533 [main] INFO  com.trello.android.baseutil.BaseTest - Wait for visibility of This board is closed text
2021-11-09 10:15:09,128 435608 [main] INFO  com.trello.android.baseutil.BaseTest - Validate This board is closed text is displayed
2021-11-09 10:15:09,154 435634 [main] INFO  com.trello.android.baseutil.BaseTest - This board is closed text is displayed
2021-11-09 10:15:11,869 438349 [main] INFO  com.trello.android.baseutil.BaseTest - Appium server stop
