2021-11-10 01:16:39,522 524  [main] INFO  com.trello.android.baseutil.BaseTest - Starting the Appium Server
2021-11-10 01:16:39,696 698  [main] INFO  com.trello.android.baseutil.BaseTest - Appium Server started
2021-11-10 01:16:39,697 699  [main] INFO  com.trello.android.baseutil.BaseTest - Appium Server URL: http://127.0.0.1:4723/wd/hub
2021-11-10 01:16:39,702 704  [main] INFO  com.trello.android.baseutil.BaseTest - Folder creation for Extent
2021-11-10 01:16:39,707 709  [main] INFO  com.trello.android.baseutil.BaseTest - ExtentDir:-C:\Users\Dell\Desktop\Ashish_Appium\TrelloMobile/reports/Automation Report- 11_10_2021_01_16_39
2021-11-10 01:16:39,924 926  [main] INFO  com.trello.android.baseutil.BaseTest - Report Initiated
2021-11-10 01:16:39,927 929  [main] INFO  com.trello.android.baseutil.BaseTest - Screenshot folder created
2021-11-10 01:17:10,348 31350 [main] INFO  com.trello.android.baseutil.BaseTest - Wait for visibility of Plus Icon
2021-11-10 01:17:10,857 31859 [main] INFO  com.trello.android.baseutil.BaseTest - Validate Plus Icon is clickable
2021-11-10 01:17:11,931 32933 [main] INFO  com.trello.android.baseutil.BaseTest - Clicked on : Plus Icon
2021-11-10 01:17:11,942 32944 [main] INFO  com.trello.android.baseutil.BaseTest - Wait for visibility of Boards Icon
2021-11-10 01:17:12,891 33893 [main] INFO  com.trello.android.baseutil.BaseTest - Validate Boards Icon is clickable
2021-11-10 01:17:13,359 34361 [main] INFO  com.trello.android.baseutil.BaseTest - Clicked on : Boards Icon
2021-11-10 01:17:13,359 34361 [main] INFO  com.trello.android.baseutil.BaseTest - Wait for visibility of Board Name Textbox
2021-11-10 01:17:20,794 41796 [main] INFO  com.trello.android.baseutil.BaseTest - Trello_001 is entered into Board Name Textbox
2021-11-10 01:17:20,795 41797 [main] INFO  com.trello.android.baseutil.BaseTest - Wait for visibility of Confirm Tick Mark
2021-11-10 01:17:21,949 42951 [main] INFO  com.trello.android.baseutil.BaseTest - Validate Confirm Tick Mark is clickable
2021-11-10 01:17:22,414 43416 [main] INFO  com.trello.android.baseutil.BaseTest - Clicked on : Confirm Tick Mark
2021-11-10 01:17:22,415 43417 [main] INFO  com.trello.android.baseutil.BaseTest - Wait for visibility of Board Name Text
2021-11-10 01:17:25,198 46200 [main] INFO  com.trello.android.baseutil.BaseTest - Expected Board :Trello_001 Matched with Actual Board :Trello_001
2021-11-10 01:17:25,202 46204 [main] INFO  com.trello.android.baseutil.BaseTest - Wait for visibility of Add List Button
2021-11-10 01:17:25,526 46528 [main] INFO  com.trello.android.baseutil.BaseTest - Validate Add List Button is clickable
2021-11-10 01:17:25,998 47000 [main] INFO  com.trello.android.baseutil.BaseTest - Clicked on : Add List Button
2021-11-10 01:17:25,998 47000 [main] INFO  com.trello.android.baseutil.BaseTest - Wait for visibility of List Name TextBox
2021-11-10 01:17:29,454 50456 [main] INFO  com.trello.android.baseutil.BaseTest - To Do is entered into List Name TextBox
2021-11-10 01:17:29,455 50457 [main] INFO  com.trello.android.baseutil.BaseTest - Wait for visibility of Confirm Tick Mark
2021-11-10 01:17:30,569 51571 [main] INFO  com.trello.android.baseutil.BaseTest - Validate Confirm Tick Mark is clickable
2021-11-10 01:17:30,857 51859 [main] INFO  com.trello.android.baseutil.BaseTest - Clicked on : Confirm Tick Mark
2021-11-10 01:17:30,949 51951 [main] INFO  com.trello.android.baseutil.BaseTest - Wait for visibility of Board Name Text
2021-11-10 01:17:32,248 53250 [main] INFO  com.trello.android.baseutil.BaseTest - Expected List :To Do Matched with Actual List :To Do
2021-11-10 01:17:32,306 53308 [main] INFO  com.trello.android.baseutil.BaseTest - Wait for visibility of Add Card Button
2021-11-10 01:17:32,403 53405 [main] INFO  com.trello.android.baseutil.BaseTest - Validate Add Card Button is clickable
2021-11-10 01:17:32,467 53469 [main] INFO  com.trello.android.baseutil.BaseTest - Clicked on : Add Card Button
2021-11-10 01:17:34,020 55022 [main] INFO  com.trello.android.baseutil.BaseTest - Wait for visibility of Card Name TextBox
2021-11-10 01:17:35,345 56347 [main] INFO  com.trello.android.baseutil.BaseTest - TestCase Writing is entered into Card Name TextBox
2021-11-10 01:17:35,346 56348 [main] INFO  com.trello.android.baseutil.BaseTest - Wait for visibility of Confirm Tick Mark
2021-11-10 01:17:36,583 57585 [main] INFO  com.trello.android.baseutil.BaseTest - Validate Confirm Tick Mark is clickable
2021-11-10 01:17:36,956 57958 [main] INFO  com.trello.android.baseutil.BaseTest - Clicked on : Confirm Tick Mark
2021-11-10 01:17:40,075 61077 [main] INFO  com.trello.android.baseutil.BaseTest - Wait for visibility of Card Name Text
2021-11-10 01:17:40,212 61214 [main] INFO  com.trello.android.baseutil.BaseTest - Expected Card :TestCase Writing Matched with Actual Card :TestCase Writing
2021-11-10 01:17:40,292 61294 [main] INFO  com.trello.android.baseutil.BaseTest - Wait for visibility of Card Name
2021-11-10 01:17:40,423 61425 [main] INFO  com.trello.android.baseutil.BaseTest - Validate Card Name  is clickable
2021-11-10 01:17:40,524 61526 [main] INFO  com.trello.android.baseutil.BaseTest - Clicked on : Card Name 
2021-11-10 01:17:43,627 64629 [main] INFO  com.trello.android.baseutil.BaseTest - Wait for visibility of Add Checklist Button
2021-11-10 01:17:44,182 65184 [main] INFO  com.trello.android.baseutil.BaseTest - Validate Add Checklist Button is clickable
2021-11-10 01:17:44,286 65288 [main] INFO  com.trello.android.baseutil.BaseTest - Clicked on : Add Checklist Button
2021-11-10 01:17:44,287 65289 [main] INFO  com.trello.android.baseutil.BaseTest - Wait for visibility of Add Item Text Field
2021-11-10 01:17:48,619 69621 [main] INFO  com.trello.android.baseutil.BaseTest - Trello Project is entered into Add Item Text Field
2021-11-10 01:17:48,620 69622 [main] INFO  com.trello.android.baseutil.BaseTest - Wait for visibility of Accept Icon
2021-11-10 01:17:49,966 70968 [main] INFO  com.trello.android.baseutil.BaseTest - Validate Accept Icon is clickable
2021-11-10 01:17:50,468 71470 [main] INFO  com.trello.android.baseutil.BaseTest - Clicked on : Accept Icon
2021-11-10 01:17:50,469 71471 [main] INFO  com.trello.android.baseutil.BaseTest - Wait for visibility of Reject Icon
2021-11-10 01:17:52,234 73236 [main] INFO  com.trello.android.baseutil.BaseTest - Validate Reject Icon is clickable
2021-11-10 01:17:52,692 73694 [main] INFO  com.trello.android.baseutil.BaseTest - Clicked on : Reject Icon
2021-11-10 01:17:52,693 73695 [main] INFO  com.trello.android.baseutil.BaseTest - Wait for visibility of Close Icon
2021-11-10 01:17:54,368 75370 [main] INFO  com.trello.android.baseutil.BaseTest - Validate Close Icon is clickable
2021-11-10 01:17:54,934 75936 [main] INFO  com.trello.android.baseutil.BaseTest - Clicked on : Close Icon
2021-11-10 01:17:54,934 75936 [main] INFO  com.trello.android.baseutil.BaseTest - Wait for visibility of Add List Button
2021-11-10 01:17:55,828 76830 [main] INFO  com.trello.android.baseutil.BaseTest - Validate Add List Button is clickable
2021-11-10 01:17:56,743 77745 [main] INFO  com.trello.android.baseutil.BaseTest - Clicked on : Add List Button
2021-11-10 01:17:56,744 77746 [main] INFO  com.trello.android.baseutil.BaseTest - Wait for visibility of List Name TextBox
2021-11-10 01:18:00,280 81282 [main] INFO  com.trello.android.baseutil.BaseTest - Doing is entered into List Name TextBox
2021-11-10 01:18:00,280 81282 [main] INFO  com.trello.android.baseutil.BaseTest - Wait for visibility of Confirm Tick Mark
2021-11-10 01:18:01,363 82365 [main] INFO  com.trello.android.baseutil.BaseTest - Validate Confirm Tick Mark is clickable
2021-11-10 01:18:01,700 82702 [main] INFO  com.trello.android.baseutil.BaseTest - Clicked on : Confirm Tick Mark
2021-11-10 01:18:01,789 82791 [main] INFO  com.trello.android.baseutil.BaseTest - Wait for visibility of Board Name Text
2021-11-10 01:18:03,196 84198 [main] INFO  com.trello.android.baseutil.BaseTest - Expected List :Doing Matched with Actual List :Doing
2021-11-10 01:18:03,266 84268 [main] INFO  com.trello.android.baseutil.BaseTest - Wait for visibility of Element To Drag
2021-11-10 01:18:03,416 84418 [main] INFO  com.trello.android.baseutil.BaseTest - Wait for visibility of Element To Drop
2021-11-10 01:18:12,260 93262 [main] INFO  com.trello.android.baseutil.BaseTest - Drag and Drop Completed
2021-11-10 01:18:12,873 93875 [main] INFO  com.trello.android.baseutil.BaseTest - Wait for visibility of List Name
2021-11-10 01:18:13,816 94818 [main] INFO  com.trello.android.baseutil.BaseTest - Drag Card : TestCase Writing And Drop To : Doing List Successfully
2021-11-10 01:18:13,818 94820 [main] INFO  com.trello.android.baseutil.BaseTest - Wait for visibility of Add List Button
2021-11-10 01:18:14,200 95202 [main] INFO  com.trello.android.baseutil.BaseTest - Validate Add List Button is clickable
2021-11-10 01:18:14,745 95747 [main] INFO  com.trello.android.baseutil.BaseTest - Clicked on : Add List Button
2021-11-10 01:18:14,745 95747 [main] INFO  com.trello.android.baseutil.BaseTest - Wait for visibility of List Name TextBox
2021-11-10 01:18:18,624 99626 [main] INFO  com.trello.android.baseutil.BaseTest - Done is entered into List Name TextBox
2021-11-10 01:18:18,625 99627 [main] INFO  com.trello.android.baseutil.BaseTest - Wait for visibility of Confirm Tick Mark
2021-11-10 01:18:19,741 100743 [main] INFO  com.trello.android.baseutil.BaseTest - Validate Confirm Tick Mark is clickable
2021-11-10 01:18:20,051 101053 [main] INFO  com.trello.android.baseutil.BaseTest - Clicked on : Confirm Tick Mark
2021-11-10 01:18:20,157 101159 [main] INFO  com.trello.android.baseutil.BaseTest - Wait for visibility of Board Name Text
2021-11-10 01:18:21,609 102611 [main] INFO  com.trello.android.baseutil.BaseTest - Expected List :Done Matched with Actual List :Done
2021-11-10 01:18:21,699 102701 [main] INFO  com.trello.android.baseutil.BaseTest - Wait for visibility of Element To Drag
2021-11-10 01:18:21,833 102835 [main] INFO  com.trello.android.baseutil.BaseTest - Wait for visibility of Element To Drop
2021-11-10 01:18:30,727 111729 [main] INFO  com.trello.android.baseutil.BaseTest - Drag and Drop Completed
2021-11-10 01:18:31,285 112287 [main] INFO  com.trello.android.baseutil.BaseTest - Wait for visibility of List Name
2021-11-10 01:18:32,272 113274 [main] INFO  com.trello.android.baseutil.BaseTest - Drag Card : TestCase Writing And Drop To : Done List Successfully
2021-11-10 01:18:32,273 113275 [main] INFO  com.trello.android.baseutil.BaseTest - Wait for visibility of List Actions Board
2021-11-10 01:18:32,533 113535 [main] INFO  com.trello.android.baseutil.BaseTest - Validate List Actions Board is clickable
2021-11-10 01:18:33,388 114390 [main] INFO  com.trello.android.baseutil.BaseTest - Clicked on : List Actions Board
2021-11-10 01:18:33,389 114391 [main] INFO  com.trello.android.baseutil.BaseTest - Wait for visibility of Boards Settings
2021-11-10 01:18:34,893 115895 [main] INFO  com.trello.android.baseutil.BaseTest - Validate Boards Settings is clickable
2021-11-10 01:18:36,081 117083 [main] INFO  com.trello.android.baseutil.BaseTest - Clicked on : Boards Settings
2021-11-10 01:18:36,082 117084 [main] INFO  com.trello.android.baseutil.BaseTest - Scroll till the Close Boards
2021-11-10 01:18:40,868 121870 [main] INFO  com.trello.android.baseutil.BaseTest - Scroll till the Close Boards completed
2021-11-10 01:18:40,868 121870 [main] INFO  com.trello.android.baseutil.BaseTest - Wait for visibility of Close Boards
2021-11-10 01:18:42,343 123345 [main] INFO  com.trello.android.baseutil.BaseTest - Validate Close Boards is clickable
2021-11-10 01:18:43,300 124302 [main] INFO  com.trello.android.baseutil.BaseTest - Clicked on : Close Boards
2021-11-10 01:18:44,525 125527 [main] INFO  com.trello.android.baseutil.BaseTest - Wait for visibility of This board is closed text
2021-11-10 01:18:45,161 126163 [main] INFO  com.trello.android.baseutil.BaseTest - Validate This board is closed text is displayed
2021-11-10 01:18:45,193 126195 [main] INFO  com.trello.android.baseutil.BaseTest - This board is closed text is displayed
2021-11-10 01:18:47,439 128441 [main] INFO  com.trello.android.baseutil.BaseTest - Appium server stopped
