2021-11-10 14:21:46,630 491  [main] INFO  com.trello.android.baseutil.BaseTest - Starting the Appium Server
2021-11-10 14:21:46,806 667  [main] INFO  com.trello.android.baseutil.BaseTest - Appium Server started
2021-11-10 14:21:46,806 667  [main] INFO  com.trello.android.baseutil.BaseTest - Appium Server URL: http://127.0.0.1:4723/wd/hub
2021-11-10 14:21:46,811 672  [main] INFO  com.trello.android.baseutil.BaseTest - Folder creation for Extent
2021-11-10 14:21:46,814 675  [main] INFO  com.trello.android.baseutil.BaseTest - ExtentDir:-C:\Users\Dell\Desktop\Ashish_Appium\TrelloMobile/reports/Automation Report- 11_10_2021_14_21_46
2021-11-10 14:21:47,028 889  [main] INFO  com.trello.android.baseutil.BaseTest - Report Initiated
2021-11-10 14:21:47,029 890  [main] INFO  com.trello.android.baseutil.BaseTest - Screenshot folder created
2021-11-10 14:22:10,683 24544 [main] INFO  com.trello.android.baseutil.BaseTest - Wait for visibility of Plus Icon
2021-11-10 14:22:11,459 25320 [main] INFO  com.trello.android.baseutil.BaseTest - Validate Plus Icon is clickable
2021-11-10 14:22:12,325 26186 [main] INFO  com.trello.android.baseutil.BaseTest - Clicked on : Plus Icon
2021-11-10 14:22:12,337 26198 [main] INFO  com.trello.android.baseutil.BaseTest - Wait for visibility of Boards Icon
2021-11-10 14:22:13,797 27658 [main] INFO  com.trello.android.baseutil.BaseTest - Validate Boards Icon is clickable
2021-11-10 14:22:15,465 29326 [main] INFO  com.trello.android.baseutil.BaseTest - Clicked on : Boards Icon
2021-11-10 14:22:15,466 29327 [main] INFO  com.trello.android.baseutil.BaseTest - Wait for visibility of Board Name Textbox
2021-11-10 14:22:20,427 34288 [main] INFO  com.trello.android.baseutil.BaseTest - Trello_009 is entered into Board Name Textbox
2021-11-10 14:22:20,428 34289 [main] INFO  com.trello.android.baseutil.BaseTest - Wait for visibility of Confirm Tick Mark
2021-11-10 14:22:21,548 35409 [main] INFO  com.trello.android.baseutil.BaseTest - Validate Confirm Tick Mark is clickable
2021-11-10 14:22:21,924 35785 [main] INFO  com.trello.android.baseutil.BaseTest - Clicked on : Confirm Tick Mark
2021-11-10 14:22:21,925 35786 [main] INFO  com.trello.android.baseutil.BaseTest - Wait for visibility of Board Name Text
2021-11-10 14:22:28,514 42375 [main] INFO  com.trello.android.baseutil.BaseTest - Expected Board :Trello_009 Matched with Actual Board :Trello_009
2021-11-10 14:22:28,518 42379 [main] INFO  com.trello.android.baseutil.BaseTest - Wait for visibility of Add List Button
2021-11-10 14:22:28,960 42821 [main] INFO  com.trello.android.baseutil.BaseTest - Validate Add List Button is clickable
2021-11-10 14:22:29,371 43232 [main] INFO  com.trello.android.baseutil.BaseTest - Clicked on : Add List Button
2021-11-10 14:22:29,372 43233 [main] INFO  com.trello.android.baseutil.BaseTest - Wait for visibility of List Name TextBox
2021-11-10 14:22:32,426 46287 [main] INFO  com.trello.android.baseutil.BaseTest - To Do is entered into List Name TextBox
2021-11-10 14:22:32,426 46287 [main] INFO  com.trello.android.baseutil.BaseTest - Wait for visibility of Confirm Tick Mark
2021-11-10 14:22:33,499 47360 [main] INFO  com.trello.android.baseutil.BaseTest - Validate Confirm Tick Mark is clickable
2021-11-10 14:22:33,838 47699 [main] INFO  com.trello.android.baseutil.BaseTest - Clicked on : Confirm Tick Mark
2021-11-10 14:22:35,325 49186 [main] INFO  com.trello.android.baseutil.BaseTest - Wait for visibility of Board Name Text
2021-11-10 14:22:35,509 49370 [main] INFO  com.trello.android.baseutil.BaseTest - Expected List :To Do Matched with Actual List :To Do
2021-11-10 14:22:35,599 49460 [main] INFO  com.trello.android.baseutil.BaseTest - Wait for visibility of Add Card Button
2021-11-10 14:22:35,734 49595 [main] INFO  com.trello.android.baseutil.BaseTest - Validate Add Card Button is clickable
2021-11-10 14:22:35,819 49680 [main] INFO  com.trello.android.baseutil.BaseTest - Clicked on : Add Card Button
2021-11-10 14:22:37,398 51259 [main] INFO  com.trello.android.baseutil.BaseTest - Wait for visibility of Card Name TextBox
2021-11-10 14:22:38,685 52546 [main] INFO  com.trello.android.baseutil.BaseTest - Script distribution is entered into Card Name TextBox
2021-11-10 14:22:38,686 52547 [main] INFO  com.trello.android.baseutil.BaseTest - Wait for visibility of Confirm Tick Mark
2021-11-10 14:22:39,857 53718 [main] INFO  com.trello.android.baseutil.BaseTest - Validate Confirm Tick Mark is clickable
2021-11-10 14:22:40,687 54548 [main] INFO  com.trello.android.baseutil.BaseTest - Clicked on : Confirm Tick Mark
2021-11-10 14:22:43,797 57658 [main] INFO  com.trello.android.baseutil.BaseTest - Wait for visibility of Card Name Text
2021-11-10 14:22:43,965 57826 [main] INFO  com.trello.android.baseutil.BaseTest - Expected Card :Script distribution Matched with Actual Card :Script distribution
2021-11-10 14:22:43,967 57828 [main] INFO  com.trello.android.baseutil.BaseTest - Wait for visibility of Add List Button
2021-11-10 14:22:44,531 58392 [main] INFO  com.trello.android.baseutil.BaseTest - Validate Add List Button is clickable
2021-11-10 14:22:45,067 58928 [main] INFO  com.trello.android.baseutil.BaseTest - Clicked on : Add List Button
2021-11-10 14:22:45,068 58929 [main] INFO  com.trello.android.baseutil.BaseTest - Wait for visibility of List Name TextBox
2021-11-10 14:22:48,253 62114 [main] INFO  com.trello.android.baseutil.BaseTest - Doing is entered into List Name TextBox
2021-11-10 14:22:48,254 62115 [main] INFO  com.trello.android.baseutil.BaseTest - Wait for visibility of Confirm Tick Mark
2021-11-10 14:22:49,371 63232 [main] INFO  com.trello.android.baseutil.BaseTest - Validate Confirm Tick Mark is clickable
2021-11-10 14:22:49,744 63605 [main] INFO  com.trello.android.baseutil.BaseTest - Clicked on : Confirm Tick Mark
2021-11-10 14:22:49,834 63695 [main] INFO  com.trello.android.baseutil.BaseTest - Wait for visibility of Board Name Text
2021-11-10 14:22:51,315 65176 [main] INFO  com.trello.android.baseutil.BaseTest - Expected List :Doing Matched with Actual List :Doing
2021-11-10 14:22:51,391 65252 [main] INFO  com.trello.android.baseutil.BaseTest - Wait for visibility of Element To Drag
2021-11-10 14:22:51,530 65391 [main] INFO  com.trello.android.baseutil.BaseTest - Wait for visibility of Element To Drop
2021-11-10 14:23:00,398 74259 [main] INFO  com.trello.android.baseutil.BaseTest - Drag and Drop Completed
2021-11-10 14:23:01,090 74951 [main] INFO  com.trello.android.baseutil.BaseTest - Wait for visibility of List Name
2021-11-10 14:23:01,931 75792 [main] INFO  com.trello.android.baseutil.BaseTest - Drag Card : Script distribution And Drop To : Doing List Successfully
2021-11-10 14:23:03,179 77040 [main] INFO  com.trello.android.baseutil.BaseTest - Wait for visibility of List Actions
2021-11-10 14:23:03,356 77217 [main] INFO  com.trello.android.baseutil.BaseTest - Validate List Actions is clickable
2021-11-10 14:23:03,440 77301 [main] INFO  com.trello.android.baseutil.BaseTest - Clicked on : List Actions
2021-11-10 14:23:03,440 77301 [main] INFO  com.trello.android.baseutil.BaseTest - Wait for visibility of Archiev list Link
2021-11-10 14:23:04,917 78778 [main] INFO  com.trello.android.baseutil.BaseTest - Validate Archiev list Link is clickable
2021-11-10 14:23:05,351 79212 [main] INFO  com.trello.android.baseutil.BaseTest - Clicked on : Archiev list Link
2021-11-10 14:23:06,310 80171 [main] INFO  com.trello.android.baseutil.BaseTest - DoingList Archieved Successfully
2021-11-10 14:23:06,311 80172 [main] INFO  com.trello.android.baseutil.BaseTest - Wait for visibility of List Actions Board
2021-11-10 14:23:06,531 80392 [main] INFO  com.trello.android.baseutil.BaseTest - Validate List Actions Board is clickable
2021-11-10 14:23:06,829 80690 [main] INFO  com.trello.android.baseutil.BaseTest - Clicked on : List Actions Board
2021-11-10 14:23:06,829 80690 [main] INFO  com.trello.android.baseutil.BaseTest - Wait for visibility of Archieved list
2021-11-10 14:23:08,135 81996 [main] INFO  com.trello.android.baseutil.BaseTest - Validate Archieved list is clickable
2021-11-10 14:23:09,385 83246 [main] INFO  com.trello.android.baseutil.BaseTest - Clicked on : Archieved list
2021-11-10 14:23:10,382 84243 [main] INFO  com.trello.android.baseutil.BaseTest - Wait for visibility of List Under Archieved List
2021-11-10 14:23:12,237 86098 [main] INFO  com.trello.android.baseutil.BaseTest - Validate List Under Archieved List is clickable
2021-11-10 14:23:12,999 86860 [main] INFO  com.trello.android.baseutil.BaseTest - Clicked on : List Under Archieved List
2021-11-10 14:23:13,001 86862 [main] INFO  com.trello.android.baseutil.BaseTest - Wait for visibility of Send to Boards Link
2021-11-10 14:23:13,831 87692 [main] INFO  com.trello.android.baseutil.BaseTest - Validate Send to Boards Link is clickable
2021-11-10 14:23:14,198 88059 [main] INFO  com.trello.android.baseutil.BaseTest - Clicked on : Send to Boards Link
2021-11-10 14:23:14,199 88060 [main] INFO  com.trello.android.baseutil.BaseTest - Wait for visibility of Back Button
2021-11-10 14:23:16,555 90416 [main] INFO  com.trello.android.baseutil.BaseTest - Validate Back Button is clickable
2021-11-10 14:23:17,154 91015 [main] INFO  com.trello.android.baseutil.BaseTest - Clicked on : Back Button
2021-11-10 14:23:19,371 93232 [main] INFO  com.trello.android.baseutil.BaseTest - Appium server stopped
