2021-11-09 17:42:00,781 462  [main] INFO  com.trello.android.baseutil.BaseTest - Starting the Appium Server
2021-11-09 17:42:03,187 2868 [main] INFO  com.trello.android.baseutil.BaseTest - Appium Server started
2021-11-09 17:42:03,188 2869 [main] INFO  com.trello.android.baseutil.BaseTest - Appium Server URL: http://127.0.0.1:4723/wd/hub
2021-11-09 17:42:03,195 2876 [main] INFO  com.trello.android.baseutil.BaseTest - Folder creation for Extent
2021-11-09 17:42:03,201 2882 [main] INFO  com.trello.android.baseutil.BaseTest - ExtentDir:-C:\Users\Dell\Desktop\Ashish_Appium\TrelloMobile/reports/Automation Report- 11_09_2021_17_42_03
2021-11-09 17:42:03,483 3164 [main] INFO  com.trello.android.baseutil.BaseTest - Report Initiated
2021-11-09 17:42:03,486 3167 [main] INFO  com.trello.android.baseutil.BaseTest - Screenshot folder created
2021-11-09 17:42:31,386 31067 [main] INFO  com.trello.android.baseutil.BaseTest - Wait for visibility of Plus Icon
2021-11-09 17:42:32,486 32167 [main] INFO  com.trello.android.baseutil.BaseTest - Validate Plus Icon is clickable
2021-11-09 17:42:33,678 33359 [main] INFO  com.trello.android.baseutil.BaseTest - Clicked on : Plus Icon
2021-11-09 17:42:33,688 33369 [main] INFO  com.trello.android.baseutil.BaseTest - Wait for visibility of Boards Icon
2021-11-09 17:42:34,813 34494 [main] INFO  com.trello.android.baseutil.BaseTest - Validate Boards Icon is clickable
2021-11-09 17:42:35,460 35141 [main] INFO  com.trello.android.baseutil.BaseTest - Clicked on : Boards Icon
2021-11-09 17:42:35,461 35142 [main] INFO  com.trello.android.baseutil.BaseTest - Wait for visibility of Board Name Textbox
2021-11-09 17:42:42,762 42443 [main] INFO  com.trello.android.baseutil.BaseTest - Trello_001 is entered into Board Name Textbox
2021-11-09 17:42:42,764 42445 [main] INFO  com.trello.android.baseutil.BaseTest - Wait for visibility of Confirm Tick Mark
2021-11-09 17:42:43,926 43607 [main] INFO  com.trello.android.baseutil.BaseTest - Validate Confirm Tick Mark is clickable
2021-11-09 17:42:44,343 44024 [main] INFO  com.trello.android.baseutil.BaseTest - Clicked on : Confirm Tick Mark
2021-11-09 17:42:44,344 44025 [main] INFO  com.trello.android.baseutil.BaseTest - Wait for visibility of Board Name Text
2021-11-09 17:42:47,438 47119 [main] INFO  com.trello.android.baseutil.BaseTest - Expected Board :Trello_001 Matched with Actual Board :Trello_001
2021-11-09 17:42:47,443 47124 [main] INFO  com.trello.android.baseutil.BaseTest - Wait for visibility of Add List Button
2021-11-09 17:42:47,846 47527 [main] INFO  com.trello.android.baseutil.BaseTest - Validate Add List Button is clickable
2021-11-09 17:42:48,444 48125 [main] INFO  com.trello.android.baseutil.BaseTest - Clicked on : Add List Button
2021-11-09 17:42:48,444 48125 [main] INFO  com.trello.android.baseutil.BaseTest - Wait for visibility of List Name TextBox
2021-11-09 17:42:51,105 50786 [main] INFO  com.trello.android.baseutil.BaseTest - To Do is entered into List Name TextBox
2021-11-09 17:42:51,106 50787 [main] INFO  com.trello.android.baseutil.BaseTest - Wait for visibility of Confirm Tick Mark
2021-11-09 17:42:52,159 51840 [main] INFO  com.trello.android.baseutil.BaseTest - Validate Confirm Tick Mark is clickable
2021-11-09 17:42:52,466 52147 [main] INFO  com.trello.android.baseutil.BaseTest - Clicked on : Confirm Tick Mark
2021-11-09 17:42:52,547 52228 [main] INFO  com.trello.android.baseutil.BaseTest - Wait for visibility of Board Name Text
2021-11-09 17:42:53,859 53540 [main] INFO  com.trello.android.baseutil.BaseTest - Expected List :To Do Matched with Actual List :To Do
2021-11-09 17:42:53,916 53597 [main] INFO  com.trello.android.baseutil.BaseTest - Wait for visibility of Add Card Button
2021-11-09 17:42:54,015 53696 [main] INFO  com.trello.android.baseutil.BaseTest - Validate Add Card Button is clickable
2021-11-09 17:42:54,087 53768 [main] INFO  com.trello.android.baseutil.BaseTest - Clicked on : Add Card Button
2021-11-09 17:42:55,677 55358 [main] INFO  com.trello.android.baseutil.BaseTest - Wait for visibility of Card Name TextBox
2021-11-09 17:42:57,194 56875 [main] INFO  com.trello.android.baseutil.BaseTest - TestCase Writing is entered into Card Name TextBox
2021-11-09 17:42:57,195 56876 [main] INFO  com.trello.android.baseutil.BaseTest - Wait for visibility of Confirm Tick Mark
2021-11-09 17:42:58,387 58068 [main] INFO  com.trello.android.baseutil.BaseTest - Validate Confirm Tick Mark is clickable
2021-11-09 17:42:58,818 58499 [main] INFO  com.trello.android.baseutil.BaseTest - Clicked on : Confirm Tick Mark
2021-11-09 17:43:01,942 61623 [main] INFO  com.trello.android.baseutil.BaseTest - Wait for visibility of Card Name Text
2021-11-09 17:43:02,094 61775 [main] INFO  com.trello.android.baseutil.BaseTest - Expected Card :TestCase Writing Matched with Actual Card :TestCase Writing
2021-11-09 17:43:02,095 61776 [main] INFO  com.trello.android.baseutil.BaseTest - Wait for visibility of Add List Button
2021-11-09 17:43:02,482 62163 [main] INFO  com.trello.android.baseutil.BaseTest - Validate Add List Button is clickable
2021-11-09 17:43:02,986 62667 [main] INFO  com.trello.android.baseutil.BaseTest - Clicked on : Add List Button
2021-11-09 17:43:02,986 62667 [main] INFO  com.trello.android.baseutil.BaseTest - Wait for visibility of List Name TextBox
2021-11-09 17:43:06,098 65779 [main] INFO  com.trello.android.baseutil.BaseTest - Doing is entered into List Name TextBox
2021-11-09 17:43:06,099 65780 [main] INFO  com.trello.android.baseutil.BaseTest - Wait for visibility of Confirm Tick Mark
2021-11-09 17:43:07,252 66933 [main] INFO  com.trello.android.baseutil.BaseTest - Validate Confirm Tick Mark is clickable
2021-11-09 17:43:08,073 67754 [main] INFO  com.trello.android.baseutil.BaseTest - Clicked on : Confirm Tick Mark
2021-11-09 17:43:08,178 67859 [main] INFO  com.trello.android.baseutil.BaseTest - Wait for visibility of Board Name Text
2021-11-09 17:43:09,633 69314 [main] INFO  com.trello.android.baseutil.BaseTest - Expected List :Doing Matched with Actual List :Doing
2021-11-09 17:43:17,873 77554 [main] INFO  com.trello.android.baseutil.BaseTest - Appium server stopped
