2021-11-10 15:09:51,510 608  [main] INFO  com.trello.android.baseutil.BaseTest - Starting the Appium Server
2021-11-10 15:09:51,753 851  [main] INFO  com.trello.android.baseutil.BaseTest - Appium Server started
2021-11-10 15:09:51,754 852  [main] INFO  com.trello.android.baseutil.BaseTest - Appium Server URL: http://127.0.0.1:4723/wd/hub
2021-11-10 15:09:51,761 859  [main] INFO  com.trello.android.baseutil.BaseTest - Folder creation for Extent
2021-11-10 15:09:51,765 863  [main] INFO  com.trello.android.baseutil.BaseTest - ExtentDir:-C:\Users\Dell\Desktop\Ashish_Appium\TrelloMobile/reports/Automation Report- 11_10_2021_15_09_51
2021-11-10 15:09:52,051 1149 [main] INFO  com.trello.android.baseutil.BaseTest - Report Initiated
2021-11-10 15:09:52,052 1150 [main] INFO  com.trello.android.baseutil.BaseTest - Screenshot folder created
2021-11-10 15:10:19,090 28188 [main] INFO  com.trello.android.baseutil.BaseTest - Wait for visibility of login button
2021-11-10 15:10:29,906 39004 [main] INFO  com.trello.android.baseutil.BaseTest - Validate login button is clickable
2021-11-10 15:10:30,340 39438 [main] INFO  com.trello.android.baseutil.BaseTest - Clicked on : login button
2021-11-10 15:10:30,353 39451 [main] INFO  com.trello.android.baseutil.BaseTest - Wait for visibility of Email Textbox
2021-11-10 15:10:34,827 43925 [main] INFO  com.trello.android.baseutil.BaseTest - ashishpiplodiya3@gmail.com is entered into Email Textbox
2021-11-10 15:10:34,828 43926 [main] INFO  com.trello.android.baseutil.BaseTest - Wait for visibility of Sign In With Google Link
2021-11-10 15:10:36,063 45161 [main] INFO  com.trello.android.baseutil.BaseTest - Validate Sign In With Google Link is clickable
2021-11-10 15:10:36,605 45703 [main] INFO  com.trello.android.baseutil.BaseTest - Clicked on : Sign In With Google Link
2021-11-10 15:10:49,051 58149 [main] INFO  com.trello.android.baseutil.BaseTest - Wait for visibility of User Account
2021-11-10 15:10:49,177 58275 [main] INFO  com.trello.android.baseutil.BaseTest - Validate User Account is clickable
2021-11-10 15:10:49,311 58409 [main] INFO  com.trello.android.baseutil.BaseTest - Clicked on : User Account
2021-11-10 15:10:49,315 58413 [main] INFO  com.trello.android.baseutil.BaseTest - Wait for visibility of Plus Icon
2021-11-10 15:11:12,048 81146 [main] INFO  com.trello.android.baseutil.BaseTest - Validate Plus Icon is clickable
2021-11-10 15:11:12,621 81719 [main] INFO  com.trello.android.baseutil.BaseTest - Clicked on : Plus Icon
2021-11-10 15:11:12,622 81720 [main] INFO  com.trello.android.baseutil.BaseTest - Wait for visibility of Boards Icon
2021-11-10 15:11:13,696 82794 [main] INFO  com.trello.android.baseutil.BaseTest - Validate Boards Icon is clickable
2021-11-10 15:11:14,301 83399 [main] INFO  com.trello.android.baseutil.BaseTest - Clicked on : Boards Icon
2021-11-10 15:11:14,302 83400 [main] INFO  com.trello.android.baseutil.BaseTest - Wait for visibility of Board Name Textbox
2021-11-10 15:11:18,400 87498 [main] INFO  com.trello.android.baseutil.BaseTest - Trello_009 is entered into Board Name Textbox
2021-11-10 15:11:18,401 87499 [main] INFO  com.trello.android.baseutil.BaseTest - Wait for visibility of Confirm Tick Mark
2021-11-10 15:11:19,521 88619 [main] INFO  com.trello.android.baseutil.BaseTest - Validate Confirm Tick Mark is clickable
2021-11-10 15:11:19,859 88957 [main] INFO  com.trello.android.baseutil.BaseTest - Clicked on : Confirm Tick Mark
2021-11-10 15:11:19,860 88958 [main] INFO  com.trello.android.baseutil.BaseTest - Wait for visibility of Board Name Text
2021-11-10 15:11:22,728 91826 [main] INFO  com.trello.android.baseutil.BaseTest - Expected Board :Trello_009 Matched with Actual Board :Trello_009
2021-11-10 15:11:22,729 91827 [main] INFO  com.trello.android.baseutil.BaseTest - Wait for visibility of Add List Button
2021-11-10 15:11:23,161 92259 [main] INFO  com.trello.android.baseutil.BaseTest - Validate Add List Button is clickable
2021-11-10 15:11:23,618 92716 [main] INFO  com.trello.android.baseutil.BaseTest - Clicked on : Add List Button
2021-11-10 15:11:23,619 92717 [main] INFO  com.trello.android.baseutil.BaseTest - Wait for visibility of List Name TextBox
2021-11-10 15:11:26,859 95957 [main] INFO  com.trello.android.baseutil.BaseTest - To Do is entered into List Name TextBox
2021-11-10 15:11:26,860 95958 [main] INFO  com.trello.android.baseutil.BaseTest - Wait for visibility of Confirm Tick Mark
2021-11-10 15:11:27,939 97037 [main] INFO  com.trello.android.baseutil.BaseTest - Validate Confirm Tick Mark is clickable
2021-11-10 15:11:28,299 97397 [main] INFO  com.trello.android.baseutil.BaseTest - Clicked on : Confirm Tick Mark
2021-11-10 15:11:28,389 97487 [main] INFO  com.trello.android.baseutil.BaseTest - Wait for visibility of Board Name Text
2021-11-10 15:11:29,743 98841 [main] INFO  com.trello.android.baseutil.BaseTest - Expected List :To Do Matched with Actual List :To Do
2021-11-10 15:11:29,807 98905 [main] INFO  com.trello.android.baseutil.BaseTest - Wait for visibility of Add Card Button
2021-11-10 15:11:29,922 99020 [main] INFO  com.trello.android.baseutil.BaseTest - Validate Add Card Button is clickable
2021-11-10 15:11:30,016 99114 [main] INFO  com.trello.android.baseutil.BaseTest - Clicked on : Add Card Button
2021-11-10 15:11:31,638 100736 [main] INFO  com.trello.android.baseutil.BaseTest - Wait for visibility of Card Name TextBox
2021-11-10 15:11:32,842 101940 [main] INFO  com.trello.android.baseutil.BaseTest - Script distribution is entered into Card Name TextBox
2021-11-10 15:11:32,843 101941 [main] INFO  com.trello.android.baseutil.BaseTest - Wait for visibility of Confirm Tick Mark
2021-11-10 15:11:33,970 103068 [main] INFO  com.trello.android.baseutil.BaseTest - Validate Confirm Tick Mark is clickable
2021-11-10 15:11:34,377 103475 [main] INFO  com.trello.android.baseutil.BaseTest - Clicked on : Confirm Tick Mark
2021-11-10 15:11:37,490 106588 [main] INFO  com.trello.android.baseutil.BaseTest - Wait for visibility of Card Name Text
2021-11-10 15:11:37,656 106754 [main] INFO  com.trello.android.baseutil.BaseTest - Expected Card :Script distribution Matched with Actual Card :Script distribution
2021-11-10 15:11:37,656 106754 [main] INFO  com.trello.android.baseutil.BaseTest - Wait for visibility of Add List Button
2021-11-10 15:11:38,070 107168 [main] INFO  com.trello.android.baseutil.BaseTest - Validate Add List Button is clickable
2021-11-10 15:11:38,611 107709 [main] INFO  com.trello.android.baseutil.BaseTest - Clicked on : Add List Button
2021-11-10 15:11:38,612 107710 [main] INFO  com.trello.android.baseutil.BaseTest - Wait for visibility of List Name TextBox
2021-11-10 15:11:41,794 110892 [main] INFO  com.trello.android.baseutil.BaseTest - Doing is entered into List Name TextBox
2021-11-10 15:11:41,795 110893 [main] INFO  com.trello.android.baseutil.BaseTest - Wait for visibility of Confirm Tick Mark
2021-11-10 15:11:42,899 111997 [main] INFO  com.trello.android.baseutil.BaseTest - Validate Confirm Tick Mark is clickable
2021-11-10 15:11:43,270 112368 [main] INFO  com.trello.android.baseutil.BaseTest - Clicked on : Confirm Tick Mark
2021-11-10 15:11:44,789 113887 [main] INFO  com.trello.android.baseutil.BaseTest - Wait for visibility of Board Name Text
2021-11-10 15:11:44,976 114074 [main] INFO  com.trello.android.baseutil.BaseTest - Expected List :Doing Matched with Actual List :Doing
2021-11-10 15:11:45,075 114173 [main] INFO  com.trello.android.baseutil.BaseTest - Wait for visibility of Element To Drag
2021-11-10 15:11:45,243 114341 [main] INFO  com.trello.android.baseutil.BaseTest - Wait for visibility of Element To Drop
2021-11-10 15:11:54,114 123212 [main] INFO  com.trello.android.baseutil.BaseTest - Drag and Drop Completed
2021-11-10 15:11:54,682 123780 [main] INFO  com.trello.android.baseutil.BaseTest - Wait for visibility of List Name
2021-11-10 15:11:56,103 125201 [main] INFO  com.trello.android.baseutil.BaseTest - Drag Card : Script distribution And Drop To : Doing List Successfully
2021-11-10 15:11:57,374 126472 [main] INFO  com.trello.android.baseutil.BaseTest - Wait for visibility of List Actions
2021-11-10 15:11:57,493 126591 [main] INFO  com.trello.android.baseutil.BaseTest - Validate List Actions is clickable
2021-11-10 15:11:57,571 126669 [main] INFO  com.trello.android.baseutil.BaseTest - Clicked on : List Actions
2021-11-10 15:11:57,572 126670 [main] INFO  com.trello.android.baseutil.BaseTest - Wait for visibility of Archiev list Link
2021-11-10 15:11:59,014 128112 [main] INFO  com.trello.android.baseutil.BaseTest - Validate Archiev list Link is clickable
2021-11-10 15:11:59,531 128629 [main] INFO  com.trello.android.baseutil.BaseTest - Clicked on : Archiev list Link
2021-11-10 15:12:04,758 133856 [main] INFO  com.trello.android.baseutil.BaseTest - DoingList Archieved Successfully
2021-11-10 15:12:04,759 133857 [main] INFO  com.trello.android.baseutil.BaseTest - Wait for visibility of List Actions Board
2021-11-10 15:12:05,564 134662 [main] INFO  com.trello.android.baseutil.BaseTest - Validate List Actions Board is clickable
2021-11-10 15:12:05,981 135079 [main] INFO  com.trello.android.baseutil.BaseTest - Clicked on : List Actions Board
2021-11-10 15:12:05,982 135080 [main] INFO  com.trello.android.baseutil.BaseTest - Wait for visibility of Archieved list
2021-11-10 15:12:07,280 136378 [main] INFO  com.trello.android.baseutil.BaseTest - Validate Archieved list is clickable
2021-11-10 15:12:07,892 136990 [main] INFO  com.trello.android.baseutil.BaseTest - Clicked on : Archieved list
2021-11-10 15:12:08,840 137938 [main] INFO  com.trello.android.baseutil.BaseTest - Wait for visibility of List Under Archieved List
2021-11-10 15:12:10,694 139792 [main] INFO  com.trello.android.baseutil.BaseTest - Validate List Under Archieved List is clickable
2021-11-10 15:12:11,503 140601 [main] INFO  com.trello.android.baseutil.BaseTest - Clicked on : List Under Archieved List
2021-11-10 15:12:11,504 140602 [main] INFO  com.trello.android.baseutil.BaseTest - Wait for visibility of Send to Boards Link
2021-11-10 15:12:12,295 141393 [main] INFO  com.trello.android.baseutil.BaseTest - Validate Send to Boards Link is clickable
2021-11-10 15:12:12,706 141804 [main] INFO  com.trello.android.baseutil.BaseTest - Clicked on : Send to Boards Link
2021-11-10 15:12:12,707 141805 [main] INFO  com.trello.android.baseutil.BaseTest - Wait for visibility of Back Button
2021-11-10 15:12:15,077 144175 [main] INFO  com.trello.android.baseutil.BaseTest - Validate Back Button is clickable
2021-11-10 15:12:15,725 144823 [main] INFO  com.trello.android.baseutil.BaseTest - Clicked on : Back Button
2021-11-10 15:12:15,726 144824 [main] INFO  com.trello.android.baseutil.BaseTest - Wait for visibility of Menu Icon
2021-11-10 15:12:24,392 153490 [main] INFO  com.trello.android.baseutil.BaseTest - Validate Menu Icon is clickable
2021-11-10 15:12:25,032 154130 [main] INFO  com.trello.android.baseutil.BaseTest - Clicked on : Menu Icon
2021-11-10 15:12:25,033 154131 [main] INFO  com.trello.android.baseutil.BaseTest - Scroll till the Settings Link
2021-11-10 15:12:26,145 155243 [main] INFO  com.trello.android.baseutil.BaseTest - Scroll till the Settings Link completed
2021-11-10 15:12:26,146 155244 [main] INFO  com.trello.android.baseutil.BaseTest - Wait for visibility of Settings Link
2021-11-10 15:12:26,769 155867 [main] INFO  com.trello.android.baseutil.BaseTest - Validate Settings Link is clickable
2021-11-10 15:12:27,579 156677 [main] INFO  com.trello.android.baseutil.BaseTest - Clicked on : Settings Link
2021-11-10 15:12:27,580 156678 [main] INFO  com.trello.android.baseutil.BaseTest - Scroll till the Settings Link
2021-11-10 15:12:34,519 163617 [main] INFO  com.trello.android.baseutil.BaseTest - Scroll till the Settings Link completed
2021-11-10 15:12:34,520 163618 [main] INFO  com.trello.android.baseutil.BaseTest - Wait for visibility of logout Link
2021-11-10 15:12:35,035 164133 [main] INFO  com.trello.android.baseutil.BaseTest - Validate logout Link is clickable
2021-11-10 15:12:36,068 165166 [main] INFO  com.trello.android.baseutil.BaseTest - Clicked on : logout Link
2021-11-10 15:12:36,068 165166 [main] INFO  com.trello.android.baseutil.BaseTest - Validate Login Button is displayed
2021-11-10 15:12:38,684 167782 [main] INFO  com.trello.android.baseutil.BaseTest - Login Button is displayed
2021-11-10 15:13:03,460 192558 [main] INFO  com.trello.android.baseutil.BaseTest - Wait for visibility of login button
2021-11-10 15:13:17,599 206697 [main] INFO  com.trello.android.baseutil.BaseTest - Validate login button is clickable
2021-11-10 15:13:18,078 207176 [main] INFO  com.trello.android.baseutil.BaseTest - Clicked on : login button
2021-11-10 15:13:18,078 207176 [main] INFO  com.trello.android.baseutil.BaseTest - Wait for visibility of Email Textbox
2021-11-10 15:13:22,062 211160 [main] INFO  com.trello.android.baseutil.BaseTest - ashishpiplodiya3@gmail.com is entered into Email Textbox
2021-11-10 15:13:22,065 211163 [main] INFO  com.trello.android.baseutil.BaseTest - Wait for visibility of Sign In With Google Link
2021-11-10 15:13:23,297 212395 [main] INFO  com.trello.android.baseutil.BaseTest - Validate Sign In With Google Link is clickable
2021-11-10 15:13:23,818 212916 [main] INFO  com.trello.android.baseutil.BaseTest - Clicked on : Sign In With Google Link
2021-11-10 15:13:36,191 225289 [main] INFO  com.trello.android.baseutil.BaseTest - Wait for visibility of User Account
2021-11-10 15:13:36,290 225388 [main] INFO  com.trello.android.baseutil.BaseTest - Validate User Account is clickable
2021-11-10 15:13:36,377 225475 [main] INFO  com.trello.android.baseutil.BaseTest - Clicked on : User Account
2021-11-10 15:13:36,378 225476 [main] INFO  com.trello.android.baseutil.BaseTest - Wait for visibility of Plus Icon
2021-11-10 15:14:12,315 261413 [main] INFO  com.trello.android.baseutil.BaseTest - Validate Plus Icon is clickable
2021-11-10 15:14:13,004 262102 [main] INFO  com.trello.android.baseutil.BaseTest - Clicked on : Plus Icon
2021-11-10 15:14:13,005 262103 [main] INFO  com.trello.android.baseutil.BaseTest - Wait for visibility of Boards Icon
2021-11-10 15:14:14,070 263168 [main] INFO  com.trello.android.baseutil.BaseTest - Validate Boards Icon is clickable
2021-11-10 15:14:14,792 263890 [main] INFO  com.trello.android.baseutil.BaseTest - Clicked on : Boards Icon
2021-11-10 15:14:14,793 263891 [main] INFO  com.trello.android.baseutil.BaseTest - Wait for visibility of Board Name Textbox
2021-11-10 15:14:18,857 267955 [main] INFO  com.trello.android.baseutil.BaseTest - Trello_010 is entered into Board Name Textbox
2021-11-10 15:14:18,858 267956 [main] INFO  com.trello.android.baseutil.BaseTest - Wait for visibility of Confirm Tick Mark
2021-11-10 15:14:20,045 269143 [main] INFO  com.trello.android.baseutil.BaseTest - Validate Confirm Tick Mark is clickable
2021-11-10 15:14:20,508 269606 [main] INFO  com.trello.android.baseutil.BaseTest - Clicked on : Confirm Tick Mark
2021-11-10 15:14:20,508 269606 [main] INFO  com.trello.android.baseutil.BaseTest - Wait for visibility of Board Name Text
2021-11-10 15:14:23,428 272526 [main] INFO  com.trello.android.baseutil.BaseTest - Expected Board :Trello_010 Matched with Actual Board :Trello_010
2021-11-10 15:14:23,428 272526 [main] INFO  com.trello.android.baseutil.BaseTest - Wait for visibility of Add List Button
2021-11-10 15:14:23,735 272833 [main] INFO  com.trello.android.baseutil.BaseTest - Validate Add List Button is clickable
2021-11-10 15:14:24,256 273354 [main] INFO  com.trello.android.baseutil.BaseTest - Clicked on : Add List Button
2021-11-10 15:14:24,257 273355 [main] INFO  com.trello.android.baseutil.BaseTest - Wait for visibility of List Name TextBox
2021-11-10 15:14:27,616 276714 [main] INFO  com.trello.android.baseutil.BaseTest - To Do is entered into List Name TextBox
2021-11-10 15:14:27,616 276714 [main] INFO  com.trello.android.baseutil.BaseTest - Wait for visibility of Confirm Tick Mark
2021-11-10 15:14:28,747 277845 [main] INFO  com.trello.android.baseutil.BaseTest - Validate Confirm Tick Mark is clickable
2021-11-10 15:14:29,100 278198 [main] INFO  com.trello.android.baseutil.BaseTest - Clicked on : Confirm Tick Mark
2021-11-10 15:14:29,187 278285 [main] INFO  com.trello.android.baseutil.BaseTest - Wait for visibility of Board Name Text
2021-11-10 15:14:30,816 279914 [main] INFO  com.trello.android.baseutil.BaseTest - Expected List :To Do Matched with Actual List :To Do
2021-11-10 15:14:30,889 279987 [main] INFO  com.trello.android.baseutil.BaseTest - Wait for visibility of Add Card Button
2021-11-10 15:14:31,049 280147 [main] INFO  com.trello.android.baseutil.BaseTest - Validate Add Card Button is clickable
2021-11-10 15:14:31,141 280239 [main] INFO  com.trello.android.baseutil.BaseTest - Clicked on : Add Card Button
2021-11-10 15:14:32,737 281835 [main] INFO  com.trello.android.baseutil.BaseTest - Wait for visibility of Card Name TextBox
2021-11-10 15:14:34,048 283146 [main] INFO  com.trello.android.baseutil.BaseTest - Script distribution is entered into Card Name TextBox
2021-11-10 15:14:34,048 283146 [main] INFO  com.trello.android.baseutil.BaseTest - Wait for visibility of Confirm Tick Mark
2021-11-10 15:14:35,162 284260 [main] INFO  com.trello.android.baseutil.BaseTest - Validate Confirm Tick Mark is clickable
2021-11-10 15:14:35,529 284627 [main] INFO  com.trello.android.baseutil.BaseTest - Clicked on : Confirm Tick Mark
2021-11-10 15:14:38,654 287752 [main] INFO  com.trello.android.baseutil.BaseTest - Wait for visibility of Card Name Text
2021-11-10 15:14:38,838 287936 [main] INFO  com.trello.android.baseutil.BaseTest - Expected Card :Script distribution Matched with Actual Card :Script distribution
2021-11-10 15:14:38,936 288034 [main] INFO  com.trello.android.baseutil.BaseTest - Wait for visibility of Card Name
2021-11-10 15:14:39,096 288194 [main] INFO  com.trello.android.baseutil.BaseTest - Validate Card Name  is clickable
2021-11-10 15:14:39,206 288304 [main] INFO  com.trello.android.baseutil.BaseTest - Clicked on : Card Name 
2021-11-10 15:14:40,470 289568 [main] INFO  com.trello.android.baseutil.BaseTest - Wait for visibility of Add Checklist Button
2021-11-10 15:14:41,875 290973 [main] INFO  com.trello.android.baseutil.BaseTest - Validate Add Checklist Button is clickable
2021-11-10 15:14:42,359 291457 [main] INFO  com.trello.android.baseutil.BaseTest - Clicked on : Add Checklist Button
2021-11-10 15:14:42,360 291458 [main] INFO  com.trello.android.baseutil.BaseTest - Wait for visibility of Add Item Text Field
2021-11-10 15:14:46,818 295916 [main] INFO  com.trello.android.baseutil.BaseTest - Trello Project is entered into Add Item Text Field
2021-11-10 15:14:46,819 295917 [main] INFO  com.trello.android.baseutil.BaseTest - Wait for visibility of Accept Icon
2021-11-10 15:14:48,033 297131 [main] INFO  com.trello.android.baseutil.BaseTest - Validate Accept Icon is clickable
2021-11-10 15:14:48,545 297643 [main] INFO  com.trello.android.baseutil.BaseTest - Clicked on : Accept Icon
2021-11-10 15:14:48,546 297644 [main] INFO  com.trello.android.baseutil.BaseTest - Wait for visibility of Reject Icon
2021-11-10 15:14:50,601 299699 [main] INFO  com.trello.android.baseutil.BaseTest - Validate Reject Icon is clickable
2021-11-10 15:14:51,086 300184 [main] INFO  com.trello.android.baseutil.BaseTest - Clicked on : Reject Icon
2021-11-10 15:14:51,087 300185 [main] INFO  com.trello.android.baseutil.BaseTest - Wait for visibility of Close Icon
2021-11-10 15:14:52,781 301879 [main] INFO  com.trello.android.baseutil.BaseTest - Validate Close Icon is clickable
2021-11-10 15:14:53,328 302426 [main] INFO  com.trello.android.baseutil.BaseTest - Clicked on : Close Icon
2021-11-10 15:14:53,329 302427 [main] INFO  com.trello.android.baseutil.BaseTest - Wait for visibility of Add List Button
2021-11-10 15:14:54,214 303312 [main] INFO  com.trello.android.baseutil.BaseTest - Validate Add List Button is clickable
2021-11-10 15:14:54,756 303854 [main] INFO  com.trello.android.baseutil.BaseTest - Clicked on : Add List Button
2021-11-10 15:14:54,756 303854 [main] INFO  com.trello.android.baseutil.BaseTest - Wait for visibility of List Name TextBox
2021-11-10 15:14:58,544 307642 [main] INFO  com.trello.android.baseutil.BaseTest - Doing is entered into List Name TextBox
2021-11-10 15:14:58,545 307643 [main] INFO  com.trello.android.baseutil.BaseTest - Wait for visibility of Confirm Tick Mark
2021-11-10 15:14:59,709 308807 [main] INFO  com.trello.android.baseutil.BaseTest - Validate Confirm Tick Mark is clickable
2021-11-10 15:15:00,091 309189 [main] INFO  com.trello.android.baseutil.BaseTest - Clicked on : Confirm Tick Mark
2021-11-10 15:15:00,191 309289 [main] INFO  com.trello.android.baseutil.BaseTest - Wait for visibility of Board Name Text
2021-11-10 15:15:01,706 310804 [main] INFO  com.trello.android.baseutil.BaseTest - Expected List :Doing Matched with Actual List :Doing
2021-11-10 15:15:01,707 310805 [main] INFO  com.trello.android.baseutil.BaseTest - Wait for visibility of Add List Button
2021-11-10 15:15:02,094 311192 [main] INFO  com.trello.android.baseutil.BaseTest - Validate Add List Button is clickable
2021-11-10 15:15:02,696 311794 [main] INFO  com.trello.android.baseutil.BaseTest - Clicked on : Add List Button
2021-11-10 15:15:02,696 311794 [main] INFO  com.trello.android.baseutil.BaseTest - Wait for visibility of List Name TextBox
2021-11-10 15:15:05,861 314959 [main] INFO  com.trello.android.baseutil.BaseTest - Done is entered into List Name TextBox
2021-11-10 15:15:05,862 314960 [main] INFO  com.trello.android.baseutil.BaseTest - Wait for visibility of Confirm Tick Mark
2021-11-10 15:15:07,180 316278 [main] INFO  com.trello.android.baseutil.BaseTest - Validate Confirm Tick Mark is clickable
2021-11-10 15:15:07,581 316679 [main] INFO  com.trello.android.baseutil.BaseTest - Clicked on : Confirm Tick Mark
2021-11-10 15:15:07,705 316803 [main] INFO  com.trello.android.baseutil.BaseTest - Wait for visibility of Board Name Text
2021-11-10 15:15:09,208 318306 [main] INFO  com.trello.android.baseutil.BaseTest - Expected List :Done Matched with Actual List :Done
2021-11-10 15:15:09,209 318307 [main] INFO  com.trello.android.baseutil.BaseTest - Wait for visibility of List Actions Board
2021-11-10 15:15:09,520 318618 [main] INFO  com.trello.android.baseutil.BaseTest - Validate List Actions Board is clickable
2021-11-10 15:15:09,870 318968 [main] INFO  com.trello.android.baseutil.BaseTest - Clicked on : List Actions Board
2021-11-10 15:15:09,871 318969 [main] INFO  com.trello.android.baseutil.BaseTest - Wait for visibility of Star Board Button
2021-11-10 15:15:11,247 320345 [main] INFO  com.trello.android.baseutil.BaseTest - Validate Star Board Button is clickable
2021-11-10 15:15:12,016 321114 [main] INFO  com.trello.android.baseutil.BaseTest - Clicked on : Star Board Button
2021-11-10 15:15:12,017 321115 [main] INFO  com.trello.android.baseutil.BaseTest - Wait for visibility of Boards Settings
2021-11-10 15:15:13,019 322117 [main] INFO  com.trello.android.baseutil.BaseTest - Validate Boards Settings is clickable
2021-11-10 15:15:13,606 322704 [main] INFO  com.trello.android.baseutil.BaseTest - Clicked on : Boards Settings
2021-11-10 15:15:13,607 322705 [main] INFO  com.trello.android.baseutil.BaseTest - Scroll till the Close Boards
2021-11-10 15:15:18,531 327629 [main] INFO  com.trello.android.baseutil.BaseTest - Scroll till the Close Boards completed
2021-11-10 15:15:18,532 327630 [main] INFO  com.trello.android.baseutil.BaseTest - Wait for visibility of Close Boards
2021-11-10 15:15:19,754 328852 [main] INFO  com.trello.android.baseutil.BaseTest - Validate Close Boards is clickable
2021-11-10 15:15:20,665 329763 [main] INFO  com.trello.android.baseutil.BaseTest - Clicked on : Close Boards
2021-11-10 15:15:21,902 331000 [main] INFO  com.trello.android.baseutil.BaseTest - Wait for visibility of This board is closed text
2021-11-10 15:15:22,031 331129 [main] INFO  com.trello.android.baseutil.BaseTest - Validate This board is closed text is displayed
2021-11-10 15:15:22,067 331165 [main] INFO  com.trello.android.baseutil.BaseTest - This board is closed text is displayed
2021-11-10 15:15:22,068 331166 [main] INFO  com.trello.android.baseutil.BaseTest - Wait for visibility of Menu Icon
2021-11-10 15:15:31,209 340307 [main] INFO  com.trello.android.baseutil.BaseTest - Validate Menu Icon is clickable
2021-11-10 15:15:31,662 340760 [main] INFO  com.trello.android.baseutil.BaseTest - Clicked on : Menu Icon
2021-11-10 15:15:31,662 340760 [main] INFO  com.trello.android.baseutil.BaseTest - Scroll till the Settings Link
2021-11-10 15:15:32,748 341846 [main] INFO  com.trello.android.baseutil.BaseTest - Scroll till the Settings Link completed
2021-11-10 15:15:32,749 341847 [main] INFO  com.trello.android.baseutil.BaseTest - Wait for visibility of Settings Link
2021-11-10 15:15:33,394 342492 [main] INFO  com.trello.android.baseutil.BaseTest - Validate Settings Link is clickable
2021-11-10 15:15:34,235 343333 [main] INFO  com.trello.android.baseutil.BaseTest - Clicked on : Settings Link
2021-11-10 15:15:34,236 343334 [main] INFO  com.trello.android.baseutil.BaseTest - Scroll till the Settings Link
2021-11-10 15:15:41,081 350179 [main] INFO  com.trello.android.baseutil.BaseTest - Scroll till the Settings Link completed
2021-11-10 15:15:41,081 350179 [main] INFO  com.trello.android.baseutil.BaseTest - Wait for visibility of logout Link
2021-11-10 15:15:41,626 350724 [main] INFO  com.trello.android.baseutil.BaseTest - Validate logout Link is clickable
2021-11-10 15:15:42,294 351392 [main] INFO  com.trello.android.baseutil.BaseTest - Clicked on : logout Link
2021-11-10 15:15:42,295 351393 [main] INFO  com.trello.android.baseutil.BaseTest - Validate Login Button is displayed
2021-11-10 15:15:54,043 363141 [main] INFO  com.trello.android.baseutil.BaseTest - Login Button is displayed
2021-11-10 15:15:56,734 365832 [main] INFO  com.trello.android.baseutil.BaseTest - Appium server stopped
